WARN (Python): the desired lenght is zero, will work as if non-cascaded (TAXIArtifactRemover.py:102 in GetCascadeReshaped)
ERROR (I3Module): ArtifactRemover: Exception thrown (I3Module.cxx:140 in void I3Module::Do(void (I3Module::*)()))
NOTICE (I3Tray): I3Tray finishing... (I3Tray.cxx:526 in void I3Tray::Execute(bool, unsigned int))
WARN (Python): the desired lenght is zero, will work as if non-cascaded (TAXIArtifactRemover.py:102 in GetCascadeReshaped)
ERROR (I3Module): ArtifactRemover: Exception thrown (I3Module.cxx:140 in void I3Module::Do(void (I3Module::*)()))
NOTICE (I3Tray): I3Tray finishing... (I3Tray.cxx:526 in void I3Tray::Execute(bool, unsigned int))
NOTICE (I3Tray): I3Tray finishing... (I3Tray.cxx:526 in void I3Tray::Execute(bool, unsigned int))
NOTICE (I3Tray): I3Tray finishing... (I3Tray.cxx:526 in void I3Tray::Execute(bool, unsigned int))
NOTICE (I3Tray): I3Tray finishing... (I3Tray.cxx:526 in void I3Tray::Execute(bool, unsigned int))
NOTICE (I3Tray): I3Tray finishing... (I3Tray.cxx:526 in void I3Tray::Execute(bool, unsigned int))
NOTICE (I3Tray): I3Tray finishing... (I3Tray.cxx:526 in void I3Tray::Execute(bool, unsigned int))
NOTICE (I3Tray): I3Tray finishing... (I3Tray.cxx:526 in void I3Tray::Execute(bool, unsigned int))
NOTICE (I3Tray): I3Tray finishing... (I3Tray.cxx:526 in void I3Tray::Execute(bool, unsigned int))
NOTICE (I3Tray): I3Tray finishing... (I3Tray.cxx:526 in void I3Tray::Execute(bool, unsigned int))
NOTICE (I3Tray): I3Tray finishing... (I3Tray.cxx:526 in void I3Tray::Execute(bool, unsigned int))
NOTICE (I3Tray): I3Tray finishing... (I3Tray.cxx:526 in void I3Tray::Execute(bool, unsigned int))
NOTICE (I3Tray): I3Tray finishing... (I3Tray.cxx:526 in void I3Tray::Execute(bool, unsigned int))
NOTICE (I3Tray): I3Tray finishing... (I3Tray.cxx:526 in void I3Tray::Execute(bool, unsigned int))
NOTICE (I3Tray): I3Tray finishing... (I3Tray.cxx:526 in void I3Tray::Execute(bool, unsigned int))
NOTICE (I3Tray): I3Tray finishing... (I3Tray.cxx:526 in void I3Tray::Execute(bool, unsigned int))
NOTICE (I3Tray): I3Tray finishing... (I3Tray.cxx:526 in void I3Tray::Execute(bool, unsigned int))
NOTICE (I3Tray): I3Tray finishing... (I3Tray.cxx:526 in void I3Tray::Execute(bool, unsigned int))
NOTICE (I3Tray): I3Tray finishing... (I3Tray.cxx:526 in void I3Tray::Execute(bool, unsigned int))
NOTICE (I3Tray): I3Tray finishing... (I3Tray.cxx:526 in void I3Tray::Execute(bool, unsigned int))
NOTICE (I3Tray): I3Tray finishing... (I3Tray.cxx:526 in void I3Tray::Execute(bool, unsigned int))
NOTICE (I3Tray): I3Tray finishing... (I3Tray.cxx:526 in void I3Tray::Execute(bool, unsigned int))
NOTICE (I3Tray): I3Tray finishing... (I3Tray.cxx:526 in void I3Tray::Execute(bool, unsigned int))
NOTICE (I3Tray): I3Tray finishing... (I3Tray.cxx:526 in void I3Tray::Execute(bool, unsigned int))
NOTICE (I3Tray): I3Tray finishing... (I3Tray.cxx:526 in void I3Tray::Execute(bool, unsigned int))
NOTICE (I3Tray): I3Tray finishing... (I3Tray.cxx:526 in void I3Tray::Execute(bool, unsigned int))
NOTICE (I3Tray): I3Tray finishing... (I3Tray.cxx:526 in void I3Tray::Execute(bool, unsigned int))
NOTICE (I3Tray): I3Tray finishing... (I3Tray.cxx:526 in void I3Tray::Execute(bool, unsigned int))
NOTICE (I3Tray): I3Tray finishing... (I3Tray.cxx:526 in void I3Tray::Execute(bool, unsigned int))
NOTICE (I3Tray): I3Tray finishing... (I3Tray.cxx:526 in void I3Tray::Execute(bool, unsigned int))
NOTICE (I3Tray): I3Tray finishing... (I3Tray.cxx:526 in void I3Tray::Execute(bool, unsigned int))
NOTICE (I3Tray): I3Tray finishing... (I3Tray.cxx:526 in void I3Tray::Execute(bool, unsigned int))
NOTICE (I3Tray): I3Tray finishing... (I3Tray.cxx:526 in void I3Tray::Execute(bool, unsigned int))
NOTICE (I3Tray): I3Tray finishing... (I3Tray.cxx:526 in void I3Tray::Execute(bool, unsigned int))
NOTICE (I3Tray): I3Tray finishing... (I3Tray.cxx:526 in void I3Tray::Execute(bool, unsigned int))
NOTICE (I3Tray): I3Tray finishing... (I3Tray.cxx:526 in void I3Tray::Execute(bool, unsigned int))
NOTICE (I3Tray): I3Tray finishing... (I3Tray.cxx:526 in void I3Tray::Execute(bool, unsigned int))
NOTICE (I3Tray): I3Tray finishing... (I3Tray.cxx:526 in void I3Tray::Execute(bool, unsigned int))
NOTICE (I3Tray): I3Tray finishing... (I3Tray.cxx:526 in void I3Tray::Execute(bool, unsigned int))
NOTICE (I3Tray): I3Tray finishing... (I3Tray.cxx:526 in void I3Tray::Execute(bool, unsigned int))
NOTICE (I3Tray): I3Tray finishing... (I3Tray.cxx:526 in void I3Tray::Execute(bool, unsigned int))
NOTICE (I3Tray): I3Tray finishing... (I3Tray.cxx:526 in void I3Tray::Execute(bool, unsigned int))
NOTICE (I3Tray): I3Tray finishing... (I3Tray.cxx:526 in void I3Tray::Execute(bool, unsigned int))
NOTICE (I3Tray): I3Tray finishing... (I3Tray.cxx:526 in void I3Tray::Execute(bool, unsigned int))
NOTICE (I3Tray): I3Tray finishing... (I3Tray.cxx:526 in void I3Tray::Execute(bool, unsigned int))
NOTICE (I3Tray): I3Tray finishing... (I3Tray.cxx:526 in void I3Tray::Execute(bool, unsigned int))
NOTICE (I3Tray): I3Tray finishing... (I3Tray.cxx:526 in void I3Tray::Execute(bool, unsigned int))
NOTICE (I3Tray): I3Tray finishing... (I3Tray.cxx:526 in void I3Tray::Execute(bool, unsigned int))
NOTICE (I3Tray): I3Tray finishing... (I3Tray.cxx:526 in void I3Tray::Execute(bool, unsigned int))
NOTICE (I3Tray): I3Tray finishing... (I3Tray.cxx:526 in void I3Tray::Execute(bool, unsigned int))
NOTICE (I3Tray): I3Tray finishing... (I3Tray.cxx:526 in void I3Tray::Execute(bool, unsigned int))
NOTICE (I3Tray): I3Tray finishing... (I3Tray.cxx:526 in void I3Tray::Execute(bool, unsigned int))
NOTICE (I3Tray): I3Tray finishing... (I3Tray.cxx:526 in void I3Tray::Execute(bool, unsigned int))
NOTICE (I3Tray): I3Tray finishing... (I3Tray.cxx:526 in void I3Tray::Execute(bool, unsigned int))
NOTICE (I3Tray): I3Tray finishing... (I3Tray.cxx:526 in void I3Tray::Execute(bool, unsigned int))
NOTICE (I3Tray): I3Tray finishing... (I3Tray.cxx:526 in void I3Tray::Execute(bool, unsigned int))
NOTICE (I3Tray): I3Tray finishing... (I3Tray.cxx:526 in void I3Tray::Execute(bool, unsigned int))
NOTICE (I3Tray): I3Tray finishing... (I3Tray.cxx:526 in void I3Tray::Execute(bool, unsigned int))
NOTICE (I3Tray): I3Tray finishing... (I3Tray.cxx:526 in void I3Tray::Execute(bool, unsigned int))
NOTICE (I3Tray): I3Tray finishing... (I3Tray.cxx:526 in void I3Tray::Execute(bool, unsigned int))
NOTICE (I3Tray): I3Tray finishing... (I3Tray.cxx:526 in void I3Tray::Execute(bool, unsigned int))
NOTICE (I3Tray): I3Tray finishing... (I3Tray.cxx:526 in void I3Tray::Execute(bool, unsigned int))
NOTICE (I3Tray): I3Tray finishing... (I3Tray.cxx:526 in void I3Tray::Execute(bool, unsigned int))
NOTICE (I3Tray): I3Tray finishing... (I3Tray.cxx:526 in void I3Tray::Execute(bool, unsigned int))
NOTICE (I3Tray): I3Tray finishing... (I3Tray.cxx:526 in void I3Tray::Execute(bool, unsigned int))
NOTICE (I3Tray): I3Tray finishing... (I3Tray.cxx:526 in void I3Tray::Execute(bool, unsigned int))
NOTICE (I3Tray): I3Tray finishing... (I3Tray.cxx:526 in void I3Tray::Execute(bool, unsigned int))
NOTICE (I3Tray): I3Tray finishing... (I3Tray.cxx:526 in void I3Tray::Execute(bool, unsigned int))
NOTICE (I3Tray): I3Tray finishing... (I3Tray.cxx:526 in void I3Tray::Execute(bool, unsigned int))
NOTICE (I3Tray): I3Tray finishing... (I3Tray.cxx:526 in void I3Tray::Execute(bool, unsigned int))
NOTICE (I3Tray): I3Tray finishing... (I3Tray.cxx:526 in void I3Tray::Execute(bool, unsigned int))
NOTICE (I3Tray): I3Tray finishing... (I3Tray.cxx:526 in void I3Tray::Execute(bool, unsigned int))
NOTICE (I3Tray): I3Tray finishing... (I3Tray.cxx:526 in void I3Tray::Execute(bool, unsigned int))
NOTICE (I3Tray): I3Tray finishing... (I3Tray.cxx:526 in void I3Tray::Execute(bool, unsigned int))
NOTICE (I3Tray): I3Tray finishing... (I3Tray.cxx:526 in void I3Tray::Execute(bool, unsigned int))
NOTICE (I3Tray): I3Tray finishing... (I3Tray.cxx:526 in void I3Tray::Execute(bool, unsigned int))
NOTICE (I3Tray): I3Tray finishing... (I3Tray.cxx:526 in void I3Tray::Execute(bool, unsigned int))
NOTICE (I3Tray): I3Tray finishing... (I3Tray.cxx:526 in void I3Tray::Execute(bool, unsigned int))
NOTICE (I3Tray): I3Tray finishing... (I3Tray.cxx:526 in void I3Tray::Execute(bool, unsigned int))
NOTICE (I3Tray): I3Tray finishing... (I3Tray.cxx:526 in void I3Tray::Execute(bool, unsigned int))
NOTICE (I3Tray): I3Tray finishing... (I3Tray.cxx:526 in void I3Tray::Execute(bool, unsigned int))
NOTICE (I3Tray): I3Tray finishing... (I3Tray.cxx:526 in void I3Tray::Execute(bool, unsigned int))
NOTICE (I3Tray): I3Tray finishing... (I3Tray.cxx:526 in void I3Tray::Execute(bool, unsigned int))
NOTICE (I3Tray): I3Tray finishing... (I3Tray.cxx:526 in void I3Tray::Execute(bool, unsigned int))
NOTICE (I3Tray): I3Tray finishing... (I3Tray.cxx:526 in void I3Tray::Execute(bool, unsigned int))
NOTICE (I3Tray): I3Tray finishing... (I3Tray.cxx:526 in void I3Tray::Execute(bool, unsigned int))
NOTICE (I3Tray): I3Tray finishing... (I3Tray.cxx:526 in void I3Tray::Execute(bool, unsigned int))
NOTICE (I3Tray): I3Tray finishing... (I3Tray.cxx:526 in void I3Tray::Execute(bool, unsigned int))
NOTICE (I3Tray): I3Tray finishing... (I3Tray.cxx:526 in void I3Tray::Execute(bool, unsigned int))
NOTICE (I3Tray): I3Tray finishing... (I3Tray.cxx:526 in void I3Tray::Execute(bool, unsigned int))
NOTICE (I3Tray): I3Tray finishing... (I3Tray.cxx:526 in void I3Tray::Execute(bool, unsigned int))
NOTICE (I3Tray): I3Tray finishing... (I3Tray.cxx:526 in void I3Tray::Execute(bool, unsigned int))
NOTICE (I3Tray): I3Tray finishing... (I3Tray.cxx:526 in void I3Tray::Execute(bool, unsigned int))
NOTICE (I3Tray): I3Tray finishing... (I3Tray.cxx:526 in void I3Tray::Execute(bool, unsigned int))
NOTICE (I3Tray): I3Tray finishing... (I3Tray.cxx:526 in void I3Tray::Execute(bool, unsigned int))
NOTICE (I3Tray): I3Tray finishing... (I3Tray.cxx:526 in void I3Tray::Execute(bool, unsigned int))
NOTICE (I3Tray): I3Tray finishing... (I3Tray.cxx:526 in void I3Tray::Execute(bool, unsigned int))
NOTICE (I3Tray): I3Tray finishing... (I3Tray.cxx:526 in void I3Tray::Execute(bool, unsigned int))
NOTICE (I3Tray): I3Tray finishing... (I3Tray.cxx:526 in void I3Tray::Execute(bool, unsigned int))
NOTICE (I3Tray): I3Tray finishing... (I3Tray.cxx:526 in void I3Tray::Execute(bool, unsigned int))
NOTICE (I3Tray): I3Tray finishing... (I3Tray.cxx:526 in void I3Tray::Execute(bool, unsigned int))
NOTICE (I3Tray): I3Tray finishing... (I3Tray.cxx:526 in void I3Tray::Execute(bool, unsigned int))
NOTICE (I3Tray): I3Tray finishing... (I3Tray.cxx:526 in void I3Tray::Execute(bool, unsigned int))
NOTICE (I3Tray): I3Tray finishing... (I3Tray.cxx:526 in void I3Tray::Execute(bool, unsigned int))
NOTICE (I3Tray): I3Tray finishing... (I3Tray.cxx:526 in void I3Tray::Execute(bool, unsigned int))
NOTICE (I3Tray): I3Tray finishing... (I3Tray.cxx:526 in void I3Tray::Execute(bool, unsigned int))
NOTICE (I3Tray): I3Tray finishing... (I3Tray.cxx:526 in void I3Tray::Execute(bool, unsigned int))
NOTICE (I3Tray): I3Tray finishing... (I3Tray.cxx:526 in void I3Tray::Execute(bool, unsigned int))
NOTICE (I3Tray): I3Tray finishing... (I3Tray.cxx:526 in void I3Tray::Execute(bool, unsigned int))
NOTICE (I3Tray): I3Tray finishing... (I3Tray.cxx:526 in void I3Tray::Execute(bool, unsigned int))
NOTICE (I3Tray): I3Tray finishing... (I3Tray.cxx:526 in void I3Tray::Execute(bool, unsigned int))
NOTICE (I3Tray): I3Tray finishing... (I3Tray.cxx:526 in void I3Tray::Execute(bool, unsigned int))
NOTICE (I3Tray): I3Tray finishing... (I3Tray.cxx:526 in void I3Tray::Execute(bool, unsigned int))
NOTICE (I3Tray): I3Tray finishing... (I3Tray.cxx:526 in void I3Tray::Execute(bool, unsigned int))
NOTICE (I3Tray): I3Tray finishing... (I3Tray.cxx:526 in void I3Tray::Execute(bool, unsigned int))
NOTICE (I3Tray): I3Tray finishing... (I3Tray.cxx:526 in void I3Tray::Execute(bool, unsigned int))
NOTICE (I3Tray): I3Tray finishing... (I3Tray.cxx:526 in void I3Tray::Execute(bool, unsigned int))
NOTICE (I3Tray): I3Tray finishing... (I3Tray.cxx:526 in void I3Tray::Execute(bool, unsigned int))
NOTICE (I3Tray): I3Tray finishing... (I3Tray.cxx:526 in void I3Tray::Execute(bool, unsigned int))
NOTICE (I3Tray): I3Tray finishing... (I3Tray.cxx:526 in void I3Tray::Execute(bool, unsigned int))
NOTICE (I3Tray): I3Tray finishing... (I3Tray.cxx:526 in void I3Tray::Execute(bool, unsigned int))
NOTICE (I3Tray): I3Tray finishing... (I3Tray.cxx:526 in void I3Tray::Execute(bool, unsigned int))
NOTICE (I3Tray): I3Tray finishing... (I3Tray.cxx:526 in void I3Tray::Execute(bool, unsigned int))
NOTICE (I3Tray): I3Tray finishing... (I3Tray.cxx:526 in void I3Tray::Execute(bool, unsigned int))
NOTICE (I3Tray): I3Tray finishing... (I3Tray.cxx:526 in void I3Tray::Execute(bool, unsigned int))
NOTICE (I3Tray): I3Tray finishing... (I3Tray.cxx:526 in void I3Tray::Execute(bool, unsigned int))
NOTICE (I3Tray): I3Tray finishing... (I3Tray.cxx:526 in void I3Tray::Execute(bool, unsigned int))
NOTICE (I3Tray): I3Tray finishing... (I3Tray.cxx:526 in void I3Tray::Execute(bool, unsigned int))
NOTICE (I3Tray): I3Tray finishing... (I3Tray.cxx:526 in void I3Tray::Execute(bool, unsigned int))
NOTICE (I3Tray): I3Tray finishing... (I3Tray.cxx:526 in void I3Tray::Execute(bool, unsigned int))
NOTICE (I3Tray): I3Tray finishing... (I3Tray.cxx:526 in void I3Tray::Execute(bool, unsigned int))
NOTICE (I3Tray): I3Tray finishing... (I3Tray.cxx:526 in void I3Tray::Execute(bool, unsigned int))
NOTICE (I3Tray): I3Tray finishing... (I3Tray.cxx:526 in void I3Tray::Execute(bool, unsigned int))
NOTICE (I3Tray): I3Tray finishing... (I3Tray.cxx:526 in void I3Tray::Execute(bool, unsigned int))
NOTICE (I3Tray): I3Tray finishing... (I3Tray.cxx:526 in void I3Tray::Execute(bool, unsigned int))
NOTICE (I3Tray): I3Tray finishing... (I3Tray.cxx:526 in void I3Tray::Execute(bool, unsigned int))
NOTICE (I3Tray): I3Tray finishing... (I3Tray.cxx:526 in void I3Tray::Execute(bool, unsigned int))
NOTICE (I3Tray): I3Tray finishing... (I3Tray.cxx:526 in void I3Tray::Execute(bool, unsigned int))
NOTICE (I3Tray): I3Tray finishing... (I3Tray.cxx:526 in void I3Tray::Execute(bool, unsigned int))
NOTICE (I3Tray): I3Tray finishing... (I3Tray.cxx:526 in void I3Tray::Execute(bool, unsigned int))
NOTICE (I3Tray): I3Tray finishing... (I3Tray.cxx:526 in void I3Tray::Execute(bool, unsigned int))
NOTICE (I3Tray): I3Tray finishing... (I3Tray.cxx:526 in void I3Tray::Execute(bool, unsigned int))
NOTICE (I3Tray): I3Tray finishing... (I3Tray.cxx:526 in void I3Tray::Execute(bool, unsigned int))
NOTICE (I3Tray): I3Tray finishing... (I3Tray.cxx:526 in void I3Tray::Execute(bool, unsigned int))
NOTICE (I3Tray): I3Tray finishing... (I3Tray.cxx:526 in void I3Tray::Execute(bool, unsigned int))
NOTICE (I3Tray): I3Tray finishing... (I3Tray.cxx:526 in void I3Tray::Execute(bool, unsigned int))
NOTICE (I3Tray): I3Tray finishing... (I3Tray.cxx:526 in void I3Tray::Execute(bool, unsigned int))
NOTICE (I3Tray): I3Tray finishing... (I3Tray.cxx:526 in void I3Tray::Execute(bool, unsigned int))
NOTICE (I3Tray): I3Tray finishing... (I3Tray.cxx:526 in void I3Tray::Execute(bool, unsigned int))
NOTICE (I3Tray): I3Tray finishing... (I3Tray.cxx:526 in void I3Tray::Execute(bool, unsigned int))
NOTICE (I3Tray): I3Tray finishing... (I3Tray.cxx:526 in void I3Tray::Execute(bool, unsigned int))
Processing for 0 months and 29 days.
Found 153 files between 2024-02-10 and 2024-03-10
... I am starting
/mnt/lfs6/exp/IceCube/2024/unbiased/surface/V7_radio/radio_temp/i3_files/eventData_1707610208_2024-02-11_00-10-08_4095_0.i3.gz
... I am starting
-- File /mnt/lfs6/exp/IceCube/2024/unbiased/surface/V7_radio/radio_temp/i3_files/eventData_1707610208_2024-02-11_00-10-08_4095_000000.i3.gz done.
... I am starting
/mnt/lfs6/exp/IceCube/2024/unbiased/surface/V7_radio/radio_temp/i3_files/eventData_1707610208_2024-02-11_00-10-08_4095_139532.i3.gz
... I am starting
-- File /mnt/lfs6/exp/IceCube/2024/unbiased/surface/V7_radio/radio_temp/i3_files/eventData_1707696608_2024-02-12_00-10-08_4095_138965.i3.gz done.
... I am starting
-- File /mnt/lfs6/exp/IceCube/2024/unbiased/surface/V7_radio/radio_temp/i3_files/eventData_1707696608_2024-02-12_00-10-08_4095_138966.i3.gz done.
... I am starting
-- File /mnt/lfs6/exp/IceCube/2024/unbiased/surface/V7_radio/radio_temp/i3_files/eventData_1707696608_2024-02-12_00-10-08_4095_138967.i3.gz done.
... I am starting
-- File /mnt/lfs6/exp/IceCube/2024/unbiased/surface/V7_radio/radio_temp/i3_files/eventData_1707696608_2024-02-12_00-10-08_4095_138968.i3.gz done.
... I am starting
-- File /mnt/lfs6/exp/IceCube/2024/unbiased/surface/V7_radio/radio_temp/i3_files/eventData_1707783009_2024-02-13_00-10-09_4095_138968.i3.gz done.
... I am starting
-- File /mnt/lfs6/exp/IceCube/2024/unbiased/surface/V7_radio/radio_temp/i3_files/eventData_1707783009_2024-02-13_00-10-09_4095_138969.i3.gz done.
... I am starting
-- File /mnt/lfs6/exp/IceCube/2024/unbiased/surface/V7_radio/radio_temp/i3_files/eventData_1707783009_2024-02-13_00-10-09_4095_138970.i3.gz done.
... I am starting
-- File /mnt/lfs6/exp/IceCube/2024/unbiased/surface/V7_radio/radio_temp/i3_files/eventData_1707783009_2024-02-13_00-10-09_4095_138971.i3.gz done.
... I am starting
-- File /mnt/lfs6/exp/IceCube/2024/unbiased/surface/V7_radio/radio_temp/i3_files/eventData_1707783009_2024-02-13_00-10-09_4095_138972.i3.gz done.
... I am starting
-- File /mnt/lfs6/exp/IceCube/2024/unbiased/surface/V7_radio/radio_temp/i3_files/eventData_1707783009_2024-02-13_00-10-09_4095_138973.i3.gz done.
... I am starting
-- File /mnt/lfs6/exp/IceCube/2024/unbiased/surface/V7_radio/radio_temp/i3_files/eventData_1707869416_2024-02-14_00-10-16_4095_138974.i3.gz done.
... I am starting
-- File /mnt/lfs6/exp/IceCube/2024/unbiased/surface/V7_radio/radio_temp/i3_files/eventData_1707869416_2024-02-14_00-10-16_4095_138975.i3.gz done.
... I am starting
-- File /mnt/lfs6/exp/IceCube/2024/unbiased/surface/V7_radio/radio_temp/i3_files/eventData_1707869416_2024-02-14_00-10-16_4095_138988.i3.gz done.
... I am starting
-- File /mnt/lfs6/exp/IceCube/2024/unbiased/surface/V7_radio/radio_temp/i3_files/eventData_1707869416_2024-02-14_00-10-16_4095_138989.i3.gz done.
... I am starting
-- File /mnt/lfs6/exp/IceCube/2024/unbiased/surface/V7_radio/radio_temp/i3_files/eventData_1707869416_2024-02-14_00-10-16_4095_138990.i3.gz done.
... I am starting
-- File /mnt/lfs6/exp/IceCube/2024/unbiased/surface/V7_radio/radio_temp/i3_files/eventData_1707869416_2024-02-14_00-10-16_4095_138991.i3.gz done.
... I am starting
-- File /mnt/lfs6/exp/IceCube/2024/unbiased/surface/V7_radio/radio_temp/i3_files/eventData_1707869416_2024-02-14_00-10-16_4095_138992.i3.gz done.
... I am starting
-- File /mnt/lfs6/exp/IceCube/2024/unbiased/surface/V7_radio/radio_temp/i3_files/eventData_1707869416_2024-02-14_00-10-16_4095_138993.i3.gz done.
... I am starting
-- File /mnt/lfs6/exp/IceCube/2024/unbiased/surface/V7_radio/radio_temp/i3_files/eventData_1707869416_2024-02-14_00-10-16_4095_138994.i3.gz done.
... I am starting
-- File /mnt/lfs6/exp/IceCube/2024/unbiased/surface/V7_radio/radio_temp/i3_files/eventData_1707869416_2024-02-14_00-10-16_4095_138995.i3.gz done.
... I am starting
-- File /mnt/lfs6/exp/IceCube/2024/unbiased/surface/V7_radio/radio_temp/i3_files/eventData_1707869416_2024-02-14_00-10-16_4095_138996.i3.gz done.
... I am starting
-- File /mnt/lfs6/exp/IceCube/2024/unbiased/surface/V7_radio/radio_temp/i3_files/eventData_1707955809_2024-02-15_00-10-09_4095_138996.i3.gz done.
... I am starting
-- File /mnt/lfs6/exp/IceCube/2024/unbiased/surface/V7_radio/radio_temp/i3_files/eventData_1707955809_2024-02-15_00-10-09_4095_138997.i3.gz done.
... I am starting
-- File /mnt/lfs6/exp/IceCube/2024/unbiased/surface/V7_radio/radio_temp/i3_files/eventData_1707955809_2024-02-15_00-10-09_4095_138999.i3.gz done.
... I am starting
-- File /mnt/lfs6/exp/IceCube/2024/unbiased/surface/V7_radio/radio_temp/i3_files/eventData_1707955809_2024-02-15_00-10-09_4095_139000.i3.gz done.
... I am starting
-- File /mnt/lfs6/exp/IceCube/2024/unbiased/surface/V7_radio/radio_temp/i3_files/eventData_1707955809_2024-02-15_00-10-09_4095_139001.i3.gz done.
... I am starting
-- File /mnt/lfs6/exp/IceCube/2024/unbiased/surface/V7_radio/radio_temp/i3_files/eventData_1708042209_2024-02-16_00-10-09_4095_139001.i3.gz done.
... I am starting
-- File /mnt/lfs6/exp/IceCube/2024/unbiased/surface/V7_radio/radio_temp/i3_files/eventData_1708042209_2024-02-16_00-10-09_4095_139002.i3.gz done.
... I am starting
-- File /mnt/lfs6/exp/IceCube/2024/unbiased/surface/V7_radio/radio_temp/i3_files/eventData_1708042209_2024-02-16_00-10-09_4095_139003.i3.gz done.
... I am starting
-- File /mnt/lfs6/exp/IceCube/2024/unbiased/surface/V7_radio/radio_temp/i3_files/eventData_1708042209_2024-02-16_00-10-09_4095_139004.i3.gz done.
... I am starting
-- File /mnt/lfs6/exp/IceCube/2024/unbiased/surface/V7_radio/radio_temp/i3_files/eventData_1708128608_2024-02-17_00-10-08_4095_139004.i3.gz done.
... I am starting
-- File /mnt/lfs6/exp/IceCube/2024/unbiased/surface/V7_radio/radio_temp/i3_files/eventData_1708128608_2024-02-17_00-10-08_4095_139005.i3.gz done.
... I am starting
-- File /mnt/lfs6/exp/IceCube/2024/unbiased/surface/V7_radio/radio_temp/i3_files/eventData_1708128608_2024-02-17_00-10-08_4095_139006.i3.gz done.
... I am starting
-- File /mnt/lfs6/exp/IceCube/2024/unbiased/surface/V7_radio/radio_temp/i3_files/eventData_1708128608_2024-02-17_00-10-08_4095_139007.i3.gz done.
... I am starting
-- File /mnt/lfs6/exp/IceCube/2024/unbiased/surface/V7_radio/radio_temp/i3_files/eventData_1708128608_2024-02-17_00-10-08_4095_139008.i3.gz done.
... I am starting
-- File /mnt/lfs6/exp/IceCube/2024/unbiased/surface/V7_radio/radio_temp/i3_files/eventData_1708128608_2024-02-17_00-10-08_4095_139009.i3.gz done.
... I am starting
-- File /mnt/lfs6/exp/IceCube/2024/unbiased/surface/V7_radio/radio_temp/i3_files/eventData_1708215009_2024-02-18_00-10-09_4095_139009.i3.gz done.
... I am starting
-- File /mnt/lfs6/exp/IceCube/2024/unbiased/surface/V7_radio/radio_temp/i3_files/eventData_1708215009_2024-02-18_00-10-09_4095_139010.i3.gz done.
... I am starting
-- File /mnt/lfs6/exp/IceCube/2024/unbiased/surface/V7_radio/radio_temp/i3_files/eventData_1708215009_2024-02-18_00-10-09_4095_139011.i3.gz done.
... I am starting
-- File /mnt/lfs6/exp/IceCube/2024/unbiased/surface/V7_radio/radio_temp/i3_files/eventData_1708215009_2024-02-18_00-10-09_4095_139012.i3.gz done.
... I am starting
-- File /mnt/lfs6/exp/IceCube/2024/unbiased/surface/V7_radio/radio_temp/i3_files/eventData_1708301409_2024-02-19_00-10-09_4095_139012.i3.gz done.
... I am starting
-- File /mnt/lfs6/exp/IceCube/2024/unbiased/surface/V7_radio/radio_temp/i3_files/eventData_1708301409_2024-02-19_00-10-09_4095_139013.i3.gz done.
... I am starting
-- File /mnt/lfs6/exp/IceCube/2024/unbiased/surface/V7_radio/radio_temp/i3_files/eventData_1708301409_2024-02-19_00-10-09_4095_139014.i3.gz done.
... I am starting
-- File /mnt/lfs6/exp/IceCube/2024/unbiased/surface/V7_radio/radio_temp/i3_files/eventData_1708301409_2024-02-19_00-10-09_4095_139015.i3.gz done.
... I am starting
-- File /mnt/lfs6/exp/IceCube/2024/unbiased/surface/V7_radio/radio_temp/i3_files/eventData_1708301409_2024-02-19_00-10-09_4095_139016.i3.gz done.
... I am starting
-- File /mnt/lfs6/exp/IceCube/2024/unbiased/surface/V7_radio/radio_temp/i3_files/eventData_1708387821_2024-02-20_00-10-21_4095_139016.i3.gz done.
... I am starting
-- File /mnt/lfs6/exp/IceCube/2024/unbiased/surface/V7_radio/radio_temp/i3_files/eventData_1708387821_2024-02-20_00-10-21_4095_139017.i3.gz done.
... I am starting
-- File /mnt/lfs6/exp/IceCube/2024/unbiased/surface/V7_radio/radio_temp/i3_files/eventData_1708387821_2024-02-20_00-10-21_4095_139024.i3.gz done.
... I am starting
-- File /mnt/lfs6/exp/IceCube/2024/unbiased/surface/V7_radio/radio_temp/i3_files/eventData_1708387821_2024-02-20_00-10-21_4095_139025.i3.gz done.
... I am starting
-- File /mnt/lfs6/exp/IceCube/2024/unbiased/surface/V7_radio/radio_temp/i3_files/eventData_1708387821_2024-02-20_00-10-21_4095_139026.i3.gz done.
... I am starting
-- File /mnt/lfs6/exp/IceCube/2024/unbiased/surface/V7_radio/radio_temp/i3_files/eventData_1708387821_2024-02-20_00-10-21_4095_139027.i3.gz done.
... I am starting
-- File /mnt/lfs6/exp/IceCube/2024/unbiased/surface/V7_radio/radio_temp/i3_files/eventData_1708387821_2024-02-20_00-10-21_4095_139028.i3.gz done.
... I am starting
-- File /mnt/lfs6/exp/IceCube/2024/unbiased/surface/V7_radio/radio_temp/i3_files/eventData_1708474209_2024-02-21_00-10-09_4095_139028.i3.gz done.
... I am starting
-- File /mnt/lfs6/exp/IceCube/2024/unbiased/surface/V7_radio/radio_temp/i3_files/eventData_1708474209_2024-02-21_00-10-09_4095_139029.i3.gz done.
... I am starting
-- File /mnt/lfs6/exp/IceCube/2024/unbiased/surface/V7_radio/radio_temp/i3_files/eventData_1708474209_2024-02-21_00-10-09_4095_139030.i3.gz done.
... I am starting
-- File /mnt/lfs6/exp/IceCube/2024/unbiased/surface/V7_radio/radio_temp/i3_files/eventData_1708474209_2024-02-21_00-10-09_4095_139031.i3.gz done.
... I am starting
-- File /mnt/lfs6/exp/IceCube/2024/unbiased/surface/V7_radio/radio_temp/i3_files/eventData_1708560608_2024-02-22_00-10-08_4095_139031.i3.gz done.
... I am starting
-- File /mnt/lfs6/exp/IceCube/2024/unbiased/surface/V7_radio/radio_temp/i3_files/eventData_1708560608_2024-02-22_00-10-08_4095_139032.i3.gz done.
... I am starting
-- File /mnt/lfs6/exp/IceCube/2024/unbiased/surface/V7_radio/radio_temp/i3_files/eventData_1708560608_2024-02-22_00-10-08_4095_139040.i3.gz done.
... I am starting
-- File /mnt/lfs6/exp/IceCube/2024/unbiased/surface/V7_radio/radio_temp/i3_files/eventData_1708560608_2024-02-22_00-10-08_4095_139041.i3.gz done.
... I am starting
-- File /mnt/lfs6/exp/IceCube/2024/unbiased/surface/V7_radio/radio_temp/i3_files/eventData_1708560608_2024-02-22_00-10-08_4095_139042.i3.gz done.
... I am starting
-- File /mnt/lfs6/exp/IceCube/2024/unbiased/surface/V7_radio/radio_temp/i3_files/eventData_1708560608_2024-02-22_00-10-08_4095_139043.i3.gz done.
... I am starting
-- File /mnt/lfs6/exp/IceCube/2024/unbiased/surface/V7_radio/radio_temp/i3_files/eventData_1708560608_2024-02-22_00-10-08_4095_139044.i3.gz done.
... I am starting
-- File /mnt/lfs6/exp/IceCube/2024/unbiased/surface/V7_radio/radio_temp/i3_files/eventData_1708647008_2024-02-23_00-10-08_4095_139044.i3.gz done.
... I am starting
-- File /mnt/lfs6/exp/IceCube/2024/unbiased/surface/V7_radio/radio_temp/i3_files/eventData_1708647008_2024-02-23_00-10-08_4095_139045.i3.gz done.
... I am starting
-- File /mnt/lfs6/exp/IceCube/2024/unbiased/surface/V7_radio/radio_temp/i3_files/eventData_1708647008_2024-02-23_00-10-08_4095_139046.i3.gz done.
... I am starting
-- File /mnt/lfs6/exp/IceCube/2024/unbiased/surface/V7_radio/radio_temp/i3_files/eventData_1708647008_2024-02-23_00-10-08_4095_139047.i3.gz done.
... I am starting
-- File /mnt/lfs6/exp/IceCube/2024/unbiased/surface/V7_radio/radio_temp/i3_files/eventData_1708733408_2024-02-24_00-10-08_4095_139047.i3.gz done.
... I am starting
-- File /mnt/lfs6/exp/IceCube/2024/unbiased/surface/V7_radio/radio_temp/i3_files/eventData_1708733408_2024-02-24_00-10-08_4095_139048.i3.gz done.
... I am starting
-- File /mnt/lfs6/exp/IceCube/2024/unbiased/surface/V7_radio/radio_temp/i3_files/eventData_1708733408_2024-02-24_00-10-08_4095_139049.i3.gz done.
... I am starting
-- File /mnt/lfs6/exp/IceCube/2024/unbiased/surface/V7_radio/radio_temp/i3_files/eventData_1708733408_2024-02-24_00-10-08_4095_139050.i3.gz done.
... I am starting
-- File /mnt/lfs6/exp/IceCube/2024/unbiased/surface/V7_radio/radio_temp/i3_files/eventData_1708819808_2024-02-25_00-10-08_4095_139050.i3.gz done.
... I am starting
-- File /mnt/lfs6/exp/IceCube/2024/unbiased/surface/V7_radio/radio_temp/i3_files/eventData_1708819808_2024-02-25_00-10-08_4095_139051.i3.gz done.
... I am starting
-- File /mnt/lfs6/exp/IceCube/2024/unbiased/surface/V7_radio/radio_temp/i3_files/eventData_1708819808_2024-02-25_00-10-08_4095_139052.i3.gz done.
... I am starting
-- File /mnt/lfs6/exp/IceCube/2024/unbiased/surface/V7_radio/radio_temp/i3_files/eventData_1708819808_2024-02-25_00-10-08_4095_139053.i3.gz done.
... I am starting
-- File /mnt/lfs6/exp/IceCube/2024/unbiased/surface/V7_radio/radio_temp/i3_files/eventData_1708906209_2024-02-26_00-10-09_4095_139055.i3.gz done.
... I am starting
-- File /mnt/lfs6/exp/IceCube/2024/unbiased/surface/V7_radio/radio_temp/i3_files/eventData_1708906209_2024-02-26_00-10-09_4095_139056.i3.gz done.
... I am starting
-- File /mnt/lfs6/exp/IceCube/2024/unbiased/surface/V7_radio/radio_temp/i3_files/eventData_1708906209_2024-02-26_00-10-09_4095_139057.i3.gz done.
... I am starting
-- File /mnt/lfs6/exp/IceCube/2024/unbiased/surface/V7_radio/radio_temp/i3_files/eventData_1708906209_2024-02-26_00-10-09_4095_139058.i3.gz done.
... I am starting
-- File /mnt/lfs6/exp/IceCube/2024/unbiased/surface/V7_radio/radio_temp/i3_files/eventData_1708992609_2024-02-27_00-10-09_4095_139058.i3.gz done.
... I am starting
-- File /mnt/lfs6/exp/IceCube/2024/unbiased/surface/V7_radio/radio_temp/i3_files/eventData_1708992609_2024-02-27_00-10-09_4095_139059.i3.gz done.
... I am starting
-- File /mnt/lfs6/exp/IceCube/2024/unbiased/surface/V7_radio/radio_temp/i3_files/eventData_1708992609_2024-02-27_00-10-09_4095_139060.i3.gz done.
... I am starting
-- File /mnt/lfs6/exp/IceCube/2024/unbiased/surface/V7_radio/radio_temp/i3_files/eventData_1708992609_2024-02-27_00-10-09_4095_139061.i3.gz done.
... I am starting
-- File /mnt/lfs6/exp/IceCube/2024/unbiased/surface/V7_radio/radio_temp/i3_files/eventData_1709079008_2024-02-28_00-10-08_4095_139061.i3.gz done.
... I am starting
-- File /mnt/lfs6/exp/IceCube/2024/unbiased/surface/V7_radio/radio_temp/i3_files/eventData_1709079008_2024-02-28_00-10-08_4095_139062.i3.gz done.
... I am starting
-- File /mnt/lfs6/exp/IceCube/2024/unbiased/surface/V7_radio/radio_temp/i3_files/eventData_1709079008_2024-02-28_00-10-08_4095_139063.i3.gz done.
... I am starting
-- File /mnt/lfs6/exp/IceCube/2024/unbiased/surface/V7_radio/radio_temp/i3_files/eventData_1709079008_2024-02-28_00-10-08_4095_139064.i3.gz done.
... I am starting
-- File /mnt/lfs6/exp/IceCube/2024/unbiased/surface/V7_radio/radio_temp/i3_files/eventData_1709079008_2024-02-28_00-10-08_4095_139065.i3.gz done.
... I am starting
-- File /mnt/lfs6/exp/IceCube/2024/unbiased/surface/V7_radio/radio_temp/i3_files/eventData_1709079008_2024-02-28_00-10-08_4095_139066.i3.gz done.
... I am starting
-- File /mnt/lfs6/exp/IceCube/2024/unbiased/surface/V7_radio/radio_temp/i3_files/eventData_1709079008_2024-02-28_00-10-08_4095_139067.i3.gz done.
... I am starting
-- File /mnt/lfs6/exp/IceCube/2024/unbiased/surface/V7_radio/radio_temp/i3_files/eventData_1709165408_2024-02-29_00-10-08_4095_139067.i3.gz done.
... I am starting
-- File /mnt/lfs6/exp/IceCube/2024/unbiased/surface/V7_radio/radio_temp/i3_files/eventData_1709165408_2024-02-29_00-10-08_4095_139068.i3.gz done.
... I am starting
-- File /mnt/lfs6/exp/IceCube/2024/unbiased/surface/V7_radio/radio_temp/i3_files/eventData_1709165408_2024-02-29_00-10-08_4095_139069.i3.gz done.
... I am starting
-- File /mnt/lfs6/exp/IceCube/2024/unbiased/surface/V7_radio/radio_temp/i3_files/eventData_1709165408_2024-02-29_00-10-08_4095_139070.i3.gz done.
... I am starting
-- File /mnt/lfs6/exp/IceCube/2024/unbiased/surface/V7_radio/radio_temp/i3_files/eventData_1709165408_2024-02-29_00-10-08_4095_139071.i3.gz done.
... I am starting
-- File /mnt/lfs6/exp/IceCube/2024/unbiased/surface/V7_radio/radio_temp/i3_files/eventData_1709165408_2024-02-29_00-10-08_4095_139072.i3.gz done.
... I am starting
-- File /mnt/lfs6/exp/IceCube/2024/unbiased/surface/V7_radio/radio_temp/i3_files/eventData_1709251809_2024-03-01_00-10-09_4095_139072.i3.gz done.
... I am starting
-- File /mnt/lfs6/exp/IceCube/2024/unbiased/surface/V7_radio/radio_temp/i3_files/eventData_1709251809_2024-03-01_00-10-09_4095_139073.i3.gz done.
... I am starting
-- File /mnt/lfs6/exp/IceCube/2024/unbiased/surface/V7_radio/radio_temp/i3_files/eventData_1709251809_2024-03-01_00-10-09_4095_139074.i3.gz done.
... I am starting
-- File /mnt/lfs6/exp/IceCube/2024/unbiased/surface/V7_radio/radio_temp/i3_files/eventData_1709251809_2024-03-01_00-10-09_4095_139075.i3.gz done.
... I am starting
-- File /mnt/lfs6/exp/IceCube/2024/unbiased/surface/V7_radio/radio_temp/i3_files/eventData_1709338208_2024-03-02_00-10-08_4095_139075.i3.gz done.
... I am starting
-- File /mnt/lfs6/exp/IceCube/2024/unbiased/surface/V7_radio/radio_temp/i3_files/eventData_1709338208_2024-03-02_00-10-08_4095_139076.i3.gz done.
... I am starting
-- File /mnt/lfs6/exp/IceCube/2024/unbiased/surface/V7_radio/radio_temp/i3_files/eventData_1709338208_2024-03-02_00-10-08_4095_139078.i3.gz done.
... I am starting
-- File /mnt/lfs6/exp/IceCube/2024/unbiased/surface/V7_radio/radio_temp/i3_files/eventData_1709338208_2024-03-02_00-10-08_4095_139079.i3.gz done.
... I am starting
-- File /mnt/lfs6/exp/IceCube/2024/unbiased/surface/V7_radio/radio_temp/i3_files/eventData_1709338208_2024-03-02_00-10-08_4095_139080.i3.gz done.
... I am starting
-- File /mnt/lfs6/exp/IceCube/2024/unbiased/surface/V7_radio/radio_temp/i3_files/eventData_1709338208_2024-03-02_00-10-08_4095_139081.i3.gz done.
... I am starting
-- File /mnt/lfs6/exp/IceCube/2024/unbiased/surface/V7_radio/radio_temp/i3_files/eventData_1709338208_2024-03-02_00-10-08_4095_139082.i3.gz done.
... I am starting
-- File /mnt/lfs6/exp/IceCube/2024/unbiased/surface/V7_radio/radio_temp/i3_files/eventData_1709424609_2024-03-03_00-10-09_4095_139083.i3.gz done.
... I am starting
-- File /mnt/lfs6/exp/IceCube/2024/unbiased/surface/V7_radio/radio_temp/i3_files/eventData_1709424609_2024-03-03_00-10-09_4095_139084.i3.gz done.
... I am starting
-- File /mnt/lfs6/exp/IceCube/2024/unbiased/surface/V7_radio/radio_temp/i3_files/eventData_1709424609_2024-03-03_00-10-09_4095_139085.i3.gz done.
... I am starting
-- File /mnt/lfs6/exp/IceCube/2024/unbiased/surface/V7_radio/radio_temp/i3_files/eventData_1709424609_2024-03-03_00-10-09_4095_139086.i3.gz done.
... I am starting
-- File /mnt/lfs6/exp/IceCube/2024/unbiased/surface/V7_radio/radio_temp/i3_files/eventData_1709511008_2024-03-04_00-10-08_4095_139086.i3.gz done.
... I am starting
-- File /mnt/lfs6/exp/IceCube/2024/unbiased/surface/V7_radio/radio_temp/i3_files/eventData_1709511008_2024-03-04_00-10-08_4095_139087.i3.gz done.
... I am starting
-- File /mnt/lfs6/exp/IceCube/2024/unbiased/surface/V7_radio/radio_temp/i3_files/eventData_1709511008_2024-03-04_00-10-08_4095_139088.i3.gz done.
... I am starting
-- File /mnt/lfs6/exp/IceCube/2024/unbiased/surface/V7_radio/radio_temp/i3_files/eventData_1709597409_2024-03-05_00-10-09_4095_139089.i3.gz done.
... I am starting
-- File /mnt/lfs6/exp/IceCube/2024/unbiased/surface/V7_radio/radio_temp/i3_files/eventData_1709597409_2024-03-05_00-10-09_4095_139090.i3.gz done.
... I am starting
-- File /mnt/lfs6/exp/IceCube/2024/unbiased/surface/V7_radio/radio_temp/i3_files/eventData_1709597409_2024-03-05_00-10-09_4095_139091.i3.gz done.
... I am starting
-- File /mnt/lfs6/exp/IceCube/2024/unbiased/surface/V7_radio/radio_temp/i3_files/eventData_1709597409_2024-03-05_00-10-09_4095_139092.i3.gz done.
... I am starting
-- File /mnt/lfs6/exp/IceCube/2024/unbiased/surface/V7_radio/radio_temp/i3_files/eventData_1709597409_2024-03-05_00-10-09_4095_139093.i3.gz done.
... I am starting
-- File /mnt/lfs6/exp/IceCube/2024/unbiased/surface/V7_radio/radio_temp/i3_files/eventData_1709683809_2024-03-06_00-10-09_4095_139094.i3.gz done.
... I am starting
-- File /mnt/lfs6/exp/IceCube/2024/unbiased/surface/V7_radio/radio_temp/i3_files/eventData_1709683809_2024-03-06_00-10-09_4095_139095.i3.gz done.
... I am starting
-- File /mnt/lfs6/exp/IceCube/2024/unbiased/surface/V7_radio/radio_temp/i3_files/eventData_1709683809_2024-03-06_00-10-09_4095_139096.i3.gz done.
... I am starting
-- File /mnt/lfs6/exp/IceCube/2024/unbiased/surface/V7_radio/radio_temp/i3_files/eventData_1709683809_2024-03-06_00-10-09_4095_139097.i3.gz done.
... I am starting
-- File /mnt/lfs6/exp/IceCube/2024/unbiased/surface/V7_radio/radio_temp/i3_files/eventData_1709683809_2024-03-06_00-10-09_4095_139098.i3.gz done.
... I am starting
-- File /mnt/lfs6/exp/IceCube/2024/unbiased/surface/V7_radio/radio_temp/i3_files/eventData_1709683809_2024-03-06_00-10-09_4095_139099.i3.gz done.
... I am starting
-- File /mnt/lfs6/exp/IceCube/2024/unbiased/surface/V7_radio/radio_temp/i3_files/eventData_1709770209_2024-03-07_00-10-09_4095_139099.i3.gz done.
... I am starting
-- File /mnt/lfs6/exp/IceCube/2024/unbiased/surface/V7_radio/radio_temp/i3_files/eventData_1709770209_2024-03-07_00-10-09_4095_139100.i3.gz done.
... I am starting
-- File /mnt/lfs6/exp/IceCube/2024/unbiased/surface/V7_radio/radio_temp/i3_files/eventData_1709770209_2024-03-07_00-10-09_4095_139101.i3.gz done.
... I am starting
-- File /mnt/lfs6/exp/IceCube/2024/unbiased/surface/V7_radio/radio_temp/i3_files/eventData_1709770209_2024-03-07_00-10-09_4095_139102.i3.gz done.
... I am starting
-- File /mnt/lfs6/exp/IceCube/2024/unbiased/surface/V7_radio/radio_temp/i3_files/eventData_1709856608_2024-03-08_00-10-08_4095_139102.i3.gz done.
... I am starting
-- File /mnt/lfs6/exp/IceCube/2024/unbiased/surface/V7_radio/radio_temp/i3_files/eventData_1709856608_2024-03-08_00-10-08_4095_139109.i3.gz done.
... I am starting
-- File /mnt/lfs6/exp/IceCube/2024/unbiased/surface/V7_radio/radio_temp/i3_files/eventData_1709856608_2024-03-08_00-10-08_4095_139110.i3.gz done.
... I am starting
-- File /mnt/lfs6/exp/IceCube/2024/unbiased/surface/V7_radio/radio_temp/i3_files/eventData_1709856608_2024-03-08_00-10-08_4095_139111.i3.gz done.
... I am starting
-- File /mnt/lfs6/exp/IceCube/2024/unbiased/surface/V7_radio/radio_temp/i3_files/eventData_1709856608_2024-03-08_00-10-08_4095_139112.i3.gz done.
... I am starting
-- File /mnt/lfs6/exp/IceCube/2024/unbiased/surface/V7_radio/radio_temp/i3_files/eventData_1709856608_2024-03-08_00-10-08_4095_139114.i3.gz done.
... I am starting
-- File /mnt/lfs6/exp/IceCube/2024/unbiased/surface/V7_radio/radio_temp/i3_files/eventData_1709856608_2024-03-08_00-10-08_4095_139116.i3.gz done.
... I am starting
-- File /mnt/lfs6/exp/IceCube/2024/unbiased/surface/V7_radio/radio_temp/i3_files/eventData_1709856608_2024-03-08_00-10-08_4095_139117.i3.gz done.
... I am starting
-- File /mnt/lfs6/exp/IceCube/2024/unbiased/surface/V7_radio/radio_temp/i3_files/eventData_1709856608_2024-03-08_00-10-08_4095_139118.i3.gz done.
... I am starting
-- File /mnt/lfs6/exp/IceCube/2024/unbiased/surface/V7_radio/radio_temp/i3_files/eventData_1709943009_2024-03-09_00-10-09_4095_139120.i3.gz done.
... I am starting
-- File /mnt/lfs6/exp/IceCube/2024/unbiased/surface/V7_radio/radio_temp/i3_files/eventData_1709943009_2024-03-09_00-10-09_4095_139121.i3.gz done.
... I am starting
-- File /mnt/lfs6/exp/IceCube/2024/unbiased/surface/V7_radio/radio_temp/i3_files/eventData_1709943009_2024-03-09_00-10-09_4095_139128.i3.gz done.
... I am starting
-- File /mnt/lfs6/exp/IceCube/2024/unbiased/surface/V7_radio/radio_temp/i3_files/eventData_1709943009_2024-03-09_00-10-09_4095_139129.i3.gz done.
... I am starting
-- File /mnt/lfs6/exp/IceCube/2024/unbiased/surface/V7_radio/radio_temp/i3_files/eventData_1709943009_2024-03-09_00-10-09_4095_139130.i3.gz done.
... I am starting
-- File /mnt/lfs6/exp/IceCube/2024/unbiased/surface/V7_radio/radio_temp/i3_files/eventData_1709943009_2024-03-09_00-10-09_4095_139131.i3.gz done.
... I am starting
-- File /mnt/lfs6/exp/IceCube/2024/unbiased/surface/V7_radio/radio_temp/i3_files/eventData_1709943009_2024-03-09_00-10-09_4095_139132.i3.gz done.
... I am starting
-- File /mnt/lfs6/exp/IceCube/2024/unbiased/surface/V7_radio/radio_temp/i3_files/eventData_1710029408_2024-03-10_00-10-08_4095_139132.i3.gz done.
... I am starting
-- File /mnt/lfs6/exp/IceCube/2024/unbiased/surface/V7_radio/radio_temp/i3_files/eventData_1710029408_2024-03-10_00-10-08_4095_139133.i3.gz done.
... I am starting
-- File /mnt/lfs6/exp/IceCube/2024/unbiased/surface/V7_radio/radio_temp/i3_files/eventData_1710029408_2024-03-10_00-10-08_4095_139134.i3.gz done.
... I am starting
-- File /mnt/lfs6/exp/IceCube/2024/unbiased/surface/V7_radio/radio_temp/i3_files/eventData_1710029408_2024-03-10_00-10-08_4095_139135.i3.gz done.
... I am starting
-- File /mnt/lfs6/exp/IceCube/2024/unbiased/surface/V7_radio/radio_temp/i3_files/eventData_1710029408_2024-03-10_00-10-08_4095_139136.i3.gz done.
-- Time elapsed: 373.71 min.
