NOTICE (I3Tray): I3Tray finishing... (I3Tray.cxx:526 in void I3Tray::Execute(bool, unsigned int))
NOTICE (I3Tray): I3Tray finishing... (I3Tray.cxx:526 in void I3Tray::Execute(bool, unsigned int))
NOTICE (I3Tray): I3Tray finishing... (I3Tray.cxx:526 in void I3Tray::Execute(bool, unsigned int))
NOTICE (I3Tray): I3Tray finishing... (I3Tray.cxx:526 in void I3Tray::Execute(bool, unsigned int))
NOTICE (I3Tray): I3Tray finishing... (I3Tray.cxx:526 in void I3Tray::Execute(bool, unsigned int))
NOTICE (I3Tray): I3Tray finishing... (I3Tray.cxx:526 in void I3Tray::Execute(bool, unsigned int))
NOTICE (I3Tray): I3Tray finishing... (I3Tray.cxx:526 in void I3Tray::Execute(bool, unsigned int))
NOTICE (I3Tray): I3Tray finishing... (I3Tray.cxx:526 in void I3Tray::Execute(bool, unsigned int))
NOTICE (I3Tray): I3Tray finishing... (I3Tray.cxx:526 in void I3Tray::Execute(bool, unsigned int))
NOTICE (I3Tray): I3Tray finishing... (I3Tray.cxx:526 in void I3Tray::Execute(bool, unsigned int))
NOTICE (I3Tray): I3Tray finishing... (I3Tray.cxx:526 in void I3Tray::Execute(bool, unsigned int))
NOTICE (I3Tray): I3Tray finishing... (I3Tray.cxx:526 in void I3Tray::Execute(bool, unsigned int))
NOTICE (I3Tray): I3Tray finishing... (I3Tray.cxx:526 in void I3Tray::Execute(bool, unsigned int))
NOTICE (I3Tray): I3Tray finishing... (I3Tray.cxx:526 in void I3Tray::Execute(bool, unsigned int))
NOTICE (I3Tray): I3Tray finishing... (I3Tray.cxx:526 in void I3Tray::Execute(bool, unsigned int))
NOTICE (I3Tray): I3Tray finishing... (I3Tray.cxx:526 in void I3Tray::Execute(bool, unsigned int))
NOTICE (I3Tray): I3Tray finishing... (I3Tray.cxx:526 in void I3Tray::Execute(bool, unsigned int))
NOTICE (I3Tray): I3Tray finishing... (I3Tray.cxx:526 in void I3Tray::Execute(bool, unsigned int))
NOTICE (I3Tray): I3Tray finishing... (I3Tray.cxx:526 in void I3Tray::Execute(bool, unsigned int))
NOTICE (I3Tray): I3Tray finishing... (I3Tray.cxx:526 in void I3Tray::Execute(bool, unsigned int))
NOTICE (I3Tray): I3Tray finishing... (I3Tray.cxx:526 in void I3Tray::Execute(bool, unsigned int))
NOTICE (I3Tray): I3Tray finishing... (I3Tray.cxx:526 in void I3Tray::Execute(bool, unsigned int))
NOTICE (I3Tray): I3Tray finishing... (I3Tray.cxx:526 in void I3Tray::Execute(bool, unsigned int))
NOTICE (I3Tray): I3Tray finishing... (I3Tray.cxx:526 in void I3Tray::Execute(bool, unsigned int))
NOTICE (I3Tray): I3Tray finishing... (I3Tray.cxx:526 in void I3Tray::Execute(bool, unsigned int))
NOTICE (I3Tray): I3Tray finishing... (I3Tray.cxx:526 in void I3Tray::Execute(bool, unsigned int))
NOTICE (I3Tray): I3Tray finishing... (I3Tray.cxx:526 in void I3Tray::Execute(bool, unsigned int))
NOTICE (I3Tray): I3Tray finishing... (I3Tray.cxx:526 in void I3Tray::Execute(bool, unsigned int))
NOTICE (I3Tray): I3Tray finishing... (I3Tray.cxx:526 in void I3Tray::Execute(bool, unsigned int))
NOTICE (I3Tray): I3Tray finishing... (I3Tray.cxx:526 in void I3Tray::Execute(bool, unsigned int))
NOTICE (I3Tray): I3Tray finishing... (I3Tray.cxx:526 in void I3Tray::Execute(bool, unsigned int))
NOTICE (I3Tray): I3Tray finishing... (I3Tray.cxx:526 in void I3Tray::Execute(bool, unsigned int))
NOTICE (I3Tray): I3Tray finishing... (I3Tray.cxx:526 in void I3Tray::Execute(bool, unsigned int))
NOTICE (I3Tray): I3Tray finishing... (I3Tray.cxx:526 in void I3Tray::Execute(bool, unsigned int))
NOTICE (I3Tray): I3Tray finishing... (I3Tray.cxx:526 in void I3Tray::Execute(bool, unsigned int))
NOTICE (I3Tray): I3Tray finishing... (I3Tray.cxx:526 in void I3Tray::Execute(bool, unsigned int))
NOTICE (I3Tray): I3Tray finishing... (I3Tray.cxx:526 in void I3Tray::Execute(bool, unsigned int))
NOTICE (I3Tray): I3Tray finishing... (I3Tray.cxx:526 in void I3Tray::Execute(bool, unsigned int))
NOTICE (I3Tray): I3Tray finishing... (I3Tray.cxx:526 in void I3Tray::Execute(bool, unsigned int))
NOTICE (I3Tray): I3Tray finishing... (I3Tray.cxx:526 in void I3Tray::Execute(bool, unsigned int))
NOTICE (I3Tray): I3Tray finishing... (I3Tray.cxx:526 in void I3Tray::Execute(bool, unsigned int))
NOTICE (I3Tray): I3Tray finishing... (I3Tray.cxx:526 in void I3Tray::Execute(bool, unsigned int))
NOTICE (I3Tray): I3Tray finishing... (I3Tray.cxx:526 in void I3Tray::Execute(bool, unsigned int))
NOTICE (I3Tray): I3Tray finishing... (I3Tray.cxx:526 in void I3Tray::Execute(bool, unsigned int))
NOTICE (I3Tray): I3Tray finishing... (I3Tray.cxx:526 in void I3Tray::Execute(bool, unsigned int))
NOTICE (I3Tray): I3Tray finishing... (I3Tray.cxx:526 in void I3Tray::Execute(bool, unsigned int))
NOTICE (I3Tray): I3Tray finishing... (I3Tray.cxx:526 in void I3Tray::Execute(bool, unsigned int))
NOTICE (I3Tray): I3Tray finishing... (I3Tray.cxx:526 in void I3Tray::Execute(bool, unsigned int))
NOTICE (I3Tray): I3Tray finishing... (I3Tray.cxx:526 in void I3Tray::Execute(bool, unsigned int))
NOTICE (I3Tray): I3Tray finishing... (I3Tray.cxx:526 in void I3Tray::Execute(bool, unsigned int))
NOTICE (I3Tray): I3Tray finishing... (I3Tray.cxx:526 in void I3Tray::Execute(bool, unsigned int))
NOTICE (I3Tray): I3Tray finishing... (I3Tray.cxx:526 in void I3Tray::Execute(bool, unsigned int))
NOTICE (I3Tray): I3Tray finishing... (I3Tray.cxx:526 in void I3Tray::Execute(bool, unsigned int))
NOTICE (I3Tray): I3Tray finishing... (I3Tray.cxx:526 in void I3Tray::Execute(bool, unsigned int))
NOTICE (I3Tray): I3Tray finishing... (I3Tray.cxx:526 in void I3Tray::Execute(bool, unsigned int))
NOTICE (I3Tray): I3Tray finishing... (I3Tray.cxx:526 in void I3Tray::Execute(bool, unsigned int))
NOTICE (I3Tray): I3Tray finishing... (I3Tray.cxx:526 in void I3Tray::Execute(bool, unsigned int))
NOTICE (I3Tray): I3Tray finishing... (I3Tray.cxx:526 in void I3Tray::Execute(bool, unsigned int))
NOTICE (I3Tray): I3Tray finishing... (I3Tray.cxx:526 in void I3Tray::Execute(bool, unsigned int))
NOTICE (I3Tray): I3Tray finishing... (I3Tray.cxx:526 in void I3Tray::Execute(bool, unsigned int))
NOTICE (I3Tray): I3Tray finishing... (I3Tray.cxx:526 in void I3Tray::Execute(bool, unsigned int))
NOTICE (I3Tray): I3Tray finishing... (I3Tray.cxx:526 in void I3Tray::Execute(bool, unsigned int))
NOTICE (I3Tray): I3Tray finishing... (I3Tray.cxx:526 in void I3Tray::Execute(bool, unsigned int))
WARN (Python): the desired lenght is zero, will work as if non-cascaded (TAXIArtifactRemover.py:102 in GetCascadeReshaped)
ERROR (I3Module): ArtifactRemover: Exception thrown (I3Module.cxx:140 in void I3Module::Do(void (I3Module::*)()))
WARN (Python): the desired lenght is zero, will work as if non-cascaded (TAXIArtifactRemover.py:102 in GetCascadeReshaped)
ERROR (I3Module): ArtifactRemover: Exception thrown (I3Module.cxx:140 in void I3Module::Do(void (I3Module::*)()))
WARN (Python): the desired lenght is zero, will work as if non-cascaded (TAXIArtifactRemover.py:102 in GetCascadeReshaped)
ERROR (I3Module): ArtifactRemover: Exception thrown (I3Module.cxx:140 in void I3Module::Do(void (I3Module::*)()))
WARN (Python): the desired lenght is zero, will work as if non-cascaded (TAXIArtifactRemover.py:102 in GetCascadeReshaped)
ERROR (I3Module): ArtifactRemover: Exception thrown (I3Module.cxx:140 in void I3Module::Do(void (I3Module::*)()))
WARN (Python): the desired lenght is zero, will work as if non-cascaded (TAXIArtifactRemover.py:102 in GetCascadeReshaped)
ERROR (I3Module): ArtifactRemover: Exception thrown (I3Module.cxx:140 in void I3Module::Do(void (I3Module::*)()))
WARN (Python): the desired lenght is zero, will work as if non-cascaded (TAXIArtifactRemover.py:102 in GetCascadeReshaped)
ERROR (I3Module): ArtifactRemover: Exception thrown (I3Module.cxx:140 in void I3Module::Do(void (I3Module::*)()))
WARN (Python): the desired lenght is zero, will work as if non-cascaded (TAXIArtifactRemover.py:102 in GetCascadeReshaped)
ERROR (I3Module): ArtifactRemover: Exception thrown (I3Module.cxx:140 in void I3Module::Do(void (I3Module::*)()))
WARN (Python): the desired lenght is zero, will work as if non-cascaded (TAXIArtifactRemover.py:102 in GetCascadeReshaped)
ERROR (I3Module): ArtifactRemover: Exception thrown (I3Module.cxx:140 in void I3Module::Do(void (I3Module::*)()))
WARN (Python): the desired lenght is zero, will work as if non-cascaded (TAXIArtifactRemover.py:102 in GetCascadeReshaped)
ERROR (I3Module): ArtifactRemover: Exception thrown (I3Module.cxx:140 in void I3Module::Do(void (I3Module::*)()))
WARN (Python): the desired lenght is zero, will work as if non-cascaded (TAXIArtifactRemover.py:102 in GetCascadeReshaped)
ERROR (I3Module): ArtifactRemover: Exception thrown (I3Module.cxx:140 in void I3Module::Do(void (I3Module::*)()))
NOTICE (I3Tray): I3Tray finishing... (I3Tray.cxx:526 in void I3Tray::Execute(bool, unsigned int))
NOTICE (I3Tray): I3Tray finishing... (I3Tray.cxx:526 in void I3Tray::Execute(bool, unsigned int))
NOTICE (I3Tray): I3Tray finishing... (I3Tray.cxx:526 in void I3Tray::Execute(bool, unsigned int))
NOTICE (I3Tray): I3Tray finishing... (I3Tray.cxx:526 in void I3Tray::Execute(bool, unsigned int))
NOTICE (I3Tray): I3Tray finishing... (I3Tray.cxx:526 in void I3Tray::Execute(bool, unsigned int))
NOTICE (I3Tray): I3Tray finishing... (I3Tray.cxx:526 in void I3Tray::Execute(bool, unsigned int))
NOTICE (I3Tray): I3Tray finishing... (I3Tray.cxx:526 in void I3Tray::Execute(bool, unsigned int))
NOTICE (I3Tray): I3Tray finishing... (I3Tray.cxx:526 in void I3Tray::Execute(bool, unsigned int))
NOTICE (I3Tray): I3Tray finishing... (I3Tray.cxx:526 in void I3Tray::Execute(bool, unsigned int))
NOTICE (I3Tray): I3Tray finishing... (I3Tray.cxx:526 in void I3Tray::Execute(bool, unsigned int))
NOTICE (I3Tray): I3Tray finishing... (I3Tray.cxx:526 in void I3Tray::Execute(bool, unsigned int))
NOTICE (I3Tray): I3Tray finishing... (I3Tray.cxx:526 in void I3Tray::Execute(bool, unsigned int))
NOTICE (I3Tray): I3Tray finishing... (I3Tray.cxx:526 in void I3Tray::Execute(bool, unsigned int))
NOTICE (I3Tray): I3Tray finishing... (I3Tray.cxx:526 in void I3Tray::Execute(bool, unsigned int))
NOTICE (I3Tray): I3Tray finishing... (I3Tray.cxx:526 in void I3Tray::Execute(bool, unsigned int))
NOTICE (I3Tray): I3Tray finishing... (I3Tray.cxx:526 in void I3Tray::Execute(bool, unsigned int))
NOTICE (I3Tray): I3Tray finishing... (I3Tray.cxx:526 in void I3Tray::Execute(bool, unsigned int))
NOTICE (I3Tray): I3Tray finishing... (I3Tray.cxx:526 in void I3Tray::Execute(bool, unsigned int))
NOTICE (I3Tray): I3Tray finishing... (I3Tray.cxx:526 in void I3Tray::Execute(bool, unsigned int))
NOTICE (I3Tray): I3Tray finishing... (I3Tray.cxx:526 in void I3Tray::Execute(bool, unsigned int))
NOTICE (I3Tray): I3Tray finishing... (I3Tray.cxx:526 in void I3Tray::Execute(bool, unsigned int))
NOTICE (I3Tray): I3Tray finishing... (I3Tray.cxx:526 in void I3Tray::Execute(bool, unsigned int))
NOTICE (I3Tray): I3Tray finishing... (I3Tray.cxx:526 in void I3Tray::Execute(bool, unsigned int))
NOTICE (I3Tray): I3Tray finishing... (I3Tray.cxx:526 in void I3Tray::Execute(bool, unsigned int))
NOTICE (I3Tray): I3Tray finishing... (I3Tray.cxx:526 in void I3Tray::Execute(bool, unsigned int))
NOTICE (I3Tray): I3Tray finishing... (I3Tray.cxx:526 in void I3Tray::Execute(bool, unsigned int))
NOTICE (I3Tray): I3Tray finishing... (I3Tray.cxx:526 in void I3Tray::Execute(bool, unsigned int))
NOTICE (I3Tray): I3Tray finishing... (I3Tray.cxx:526 in void I3Tray::Execute(bool, unsigned int))
NOTICE (I3Tray): I3Tray finishing... (I3Tray.cxx:526 in void I3Tray::Execute(bool, unsigned int))
NOTICE (I3Tray): I3Tray finishing... (I3Tray.cxx:526 in void I3Tray::Execute(bool, unsigned int))
WARN (Python): the desired lenght is zero, will work as if non-cascaded (TAXIArtifactRemover.py:102 in GetCascadeReshaped)
ERROR (I3Module): ArtifactRemover: Exception thrown (I3Module.cxx:140 in void I3Module::Do(void (I3Module::*)()))
WARN (Python): the desired lenght is zero, will work as if non-cascaded (TAXIArtifactRemover.py:102 in GetCascadeReshaped)
ERROR (I3Module): ArtifactRemover: Exception thrown (I3Module.cxx:140 in void I3Module::Do(void (I3Module::*)()))
WARN (Python): the desired lenght is zero, will work as if non-cascaded (TAXIArtifactRemover.py:102 in GetCascadeReshaped)
ERROR (I3Module): ArtifactRemover: Exception thrown (I3Module.cxx:140 in void I3Module::Do(void (I3Module::*)()))
WARN (Python): the desired lenght is zero, will work as if non-cascaded (TAXIArtifactRemover.py:102 in GetCascadeReshaped)
ERROR (I3Module): ArtifactRemover: Exception thrown (I3Module.cxx:140 in void I3Module::Do(void (I3Module::*)()))
NOTICE (I3Tray): I3Tray finishing... (I3Tray.cxx:526 in void I3Tray::Execute(bool, unsigned int))
NOTICE (I3Tray): I3Tray finishing... (I3Tray.cxx:526 in void I3Tray::Execute(bool, unsigned int))
NOTICE (I3Tray): I3Tray finishing... (I3Tray.cxx:526 in void I3Tray::Execute(bool, unsigned int))
NOTICE (I3Tray): I3Tray finishing... (I3Tray.cxx:526 in void I3Tray::Execute(bool, unsigned int))
NOTICE (I3Tray): I3Tray finishing... (I3Tray.cxx:526 in void I3Tray::Execute(bool, unsigned int))
NOTICE (I3Tray): I3Tray finishing... (I3Tray.cxx:526 in void I3Tray::Execute(bool, unsigned int))
NOTICE (I3Tray): I3Tray finishing... (I3Tray.cxx:526 in void I3Tray::Execute(bool, unsigned int))
WARN (Python): the desired lenght is zero, will work as if non-cascaded (TAXIArtifactRemover.py:102 in GetCascadeReshaped)
ERROR (I3Module): ArtifactRemover: Exception thrown (I3Module.cxx:140 in void I3Module::Do(void (I3Module::*)()))
NOTICE (I3Tray): I3Tray finishing... (I3Tray.cxx:526 in void I3Tray::Execute(bool, unsigned int))
WARN (Python): the desired lenght is zero, will work as if non-cascaded (TAXIArtifactRemover.py:102 in GetCascadeReshaped)
ERROR (I3Module): ArtifactRemover: Exception thrown (I3Module.cxx:140 in void I3Module::Do(void (I3Module::*)()))
WARN (Python): the desired lenght is zero, will work as if non-cascaded (TAXIArtifactRemover.py:102 in GetCascadeReshaped)
ERROR (I3Module): ArtifactRemover: Exception thrown (I3Module.cxx:140 in void I3Module::Do(void (I3Module::*)()))
NOTICE (I3Tray): I3Tray finishing... (I3Tray.cxx:526 in void I3Tray::Execute(bool, unsigned int))
WARN (Python): the desired lenght is zero, will work as if non-cascaded (TAXIArtifactRemover.py:102 in GetCascadeReshaped)
ERROR (I3Module): ArtifactRemover: Exception thrown (I3Module.cxx:140 in void I3Module::Do(void (I3Module::*)()))
WARN (Python): the desired lenght is zero, will work as if non-cascaded (TAXIArtifactRemover.py:102 in GetCascadeReshaped)
ERROR (I3Module): ArtifactRemover: Exception thrown (I3Module.cxx:140 in void I3Module::Do(void (I3Module::*)()))
NOTICE (I3Tray): I3Tray finishing... (I3Tray.cxx:526 in void I3Tray::Execute(bool, unsigned int))
NOTICE (I3Tray): I3Tray finishing... (I3Tray.cxx:526 in void I3Tray::Execute(bool, unsigned int))
NOTICE (I3Tray): I3Tray finishing... (I3Tray.cxx:526 in void I3Tray::Execute(bool, unsigned int))
NOTICE (I3Tray): I3Tray finishing... (I3Tray.cxx:526 in void I3Tray::Execute(bool, unsigned int))
NOTICE (I3Tray): I3Tray finishing... (I3Tray.cxx:526 in void I3Tray::Execute(bool, unsigned int))
NOTICE (I3Tray): I3Tray finishing... (I3Tray.cxx:526 in void I3Tray::Execute(bool, unsigned int))
NOTICE (I3Tray): I3Tray finishing... (I3Tray.cxx:526 in void I3Tray::Execute(bool, unsigned int))
NOTICE (I3Tray): I3Tray finishing... (I3Tray.cxx:526 in void I3Tray::Execute(bool, unsigned int))
NOTICE (I3Tray): I3Tray finishing... (I3Tray.cxx:526 in void I3Tray::Execute(bool, unsigned int))
NOTICE (I3Tray): I3Tray finishing... (I3Tray.cxx:526 in void I3Tray::Execute(bool, unsigned int))
NOTICE (I3Tray): I3Tray finishing... (I3Tray.cxx:526 in void I3Tray::Execute(bool, unsigned int))
NOTICE (I3Tray): I3Tray finishing... (I3Tray.cxx:526 in void I3Tray::Execute(bool, unsigned int))
NOTICE (I3Tray): I3Tray finishing... (I3Tray.cxx:526 in void I3Tray::Execute(bool, unsigned int))
NOTICE (I3Tray): I3Tray finishing... (I3Tray.cxx:526 in void I3Tray::Execute(bool, unsigned int))
NOTICE (I3Tray): I3Tray finishing... (I3Tray.cxx:526 in void I3Tray::Execute(bool, unsigned int))
Processing for 1 months and 13 days.
Found 136 files between 2023-08-05 and 2023-09-17
... I am starting
-- File /mnt/lfs6/exp/IceCube/2023/unbiased/surface/V7_radio/radio_temp/i3_files/eventData_1691194206_2023-08-05_00-10-06_4095_138224.i3.gz done.
... I am starting
-- File /mnt/lfs6/exp/IceCube/2023/unbiased/surface/V7_radio/radio_temp/i3_files/eventData_1691194206_2023-08-05_00-10-06_4095_138225.i3.gz done.
... I am starting
-- File /mnt/lfs6/exp/IceCube/2023/unbiased/surface/V7_radio/radio_temp/i3_files/eventData_1691194206_2023-08-05_00-10-06_4095_138226.i3.gz done.
... I am starting
-- File /mnt/lfs6/exp/IceCube/2023/unbiased/surface/V7_radio/radio_temp/i3_files/eventData_1691280606_2023-08-06_00-10-06_4095_138227.i3.gz done.
... I am starting
-- File /mnt/lfs6/exp/IceCube/2023/unbiased/surface/V7_radio/radio_temp/i3_files/eventData_1691280606_2023-08-06_00-10-06_4095_138228.i3.gz done.
... I am starting
-- File /mnt/lfs6/exp/IceCube/2023/unbiased/surface/V7_radio/radio_temp/i3_files/eventData_1691280606_2023-08-06_00-10-06_4095_138229.i3.gz done.
... I am starting
-- File /mnt/lfs6/exp/IceCube/2023/unbiased/surface/V7_radio/radio_temp/i3_files/eventData_1691367007_2023-08-07_00-10-07_4095_138230.i3.gz done.
... I am starting
-- File /mnt/lfs6/exp/IceCube/2023/unbiased/surface/V7_radio/radio_temp/i3_files/eventData_1691367007_2023-08-07_00-10-07_4095_138231.i3.gz done.
... I am starting
-- File /mnt/lfs6/exp/IceCube/2023/unbiased/surface/V7_radio/radio_temp/i3_files/eventData_1691367007_2023-08-07_00-10-07_4095_138232.i3.gz done.
... I am starting
-- File /mnt/lfs6/exp/IceCube/2023/unbiased/surface/V7_radio/radio_temp/i3_files/eventData_1691367007_2023-08-07_00-10-07_4095_138233.i3.gz done.
... I am starting
-- File /mnt/lfs6/exp/IceCube/2023/unbiased/surface/V7_radio/radio_temp/i3_files/eventData_1691367007_2023-08-07_00-10-07_4095_138234.i3.gz done.
... I am starting
-- File /mnt/lfs6/exp/IceCube/2023/unbiased/surface/V7_radio/radio_temp/i3_files/eventData_1691367007_2023-08-07_00-10-07_4095_138235.i3.gz done.
... I am starting
-- File /mnt/lfs6/exp/IceCube/2023/unbiased/surface/V7_radio/radio_temp/i3_files/eventData_1691453407_2023-08-08_00-10-07_4095_138236.i3.gz done.
... I am starting
-- File /mnt/lfs6/exp/IceCube/2023/unbiased/surface/V7_radio/radio_temp/i3_files/eventData_1691453407_2023-08-08_00-10-07_4095_138237.i3.gz done.
... I am starting
-- File /mnt/lfs6/exp/IceCube/2023/unbiased/surface/V7_radio/radio_temp/i3_files/eventData_1691453407_2023-08-08_00-10-07_4095_138238.i3.gz done.
... I am starting
-- File /mnt/lfs6/exp/IceCube/2023/unbiased/surface/V7_radio/radio_temp/i3_files/eventData_1691539807_2023-08-09_00-10-07_4095_138239.i3.gz done.
... I am starting
-- File /mnt/lfs6/exp/IceCube/2023/unbiased/surface/V7_radio/radio_temp/i3_files/eventData_1691539807_2023-08-09_00-10-07_4095_138240.i3.gz done.
... I am starting
-- File /mnt/lfs6/exp/IceCube/2023/unbiased/surface/V7_radio/radio_temp/i3_files/eventData_1691539807_2023-08-09_00-10-07_4095_138241.i3.gz done.
... I am starting
-- File /mnt/lfs6/exp/IceCube/2023/unbiased/surface/V7_radio/radio_temp/i3_files/eventData_1691626206_2023-08-10_00-10-06_4095_138242.i3.gz done.
... I am starting
-- File /mnt/lfs6/exp/IceCube/2023/unbiased/surface/V7_radio/radio_temp/i3_files/eventData_1691626206_2023-08-10_00-10-06_4095_138243.i3.gz done.
... I am starting
-- File /mnt/lfs6/exp/IceCube/2023/unbiased/surface/V7_radio/radio_temp/i3_files/eventData_1691626206_2023-08-10_00-10-06_4095_138244.i3.gz done.
... I am starting
-- File /mnt/lfs6/exp/IceCube/2023/unbiased/surface/V7_radio/radio_temp/i3_files/eventData_1691712607_2023-08-11_00-10-07_4095_138245.i3.gz done.
... I am starting
-- File /mnt/lfs6/exp/IceCube/2023/unbiased/surface/V7_radio/radio_temp/i3_files/eventData_1691712607_2023-08-11_00-10-07_4095_138246.i3.gz done.
... I am starting
-- File /mnt/lfs6/exp/IceCube/2023/unbiased/surface/V7_radio/radio_temp/i3_files/eventData_1691712607_2023-08-11_00-10-07_4095_138247.i3.gz done.
... I am starting
-- File /mnt/lfs6/exp/IceCube/2023/unbiased/surface/V7_radio/radio_temp/i3_files/eventData_1691799007_2023-08-12_00-10-07_4095_138248.i3.gz done.
... I am starting
-- File /mnt/lfs6/exp/IceCube/2023/unbiased/surface/V7_radio/radio_temp/i3_files/eventData_1691799007_2023-08-12_00-10-07_4095_138249.i3.gz done.
... I am starting
-- File /mnt/lfs6/exp/IceCube/2023/unbiased/surface/V7_radio/radio_temp/i3_files/eventData_1691799007_2023-08-12_00-10-07_4095_138250.i3.gz done.
... I am starting
-- File /mnt/lfs6/exp/IceCube/2023/unbiased/surface/V7_radio/radio_temp/i3_files/eventData_1691885407_2023-08-13_00-10-07_4095_138251.i3.gz done.
... I am starting
-- File /mnt/lfs6/exp/IceCube/2023/unbiased/surface/V7_radio/radio_temp/i3_files/eventData_1691885407_2023-08-13_00-10-07_4095_138252.i3.gz done.
... I am starting
-- File /mnt/lfs6/exp/IceCube/2023/unbiased/surface/V7_radio/radio_temp/i3_files/eventData_1691885407_2023-08-13_00-10-07_4095_138253.i3.gz done.
... I am starting
-- File /mnt/lfs6/exp/IceCube/2023/unbiased/surface/V7_radio/radio_temp/i3_files/eventData_1691971807_2023-08-14_00-10-07_4095_138254.i3.gz done.
... I am starting
-- File /mnt/lfs6/exp/IceCube/2023/unbiased/surface/V7_radio/radio_temp/i3_files/eventData_1691971807_2023-08-14_00-10-07_4095_138255.i3.gz done.
... I am starting
-- File /mnt/lfs6/exp/IceCube/2023/unbiased/surface/V7_radio/radio_temp/i3_files/eventData_1691971807_2023-08-14_00-10-07_4095_138256.i3.gz done.
... I am starting
-- File /mnt/lfs6/exp/IceCube/2023/unbiased/surface/V7_radio/radio_temp/i3_files/eventData_1692058206_2023-08-15_00-10-06_4095_138257.i3.gz done.
... I am starting
-- File /mnt/lfs6/exp/IceCube/2023/unbiased/surface/V7_radio/radio_temp/i3_files/eventData_1692058206_2023-08-15_00-10-06_4095_138258.i3.gz done.
... I am starting
-- File /mnt/lfs6/exp/IceCube/2023/unbiased/surface/V7_radio/radio_temp/i3_files/eventData_1692058206_2023-08-15_00-10-06_4095_138259.i3.gz done.
... I am starting
-- File /mnt/lfs6/exp/IceCube/2023/unbiased/surface/V7_radio/radio_temp/i3_files/eventData_1692144606_2023-08-16_00-10-06_4095_138260.i3.gz done.
... I am starting
-- File /mnt/lfs6/exp/IceCube/2023/unbiased/surface/V7_radio/radio_temp/i3_files/eventData_1692144606_2023-08-16_00-10-06_4095_138261.i3.gz done.
... I am starting
-- File /mnt/lfs6/exp/IceCube/2023/unbiased/surface/V7_radio/radio_temp/i3_files/eventData_1692144606_2023-08-16_00-10-06_4095_138262.i3.gz done.
... I am starting
-- File /mnt/lfs6/exp/IceCube/2023/unbiased/surface/V7_radio/radio_temp/i3_files/eventData_1692231007_2023-08-17_00-10-07_4095_138263.i3.gz done.
... I am starting
-- File /mnt/lfs6/exp/IceCube/2023/unbiased/surface/V7_radio/radio_temp/i3_files/eventData_1692231007_2023-08-17_00-10-07_4095_138264.i3.gz done.
... I am starting
-- File /mnt/lfs6/exp/IceCube/2023/unbiased/surface/V7_radio/radio_temp/i3_files/eventData_1692231007_2023-08-17_00-10-07_4095_138265.i3.gz done.
... I am starting
-- File /mnt/lfs6/exp/IceCube/2023/unbiased/surface/V7_radio/radio_temp/i3_files/eventData_1692317407_2023-08-18_00-10-07_4095_138267.i3.gz done.
... I am starting
-- File /mnt/lfs6/exp/IceCube/2023/unbiased/surface/V7_radio/radio_temp/i3_files/eventData_1692317407_2023-08-18_00-10-07_4095_138268.i3.gz done.
... I am starting
-- File /mnt/lfs6/exp/IceCube/2023/unbiased/surface/V7_radio/radio_temp/i3_files/eventData_1692317407_2023-08-18_00-10-07_4095_138269.i3.gz done.
... I am starting
-- File /mnt/lfs6/exp/IceCube/2023/unbiased/surface/V7_radio/radio_temp/i3_files/eventData_1692403807_2023-08-19_00-10-07_4095_138270.i3.gz done.
... I am starting
-- File /mnt/lfs6/exp/IceCube/2023/unbiased/surface/V7_radio/radio_temp/i3_files/eventData_1692403807_2023-08-19_00-10-07_4095_138271.i3.gz done.
... I am starting
-- File /mnt/lfs6/exp/IceCube/2023/unbiased/surface/V7_radio/radio_temp/i3_files/eventData_1692403807_2023-08-19_00-10-07_4095_138272.i3.gz done.
... I am starting
-- File /mnt/lfs6/exp/IceCube/2023/unbiased/surface/V7_radio/radio_temp/i3_files/eventData_1692490207_2023-08-20_00-10-07_4095_138273.i3.gz done.
... I am starting
-- File /mnt/lfs6/exp/IceCube/2023/unbiased/surface/V7_radio/radio_temp/i3_files/eventData_1692490207_2023-08-20_00-10-07_4095_138274.i3.gz done.
... I am starting
-- File /mnt/lfs6/exp/IceCube/2023/unbiased/surface/V7_radio/radio_temp/i3_files/eventData_1692490207_2023-08-20_00-10-07_4095_138275.i3.gz done.
... I am starting
-- File /mnt/lfs6/exp/IceCube/2023/unbiased/surface/V7_radio/radio_temp/i3_files/eventData_1692576606_2023-08-21_00-10-06_4095_138276.i3.gz done.
... I am starting
-- File /mnt/lfs6/exp/IceCube/2023/unbiased/surface/V7_radio/radio_temp/i3_files/eventData_1692576606_2023-08-21_00-10-06_4095_138277.i3.gz done.
... I am starting
-- File /mnt/lfs6/exp/IceCube/2023/unbiased/surface/V7_radio/radio_temp/i3_files/eventData_1692576606_2023-08-21_00-10-06_4095_138278.i3.gz done.
... I am starting
-- File /mnt/lfs6/exp/IceCube/2023/unbiased/surface/V7_radio/radio_temp/i3_files/eventData_1692663007_2023-08-22_00-10-07_4095_138279.i3.gz done.
... I am starting
-- File /mnt/lfs6/exp/IceCube/2023/unbiased/surface/V7_radio/radio_temp/i3_files/eventData_1692663007_2023-08-22_00-10-07_4095_138280.i3.gz done.
... I am starting
-- File /mnt/lfs6/exp/IceCube/2023/unbiased/surface/V7_radio/radio_temp/i3_files/eventData_1692663007_2023-08-22_00-10-07_4095_138281.i3.gz done.
... I am starting
-- File /mnt/lfs6/exp/IceCube/2023/unbiased/surface/V7_radio/radio_temp/i3_files/eventData_1692749406_2023-08-23_00-10-06_4095_138282.i3.gz done.
... I am starting
-- File /mnt/lfs6/exp/IceCube/2023/unbiased/surface/V7_radio/radio_temp/i3_files/eventData_1692749406_2023-08-23_00-10-06_4095_138283.i3.gz done.
... I am starting
-- File /mnt/lfs6/exp/IceCube/2023/unbiased/surface/V7_radio/radio_temp/i3_files/eventData_1692749406_2023-08-23_00-10-06_4095_138284.i3.gz done.
... I am starting
-- File /mnt/lfs6/exp/IceCube/2023/unbiased/surface/V7_radio/radio_temp/i3_files/eventData_1692835807_2023-08-24_00-10-07_4095_138285.i3.gz done.
... I am starting
-- File /mnt/lfs6/exp/IceCube/2023/unbiased/surface/V7_radio/radio_temp/i3_files/eventData_1692835807_2023-08-24_00-10-07_4095_138286.i3.gz done.
... I am starting
-- File /mnt/lfs6/exp/IceCube/2023/unbiased/surface/V7_radio/radio_temp/i3_files/eventData_1692835807_2023-08-24_00-10-07_4095_138287.i3.gz done.
... I am starting
/mnt/lfs6/exp/IceCube/2023/unbiased/surface/V7_radio/radio_temp/i3_files/eventData_1692922207_2023-08-25_00-10-07_4095_138288.i3.gz
... I am starting
/mnt/lfs6/exp/IceCube/2023/unbiased/surface/V7_radio/radio_temp/i3_files/eventData_1692922207_2023-08-25_00-10-07_4095_138289.i3.gz
... I am starting
/mnt/lfs6/exp/IceCube/2023/unbiased/surface/V7_radio/radio_temp/i3_files/eventData_1692922207_2023-08-25_00-10-07_4095_138290.i3.gz
... I am starting
/mnt/lfs6/exp/IceCube/2023/unbiased/surface/V7_radio/radio_temp/i3_files/eventData_1693008607_2023-08-26_00-10-07_4095_138291.i3.gz
... I am starting
/mnt/lfs6/exp/IceCube/2023/unbiased/surface/V7_radio/radio_temp/i3_files/eventData_1693008607_2023-08-26_00-10-07_4095_138292.i3.gz
... I am starting
/mnt/lfs6/exp/IceCube/2023/unbiased/surface/V7_radio/radio_temp/i3_files/eventData_1693008607_2023-08-26_00-10-07_4095_138293.i3.gz
... I am starting
/mnt/lfs6/exp/IceCube/2023/unbiased/surface/V7_radio/radio_temp/i3_files/eventData_1693095007_2023-08-27_00-10-07_4095_138294.i3.gz
... I am starting
/mnt/lfs6/exp/IceCube/2023/unbiased/surface/V7_radio/radio_temp/i3_files/eventData_1693095007_2023-08-27_00-10-07_4095_138295.i3.gz
... I am starting
/mnt/lfs6/exp/IceCube/2023/unbiased/surface/V7_radio/radio_temp/i3_files/eventData_1693095007_2023-08-27_00-10-07_4095_138296.i3.gz
... I am starting
/mnt/lfs6/exp/IceCube/2023/unbiased/surface/V7_radio/radio_temp/i3_files/eventData_1693181406_2023-08-28_00-10-06_4095_138297.i3.gz
... I am starting
-- File /mnt/lfs6/exp/IceCube/2023/unbiased/surface/V7_radio/radio_temp/i3_files/eventData_1693181406_2023-08-28_00-10-06_4095_138298.i3.gz done.
... I am starting
-- File /mnt/lfs6/exp/IceCube/2023/unbiased/surface/V7_radio/radio_temp/i3_files/eventData_1693181406_2023-08-28_00-10-06_4095_138299.i3.gz done.
... I am starting
-- File /mnt/lfs6/exp/IceCube/2023/unbiased/surface/V7_radio/radio_temp/i3_files/eventData_1693267806_2023-08-29_00-10-06_4095_138300.i3.gz done.
... I am starting
-- File /mnt/lfs6/exp/IceCube/2023/unbiased/surface/V7_radio/radio_temp/i3_files/eventData_1693267806_2023-08-29_00-10-06_4095_138301.i3.gz done.
... I am starting
-- File /mnt/lfs6/exp/IceCube/2023/unbiased/surface/V7_radio/radio_temp/i3_files/eventData_1693267806_2023-08-29_00-10-06_4095_138302.i3.gz done.
... I am starting
-- File /mnt/lfs6/exp/IceCube/2023/unbiased/surface/V7_radio/radio_temp/i3_files/eventData_1693354207_2023-08-30_00-10-07_4095_138303.i3.gz done.
... I am starting
-- File /mnt/lfs6/exp/IceCube/2023/unbiased/surface/V7_radio/radio_temp/i3_files/eventData_1693354207_2023-08-30_00-10-07_4095_138304.i3.gz done.
... I am starting
-- File /mnt/lfs6/exp/IceCube/2023/unbiased/surface/V7_radio/radio_temp/i3_files/eventData_1693354207_2023-08-30_00-10-07_4095_138305.i3.gz done.
... I am starting
-- File /mnt/lfs6/exp/IceCube/2023/unbiased/surface/V7_radio/radio_temp/i3_files/eventData_1693440607_2023-08-31_00-10-07_4095_138306.i3.gz done.
... I am starting
-- File /mnt/lfs6/exp/IceCube/2023/unbiased/surface/V7_radio/radio_temp/i3_files/eventData_1693440607_2023-08-31_00-10-07_4095_138307.i3.gz done.
... I am starting
-- File /mnt/lfs6/exp/IceCube/2023/unbiased/surface/V7_radio/radio_temp/i3_files/eventData_1693440607_2023-08-31_00-10-07_4095_138308.i3.gz done.
... I am starting
-- File /mnt/lfs6/exp/IceCube/2023/unbiased/surface/V7_radio/radio_temp/i3_files/eventData_1693527007_2023-09-01_00-10-07_4095_138309.i3.gz done.
... I am starting
-- File /mnt/lfs6/exp/IceCube/2023/unbiased/surface/V7_radio/radio_temp/i3_files/eventData_1693527007_2023-09-01_00-10-07_4095_138310.i3.gz done.
... I am starting
-- File /mnt/lfs6/exp/IceCube/2023/unbiased/surface/V7_radio/radio_temp/i3_files/eventData_1693527007_2023-09-01_00-10-07_4095_138311.i3.gz done.
... I am starting
-- File /mnt/lfs6/exp/IceCube/2023/unbiased/surface/V7_radio/radio_temp/i3_files/eventData_1693613407_2023-09-02_00-10-07_4095_138312.i3.gz done.
... I am starting
-- File /mnt/lfs6/exp/IceCube/2023/unbiased/surface/V7_radio/radio_temp/i3_files/eventData_1693613407_2023-09-02_00-10-07_4095_138313.i3.gz done.
... I am starting
-- File /mnt/lfs6/exp/IceCube/2023/unbiased/surface/V7_radio/radio_temp/i3_files/eventData_1693613407_2023-09-02_00-10-07_4095_138314.i3.gz done.
... I am starting
-- File /mnt/lfs6/exp/IceCube/2023/unbiased/surface/V7_radio/radio_temp/i3_files/eventData_1693699806_2023-09-03_00-10-06_4095_138315.i3.gz done.
... I am starting
-- File /mnt/lfs6/exp/IceCube/2023/unbiased/surface/V7_radio/radio_temp/i3_files/eventData_1693699806_2023-09-03_00-10-06_4095_138316.i3.gz done.
... I am starting
-- File /mnt/lfs6/exp/IceCube/2023/unbiased/surface/V7_radio/radio_temp/i3_files/eventData_1693699806_2023-09-03_00-10-06_4095_138317.i3.gz done.
... I am starting
-- File /mnt/lfs6/exp/IceCube/2023/unbiased/surface/V7_radio/radio_temp/i3_files/eventData_1693786207_2023-09-04_00-10-07_4095_138318.i3.gz done.
... I am starting
-- File /mnt/lfs6/exp/IceCube/2023/unbiased/surface/V7_radio/radio_temp/i3_files/eventData_1693786207_2023-09-04_00-10-07_4095_138319.i3.gz done.
... I am starting
-- File /mnt/lfs6/exp/IceCube/2023/unbiased/surface/V7_radio/radio_temp/i3_files/eventData_1693786207_2023-09-04_00-10-07_4095_138320.i3.gz done.
... I am starting
-- File /mnt/lfs6/exp/IceCube/2023/unbiased/surface/V7_radio/radio_temp/i3_files/eventData_1693872607_2023-09-05_00-10-07_4095_138321.i3.gz done.
... I am starting
-- File /mnt/lfs6/exp/IceCube/2023/unbiased/surface/V7_radio/radio_temp/i3_files/eventData_1693872607_2023-09-05_00-10-07_4095_138322.i3.gz done.
... I am starting
-- File /mnt/lfs6/exp/IceCube/2023/unbiased/surface/V7_radio/radio_temp/i3_files/eventData_1693872607_2023-09-05_00-10-07_4095_138323.i3.gz done.
... I am starting
-- File /mnt/lfs6/exp/IceCube/2023/unbiased/surface/V7_radio/radio_temp/i3_files/eventData_1693959007_2023-09-06_00-10-07_4095_138324.i3.gz done.
... I am starting
-- File /mnt/lfs6/exp/IceCube/2023/unbiased/surface/V7_radio/radio_temp/i3_files/eventData_1693959007_2023-09-06_00-10-07_4095_138325.i3.gz done.
... I am starting
-- File /mnt/lfs6/exp/IceCube/2023/unbiased/surface/V7_radio/radio_temp/i3_files/eventData_1693959007_2023-09-06_00-10-07_4095_138326.i3.gz done.
... I am starting
-- File /mnt/lfs6/exp/IceCube/2023/unbiased/surface/V7_radio/radio_temp/i3_files/eventData_1694045407_2023-09-07_00-10-07_4095_138329.i3.gz done.
... I am starting
/mnt/lfs6/exp/IceCube/2023/unbiased/surface/V7_radio/radio_temp/i3_files/eventData_1694045407_2023-09-07_00-10-07_4095_138330.i3.gz
... I am starting
/mnt/lfs6/exp/IceCube/2023/unbiased/surface/V7_radio/radio_temp/i3_files/eventData_1694045407_2023-09-07_00-10-07_4095_138331.i3.gz
... I am starting
/mnt/lfs6/exp/IceCube/2023/unbiased/surface/V7_radio/radio_temp/i3_files/eventData_1694131806_2023-09-08_00-10-06_4095_138333.i3.gz
... I am starting
/mnt/lfs6/exp/IceCube/2023/unbiased/surface/V7_radio/radio_temp/i3_files/eventData_1694131806_2023-09-08_00-10-06_4095_138334.i3.gz
... I am starting
-- File /mnt/lfs6/exp/IceCube/2023/unbiased/surface/V7_radio/radio_temp/i3_files/eventData_1694131806_2023-09-08_00-10-06_4095_138335.i3.gz done.
... I am starting
-- File /mnt/lfs6/exp/IceCube/2023/unbiased/surface/V7_radio/radio_temp/i3_files/eventData_1694131806_2023-09-08_00-10-06_4095_138337.i3.gz done.
... I am starting
-- File /mnt/lfs6/exp/IceCube/2023/unbiased/surface/V7_radio/radio_temp/i3_files/eventData_1694218206_2023-09-09_00-10-06_4095_138338.i3.gz done.
... I am starting
-- File /mnt/lfs6/exp/IceCube/2023/unbiased/surface/V7_radio/radio_temp/i3_files/eventData_1694218206_2023-09-09_00-10-06_4095_138339.i3.gz done.
... I am starting
-- File /mnt/lfs6/exp/IceCube/2023/unbiased/surface/V7_radio/radio_temp/i3_files/eventData_1694218206_2023-09-09_00-10-06_4095_138340.i3.gz done.
... I am starting
-- File /mnt/lfs6/exp/IceCube/2023/unbiased/surface/V7_radio/radio_temp/i3_files/eventData_1694304606_2023-09-10_00-10-06_4095_138341.i3.gz done.
... I am starting
-- File /mnt/lfs6/exp/IceCube/2023/unbiased/surface/V7_radio/radio_temp/i3_files/eventData_1694304606_2023-09-10_00-10-06_4095_138342.i3.gz done.
... I am starting
/mnt/lfs6/exp/IceCube/2023/unbiased/surface/V7_radio/radio_temp/i3_files/eventData_1694304606_2023-09-10_00-10-06_4095_138343.i3.gz
... I am starting
-- File /mnt/lfs6/exp/IceCube/2023/unbiased/surface/V7_radio/radio_temp/i3_files/eventData_1694391007_2023-09-11_00-10-07_4095_138344.i3.gz done.
... I am starting
/mnt/lfs6/exp/IceCube/2023/unbiased/surface/V7_radio/radio_temp/i3_files/eventData_1694391007_2023-09-11_00-10-07_4095_138345.i3.gz
... I am starting
/mnt/lfs6/exp/IceCube/2023/unbiased/surface/V7_radio/radio_temp/i3_files/eventData_1694391007_2023-09-11_00-10-07_4095_138346.i3.gz
... I am starting
-- File /mnt/lfs6/exp/IceCube/2023/unbiased/surface/V7_radio/radio_temp/i3_files/eventData_1694477407_2023-09-12_00-10-07_4095_138347.i3.gz done.
... I am starting
/mnt/lfs6/exp/IceCube/2023/unbiased/surface/V7_radio/radio_temp/i3_files/eventData_1694477407_2023-09-12_00-10-07_4095_138348.i3.gz
... I am starting
/mnt/lfs6/exp/IceCube/2023/unbiased/surface/V7_radio/radio_temp/i3_files/eventData_1694477407_2023-09-12_00-10-07_4095_138349.i3.gz
... I am starting
-- File /mnt/lfs6/exp/IceCube/2023/unbiased/surface/V7_radio/radio_temp/i3_files/eventData_1694563807_2023-09-13_00-10-07_4095_138350.i3.gz done.
... I am starting
-- File /mnt/lfs6/exp/IceCube/2023/unbiased/surface/V7_radio/radio_temp/i3_files/eventData_1694563807_2023-09-13_00-10-07_4095_138351.i3.gz done.
... I am starting
-- File /mnt/lfs6/exp/IceCube/2023/unbiased/surface/V7_radio/radio_temp/i3_files/eventData_1694563807_2023-09-13_00-10-07_4095_138352.i3.gz done.
... I am starting
-- File /mnt/lfs6/exp/IceCube/2023/unbiased/surface/V7_radio/radio_temp/i3_files/eventData_1694650207_2023-09-14_00-10-07_4095_138353.i3.gz done.
... I am starting
-- File /mnt/lfs6/exp/IceCube/2023/unbiased/surface/V7_radio/radio_temp/i3_files/eventData_1694650207_2023-09-14_00-10-07_4095_138354.i3.gz done.
... I am starting
-- File /mnt/lfs6/exp/IceCube/2023/unbiased/surface/V7_radio/radio_temp/i3_files/eventData_1694650207_2023-09-14_00-10-07_4095_138355.i3.gz done.
... I am starting
-- File /mnt/lfs6/exp/IceCube/2023/unbiased/surface/V7_radio/radio_temp/i3_files/eventData_1694736606_2023-09-15_00-10-06_4095_138356.i3.gz done.
... I am starting
-- File /mnt/lfs6/exp/IceCube/2023/unbiased/surface/V7_radio/radio_temp/i3_files/eventData_1694736606_2023-09-15_00-10-06_4095_138357.i3.gz done.
... I am starting
-- File /mnt/lfs6/exp/IceCube/2023/unbiased/surface/V7_radio/radio_temp/i3_files/eventData_1694736606_2023-09-15_00-10-06_4095_138358.i3.gz done.
... I am starting
-- File /mnt/lfs6/exp/IceCube/2023/unbiased/surface/V7_radio/radio_temp/i3_files/eventData_1694823007_2023-09-16_00-10-07_4095_138359.i3.gz done.
... I am starting
-- File /mnt/lfs6/exp/IceCube/2023/unbiased/surface/V7_radio/radio_temp/i3_files/eventData_1694823007_2023-09-16_00-10-07_4095_138360.i3.gz done.
... I am starting
-- File /mnt/lfs6/exp/IceCube/2023/unbiased/surface/V7_radio/radio_temp/i3_files/eventData_1694823007_2023-09-16_00-10-07_4095_138361.i3.gz done.
... I am starting
-- File /mnt/lfs6/exp/IceCube/2023/unbiased/surface/V7_radio/radio_temp/i3_files/eventData_1694909406_2023-09-17_00-10-06_4095_138362.i3.gz done.
... I am starting
-- File /mnt/lfs6/exp/IceCube/2023/unbiased/surface/V7_radio/radio_temp/i3_files/eventData_1694909406_2023-09-17_00-10-06_4095_138363.i3.gz done.
... I am starting
-- File /mnt/lfs6/exp/IceCube/2023/unbiased/surface/V7_radio/radio_temp/i3_files/eventData_1694909406_2023-09-17_00-10-06_4095_138364.i3.gz done.
-- Time elapsed: 539.39 min.
