2024-08-21 14:08:10 - {'stat': 'median', 'amp': 6.771511459832993, 'amp_std': 2.6456383657365476, 'phase': -8.983885143908271, 'phase_std': 0.4538858249126297, 'amp2': 5.908669012080928, 'amp2_std': 2.6494719527333177, 'phase2': -3.642953738355701, 'phase2_std': 0.5202006405655049}
2024-08-21 14:08:10 - {'stat': 'median', 'amp': 8.393965414709212, 'amp_std': 3.9212734064845063, 'phase': -2.4519397830506207, 'phase_std': 0.5042843028329304, 'amp2': 7.172995785664608, 'amp2_std': 3.945808823870924, 'phase2': -3.3593375432383943, 'phase2_std': 0.5878389884206034}
2024-08-21 14:08:11 - {'stat': 'median', 'amp': 5.717720299224755, 'amp_std': 1.799353994118035, 'phase': -2.48508784906093, 'phase_std': 0.3435408415208443, 'amp2': 4.462500760507945, 'amp2_std': 1.802734320364604, 'phase2': -3.4172819397579413, 'phase2_std': 0.4401940050218328}
2024-08-21 14:08:12 - {'stat': 'median', 'amp': 6.068724004237443, 'amp_std': 2.009761711024978, 'phase': -2.697494196887849, 'phase_std': 0.3844474305623076, 'amp2': 5.053461600679418, 'amp2_std': 2.0054361002807077, 'phase2': -3.6687588275058927, 'phase2_std': 0.46298429219570386}
2024-08-21 14:08:45 - {'stat': 'mean', 'amp': 3.7760308675800953, 'amp_std': 1.1437519098045426, 'phase': -9.176531514264502, 'phase_std': 0.3636033499671767, 'amp2': 2.8327688838048544, 'amp2_std': 1.1466030250119206, 'phase2': 8.48618972112715, 'phase2_std': 0.48443055026847387}
2024-08-21 14:08:45 - {'stat': 'mean', 'amp': 4.688670218037408, 'amp_std': 1.4910867533848688, 'phase': -8.726134000581515, 'phase_std': 0.34224451754229035, 'amp2': 3.6325746065456603, 'amp2_std': 1.4968945689153832, 'phase2': 2.920112992668971, 'phase2_std': 0.4409488024590873}
2024-08-21 14:08:46 - {'stat': 'mean', 'amp': 5.937945895370871, 'amp_std': 2.3061308057977183, 'phase': -8.958920936825999, 'phase_std': 0.4484577432456637, 'amp2': 5.19158678875447, 'amp2_std': 2.3100619123834383, 'phase2': 2.6682923393203493, 'phase2_std': 0.5130396300821178}
2024-08-21 14:08:47 - {'stat': 'mean', 'amp': 7.500740294617546, 'amp_std': 3.402825618056957, 'phase': -8.851071677693938, 'phase_std': 0.5085514591718658, 'amp2': 6.373489274075476, 'amp2_std': 3.417412199279879, 'phase2': -3.487680463645097, 'phase2_std': 0.597319797903931}
2024-08-21 14:08:47 - {'stat': 'mean', 'amp': 4.613184191170918, 'amp_std': 1.4533779956040251, 'phase': -8.805733121855457, 'phase_std': 0.34820264411769564, 'amp2': 3.510747673082721, 'amp2_std': 1.4539219683848994, 'phase2': 2.8186989560819633, 'phase2_std': 0.4579463179792293}
2024-08-21 14:08:48 - {'stat': 'mean', 'amp': 5.469349995757142, 'amp_std': 1.764633240514848, 'phase': -8.97524510805823, 'phase_std': 0.3740226528975677, 'amp2': 4.5649171914206335, 'amp2_std': 1.7604521452161, 'phase2': 2.6187681602708546, 'phase2_std': 0.4496443480664467}
2024-08-26 16:23:30 - No artists with labels found to put in legend.  Note that artists whose label start with an underscore are ignored when legend() is called with no argument.
2024-08-26 16:23:30 - No artists with labels found to put in legend.  Note that artists whose label start with an underscore are ignored when legend() is called with no argument.
2024-08-26 16:23:30 - No artists with labels found to put in legend.  Note that artists whose label start with an underscore are ignored when legend() is called with no argument.
2024-08-27 11:33:20 - {'stat': 'mean', 'A1': 11.407164197779425, 'phi1': -2.8154053831338, 'A2': 10.407849702613092, 'phi2': -3.7710344721572984, 'a': -1.189489696228034e-06, 'mean': 2002.6809242315016}
2024-08-27 11:33:20 - {'stat': 'mean', 'A1_std': 2.914491306685183, 'phi1_std': 0.32474924437281344, 'A2_std': 2.9086927794336224, 'phi2_std': 0.3562495591935198, 'a_std': 4.735806494394778e-07, 'mean_std': 797.3518789979139}
2024-08-27 11:34:05 - {'stat': 'mean', 'A1': 11.407164197779425, 'phi1': -2.8154053831338, 'A2': 10.407849702613092, 'phi2': -3.7710344721572984, 'a': -1.189489696228034e-06, 'mean': 2002.6809242315016}
2024-08-27 11:34:05 - {'stat': 'mean', 'A1_std': 2.914491306685183, 'phi1_std': 0.32474924437281344, 'A2_std': 2.9086927794336224, 'phi2_std': 0.3562495591935198, 'a_std': 4.735806494394778e-07, 'mean_std': 797.3518789979139}
2024-08-27 11:34:06 - {'stat': 'mean', 'A1': 3.9867684660499227, 'phi1': -3.2383620615429813, 'A2': 3.393364494807139, 'phi2': -4.4625783751293575, 'a': -6.479391879690019e-07, 'mean': 1090.7539573942947}
2024-08-27 11:34:06 - {'stat': 'mean', 'A1_std': 0.9296603781847493, 'phi1_std': 0.2980441093913509, 'A2_std': 0.9898103676066584, 'phi2_std': 0.3354281204871381, 'a_std': 1.5158137153976559e-07, 'mean_std': 255.2124788541298}
2024-08-27 11:34:07 - {'stat': 'mean', 'A1': 5.421390267034429, 'phi1': -2.77837065474052, 'A2': 4.462159023335255, 'phi2': -3.7788399106559742, 'a': -5.627582544920985e-07, 'mean': 947.3678475303716}
2024-08-27 11:34:07 - {'stat': 'mean', 'A1_std': 1.2224080500198409, 'phi1_std': 0.28389090207480383, 'A2_std': 1.2116882348406275, 'phi2_std': 0.34668878940854125, 'a_std': 1.9747237768671314e-07, 'mean_std': 332.4776288657037}
2024-08-27 11:34:07 - {'stat': 'mean', 'A1': 8.59415782705859, 'phi1': -2.9275920470380346, 'A2': 7.961854331573755, 'phi2': -3.89189201790394, 'a': -8.551899277884678e-07, 'mean': 1439.852861834812}
2024-08-27 11:34:07 - {'stat': 'mean', 'A1_std': 1.9807044317400386, 'phi1_std': 0.29897900818197803, 'A2_std': 1.980843416733622, 'phi2_std': 0.3225979361127311, 'a_std': 3.2596948076454276e-07, 'mean_std': 548.8238979272438}
2024-08-27 11:34:08 - {'stat': 'mean', 'A1': 5.318435693087066, 'phi1': -2.898786762280411, 'A2': 4.375582328050638, 'phi2': -3.9299300425543837, 'a': -6.213493926339375e-07, 'mean': 1046.009857802743}
2024-08-27 11:34:08 - {'stat': 'mean', 'A1_std': 1.1979510727049676, 'phi1_std': 0.29098098769603425, 'A2_std': 1.1934135248810696, 'phi2_std': 0.3544149897846421, 'a_std': 1.9665469386620576e-07, 'mean_std': 331.1009219182926}
2024-08-27 11:34:08 - {'stat': 'mean', 'A1': 6.555990102611553, 'phi1': -2.902058130911583, 'A2': 5.780132124623311, 'phi2': -3.8977769644601383, 'a': -7.497553565308294e-07, 'mean': 1262.2779933703357}
2024-08-27 11:34:08 - {'stat': 'mean', 'A1_std': 1.5342597672547604, 'phi1_std': 0.3026159319147908, 'A2_std': 1.5305854886137846, 'phi2_std': 0.34351141387021034, 'a_std': 2.5194492500464094e-07, 'mean_std': 424.1912325546316}
2024-08-27 11:36:07 - {'stat': 'mean', 'A1': 11.407164197779425, 'phi1': -2.8154053831338, 'A2': 10.407849702613092, 'phi2': -3.7710344721572984, 'a': -1.189489696228034e-06, 'mean': 2002.6809242315016}
2024-08-27 11:36:07 - {'stat': 'mean', 'A1_std': 2.914491306685183, 'phi1_std': 0.32474924437281344, 'A2_std': 2.9086927794336224, 'phi2_std': 0.3562495591935198, 'a_std': 4.735806494394778e-07, 'mean_std': 797.3518789979139}
2024-08-27 11:36:08 - {'stat': 'mean', 'A1': 3.9867684660499227, 'phi1': -3.2383620615429813, 'A2': 3.393364494807139, 'phi2': -4.4625783751293575, 'a': -6.479391879690019e-07, 'mean': 1090.7539573942947}
2024-08-27 11:36:08 - {'stat': 'mean', 'A1_std': 0.9296603781847493, 'phi1_std': 0.2980441093913509, 'A2_std': 0.9898103676066584, 'phi2_std': 0.3354281204871381, 'a_std': 1.5158137153976559e-07, 'mean_std': 255.2124788541298}
2024-08-27 11:36:09 - {'stat': 'mean', 'A1': 5.421390267034429, 'phi1': -2.77837065474052, 'A2': 4.462159023335255, 'phi2': -3.7788399106559742, 'a': -5.627582544920985e-07, 'mean': 947.3678475303716}
2024-08-27 11:36:09 - {'stat': 'mean', 'A1_std': 1.2224080500198409, 'phi1_std': 0.28389090207480383, 'A2_std': 1.2116882348406275, 'phi2_std': 0.34668878940854125, 'a_std': 1.9747237768671314e-07, 'mean_std': 332.4776288657037}
2024-08-27 11:36:09 - {'stat': 'mean', 'A1': 8.59415782705859, 'phi1': -2.9275920470380346, 'A2': 7.961854331573755, 'phi2': -3.89189201790394, 'a': -8.551899277884678e-07, 'mean': 1439.852861834812}
2024-08-27 11:36:09 - {'stat': 'mean', 'A1_std': 1.9807044317400386, 'phi1_std': 0.29897900818197803, 'A2_std': 1.980843416733622, 'phi2_std': 0.3225979361127311, 'a_std': 3.2596948076454276e-07, 'mean_std': 548.8238979272438}
2024-08-27 11:36:10 - {'stat': 'mean', 'A1': 5.318435693087066, 'phi1': -2.898786762280411, 'A2': 4.375582328050638, 'phi2': -3.9299300425543837, 'a': -6.213493926339375e-07, 'mean': 1046.009857802743}
2024-08-27 11:36:10 - {'stat': 'mean', 'A1_std': 1.1979510727049676, 'phi1_std': 0.29098098769603425, 'A2_std': 1.1934135248810696, 'phi2_std': 0.3544149897846421, 'a_std': 1.9665469386620576e-07, 'mean_std': 331.1009219182926}
2024-08-27 11:36:10 - {'stat': 'mean', 'A1': 6.555990102611553, 'phi1': -2.902058130911583, 'A2': 5.780132124623311, 'phi2': -3.8977769644601383, 'a': -7.497553565308294e-07, 'mean': 1262.2779933703357}
2024-08-27 11:36:10 - {'stat': 'mean', 'A1_std': 1.5342597672547604, 'phi1_std': 0.3026159319147908, 'A2_std': 1.5305854886137846, 'phi2_std': 0.34351141387021034, 'a_std': 2.5194492500464094e-07, 'mean_std': 424.1912325546316}
2024-08-27 11:37:02 - {'stat': 'median', 'A1': 11.090478614682745, 'phi1': -2.9402074448661923, 'A2': 10.068497160242332, 'phi2': -3.909259487799583, 'a': -1.2408794005990817e-06, 'mean': 2089.1939160295465}
2024-08-27 11:37:02 - {'stat': 'median', 'A1_std': 3.1610900274853857, 'phi1_std': 0.3702869108984396, 'A2_std': 3.16187988811901, 'phi2_std': 0.4077617918194173, 'a_std': 5.207090121004732e-07, 'mean_std': 876.7003249294141}
2024-08-27 11:37:03 - {'stat': 'median', 'A1': 3.9921071525383924, 'phi1': -3.2963877463750686, 'A2': 3.4692016624035658, 'phi2': -4.532993723997975, 'a': -6.648507462387746e-07, 'mean': 1119.2255478428228}
2024-08-27 11:37:03 - {'stat': 'median', 'A1_std': 0.968665621631839, 'phi1_std': 0.30581922917582605, 'A2_std': 1.041046161197949, 'phi2_std': 0.33422039563025924, 'a_std': 1.5656827434166354e-07, 'mean_std': 263.6087599858508}
2024-08-27 11:37:03 - {'stat': 'median', 'A1': 1.0889705934565477, 'phi1': -2.4620962807107776, 'A2': 0.0010154164168588442, 'phi2': -1.8472422922612513, 'a': -1.0582794406120969e-10, 'mean': 0.0377646921558102}
2024-08-27 11:37:03 - {'stat': 'median', 'A1_std': 1.5654832796949223, 'phi1_std': 1.5986005487771802, 'A2_std': 1.7508170508309346, 'phi2_std': 1530.5541418016119, 'a_std': 2.3521424160817456e-07, 'mean_std': 396.0223411500755}
2024-08-27 11:37:04 - {'stat': 'median', 'A1': 7.954928177138977, 'phi1': -3.0357509017101596, 'A2': 7.268153167922102, 'phi2': -4.010373067739806, 'a': -8.966870851428822e-07, 'mean': 1509.7031843101142}
2024-08-27 11:37:04 - {'stat': 'median', 'A1_std': 2.077326816261599, 'phi1_std': 0.34108017787538053, 'A2_std': 2.084538514223303, 'phi2_std': 0.3724789856593545, 'a_std': 3.433575462985117e-07, 'mean_std': 578.0996014484124}
2024-08-27 11:37:05 - {'stat': 'median', 'A1': 5.184106282174564, 'phi1': -2.9423517713018867, 'A2': 4.260895999232671, 'phi2': -3.981794382997682, 'a': -6.215654223189921e-07, 'mean': 1046.3893884180127}
2024-08-27 11:37:05 - {'stat': 'median', 'A1_std': 1.2142845066829413, 'phi1_std': 0.30438340031511013, 'A2_std': 1.2137167654022698, 'phi2_std': 0.37039229787310407, 'a_std': 2.0004933996267484e-07, 'mean_std': 336.81637392136145}
2024-08-27 11:37:05 - {'stat': 'median', 'A1': 6.285780783068252, 'phi1': -2.942279529778714, 'A2': 5.495229872568679, 'phi2': -3.9439254790721727, 'a': -7.493843811653684e-07, 'mean': 1261.6624410338295}
2024-08-27 11:37:05 - {'stat': 'median', 'A1_std': 1.5573386881394142, 'phi1_std': 0.3219458449971937, 'A2_std': 1.556600200360121, 'phi2_std': 0.3683503772327539, 'a_std': 2.565649513384411e-07, 'mean_std': 431.9698161079714}
