2024-09-11 20:53:19 - {'ant': 1, 'pol': 1, 'init_time': '2024-01-05', 'final_time': '2024-01-07', 'Amp': -0.6661078832381901, 'phase': 1.6231454252793442, 'mean': 0.0027021430403684665, 'dAmp': 0.057790675377065094, 'dPhase': 0.08272012807466138, 'dMean': 0.04066658640567123}
2024-09-11 20:54:36 - {'ant': 1, 'pol': 2, 'init_time': '2024-01-05', 'final_time': '2024-01-07', 'Amp': 0.4041020527367947, 'phase': 1.662166749094727, 'mean': -0.05073307710097341, 'dAmp': 0.04699384106306443, 'dPhase': 0.11105769449754249, 'dMean': 0.033094219184881576}
2024-09-11 20:55:52 - {'ant': 2, 'pol': 1, 'init_time': '2024-01-05', 'final_time': '2024-01-07', 'Amp': 0.28899515197907805, 'phase': 1.3004846974171165, 'mean': -0.004032414518574183, 'dAmp': 0.07167078067798538, 'dPhase': 0.23607000075930573, 'dMean': 0.050394690924066766}
2024-09-11 20:57:09 - {'ant': 2, 'pol': 2, 'init_time': '2024-01-05', 'final_time': '2024-01-07', 'Amp': -0.5718648086763178, 'phase': 1.5613174484381738, 'mean': -0.006377128552791626, 'dAmp': 0.05315075811822482, 'dPhase': 0.08844472859079544, 'dMean': 0.03736706181946726}
2024-09-11 20:58:25 - {'ant': 3, 'pol': 1, 'init_time': '2024-01-05', 'final_time': '2024-01-07', 'Amp': -0.5903107735965275, 'phase': 1.1325669512410628, 'mean': -0.07137104773561438, 'dAmp': 0.05460810619871076, 'dPhase': 0.08870275235209, 'dMean': 0.03853126221319408}
2024-09-11 20:59:42 - {'ant': 3, 'pol': 2, 'init_time': '2024-01-05', 'final_time': '2024-01-07', 'Amp': 0.207909633444612, 'phase': 0.68161794609085, 'mean': 0.021045848218488053, 'dAmp': 0.06748687909836712, 'dPhase': 0.3235940415223726, 'dMean': 0.048532394553627005}
2024-09-11 20:59:52 - -
2024-09-11 21:03:00 - {'ant': 1, 'pol': 1, 'init_time': '2024-01-05', 'final_time': '2024-01-07', 'Amp': -0.6661078832381901, 'phase': 1.6231454252793442, 'mean': 0.0027021430403684665, 'dAmp': 0.057790675377065094, 'dPhase': 0.08272012807466138, 'dMean': 0.04066658640567123}
2024-09-11 21:04:16 - {'ant': 1, 'pol': 2, 'init_time': '2024-01-05', 'final_time': '2024-01-07', 'Amp': 0.4041020527367947, 'phase': 1.662166749094727, 'mean': -0.05073307710097341, 'dAmp': 0.04699384106306443, 'dPhase': 0.11105769449754249, 'dMean': 0.033094219184881576}
2024-09-11 21:05:31 - {'ant': 2, 'pol': 1, 'init_time': '2024-01-05', 'final_time': '2024-01-07', 'Amp': 0.28899515197907805, 'phase': 1.3004846974171165, 'mean': -0.004032414518574183, 'dAmp': 0.07167078067798538, 'dPhase': 0.23607000075930573, 'dMean': 0.050394690924066766}
2024-09-11 21:06:46 - {'ant': 2, 'pol': 2, 'init_time': '2024-01-05', 'final_time': '2024-01-07', 'Amp': -0.5718648086763178, 'phase': 1.5613174484381738, 'mean': -0.006377128552791626, 'dAmp': 0.05315075811822482, 'dPhase': 0.08844472859079544, 'dMean': 0.03736706181946726}
2024-09-11 21:07:59 - {'ant': 3, 'pol': 1, 'init_time': '2024-01-05', 'final_time': '2024-01-07', 'Amp': -0.5903107735965275, 'phase': 1.1325669512410628, 'mean': -0.07137104773561438, 'dAmp': 0.05460810619871076, 'dPhase': 0.08870275235209, 'dMean': 0.03853126221319408}
2024-09-11 21:09:15 - {'ant': 3, 'pol': 2, 'init_time': '2024-01-05', 'final_time': '2024-01-07', 'Amp': 0.207909633444612, 'phase': 0.68161794609085, 'mean': 0.021045848218488053, 'dAmp': 0.06748687909836712, 'dPhase': 0.3235940415223726, 'dMean': 0.048532394553627005}
2024-09-11 21:09:24 - -
2024-09-11 21:20:00 - {'ant': 1, 'pol': 1, 'init_time': '2024-01-05', 'final_time': '2024-01-26', 'Amp': -0.48533110004236707, 'phase': 1.701592992675979, 'mean': -0.10955580744967726, 'dAmp': 0.06059775579324321, 'dPhase': 0.12820312034980785, 'dMean': 0.0444160635859493}
2024-09-11 21:29:41 - {'ant': 1, 'pol': 2, 'init_time': '2024-01-05', 'final_time': '2024-01-26', 'Amp': 0.5396095777248567, 'phase': 1.5628713671698276, 'mean': -0.12563010635904123, 'dAmp': 0.03394860625507693, 'dPhase': 0.06552697719828486, 'dMean': 0.025067886503739478}
2024-09-11 21:39:22 - {'ant': 2, 'pol': 1, 'init_time': '2024-01-05', 'final_time': '2024-01-26', 'Amp': 0.3480162775342265, 'phase': 1.2984800768591696, 'mean': -0.10243120307682235, 'dAmp': 0.034099590859494856, 'dPhase': 0.10390025114955422, 'dMean': 0.025417791621891124}
2024-09-11 21:48:53 - {'ant': 2, 'pol': 2, 'init_time': '2024-01-05', 'final_time': '2024-01-26', 'Amp': -0.44987448422068876, 'phase': 1.4083746749708947, 'mean': -0.45114250889077656, 'dAmp': 0.04286691966615073, 'dPhase': 0.10046558912863464, 'dMean': 0.03185675066893141}
2024-09-11 21:58:23 - {'ant': 3, 'pol': 1, 'init_time': '2024-01-05', 'final_time': '2024-01-26', 'Amp': -0.38832680798699876, 'phase': 0.9124908215899398, 'mean': -0.1412330502502661, 'dAmp': 0.03770306679407276, 'dPhase': 0.10265600315651723, 'dMean': 0.028060673926701606}
2024-09-11 22:07:52 - {'ant': 3, 'pol': 2, 'init_time': '2024-01-05', 'final_time': '2024-01-26', 'Amp': 0.32693764491810207, 'phase': 0.5143669809687216, 'mean': 0.015299854476309258, 'dAmp': 0.04367789582073671, 'dPhase': 0.13626939329754648, 'dMean': 0.03190707199907433}
2024-09-11 22:08:39 - -
