2024-08-29 14:09:35 - {'freq': '70-90', 'ant': 0, 'pol': 0, 'init_time': '2023-08-10', 'final_time': '2023-08-20', 'stat': 'mean'}
2024-08-29 14:09:35 - {'A1': 4.349022010242491, 'phi1': -3.1197560721251496, 'A2': 4.34427491388767, 'phi2': -2.3816852874147667, 'mean': -0.0320160259444768}
2024-08-29 14:09:35 - {'A1_std': 1.1115110448662804, 'phi1_std': 0.21271492672577655, 'A2_std': 1.1141428285612647, 'phi2_std': 0.21320554776129919, 'mean_std': 0.04630875629623692}
2024-08-29 14:09:35 - {'freq': '70-90', 'ant': 0, 'pol': 1, 'init_time': '2023-08-10', 'final_time': '2023-08-20', 'stat': 'mean'}
2024-08-29 14:09:35 - {'A1': 4.66867465079538, 'phi1': -3.0652159186031294, 'A2': 4.724724525424261, 'phi2': -2.3570348448584832, 'mean': 0.018506971911927166}
2024-08-29 14:09:35 - {'A1_std': 1.2169697990933106, 'phi1_std': 0.21488314362563413, 'A2_std': 1.2172462954207284, 'phi2_std': 0.21322494106235523, 'mean_std': 0.05050428062983683}
2024-08-29 14:09:36 - {'freq': '70-90', 'ant': 1, 'pol': 0, 'init_time': '2023-08-10', 'final_time': '2023-08-20', 'stat': 'mean'}
2024-08-29 14:09:36 - {'A1': 3.1775619318194575, 'phi1': -1.4672162308286674, 'A2': 3.176757128320898, 'phi2': -0.713458069894881, 'mean': 0.18663525880327322}
2024-08-29 14:09:36 - {'A1_std': 3.3432282375829514, 'phi1_std': 1.2807700147207521, 'A2_std': 3.3452087505415093, 'phi2_std': 1.2850881362866573, 'mean_std': 0.16868946674858157}
2024-08-29 14:09:36 - {'freq': '70-90', 'ant': 1, 'pol': 1, 'init_time': '2023-08-10', 'final_time': '2023-08-20', 'stat': 'mean'}
2024-08-29 14:09:36 - {'A1': 6.356998695903179, 'phi1': -0.7341250376592626, 'A2': 6.557391560688707, 'phi2': -0.017404871127946465, 'mean': 0.26148436912987655}
2024-08-29 14:09:36 - {'A1_std': 4.70751855928172, 'phi1_std': 0.8059062933876651, 'A2_std': 4.709496942564543, 'phi2_std': 0.7836990835995377, 'mean_std': 0.22278866697933683}
2024-08-29 14:09:37 - {'freq': '70-90', 'ant': 2, 'pol': 0, 'init_time': '2023-08-10', 'final_time': '2023-08-20', 'stat': 'mean'}
2024-08-29 14:09:37 - {'A1': 0.6104394878345548, 'phi1': 2.386649677314792, 'A2': 0.5091198968476844, 'phi2': 3.2703626785569893, 'mean': -0.06798887581577577}
2024-08-29 14:09:37 - {'A1_std': 0.6713487747544024, 'phi1_std': 1.2061668512143546, 'A2_std': 0.695112558229952, 'phi2_std': 1.4073180691395246, 'mean_std': 0.031906770649685334}
2024-08-29 14:09:37 - {'freq': '70-90', 'ant': 2, 'pol': 1, 'init_time': '2023-08-10', 'final_time': '2023-08-20', 'stat': 'mean'}
2024-08-29 14:09:37 - {'A1': 4.002061177301002, 'phi1': -3.257991190768054, 'A2': 3.9846792481490825, 'phi2': -2.551789530098154, 'mean': -0.05668549205242687}
2024-08-29 14:09:37 - {'A1_std': 1.4404104948440584, 'phi1_std': 0.30991083821864057, 'A2_std': 1.4390506617294057, 'phi2_std': 0.3130117346598495, 'mean_std': 0.060864806517724745}
2024-08-29 14:09:39 - -
2024-08-29 14:11:11 - {'freq': '70-90', 'ant': 0, 'pol': 0, 'init_time': '2023-08-10', 'final_time': '2023-08-20', 'stat': 'mean'}
2024-08-29 14:11:11 - {'A1': 4.349022010242491, 'phi1': -3.1197560721251496, 'A2': 4.34427491388767, 'phi2': -2.3816852874147667, 'mean': -0.0320160259444768}
2024-08-29 14:11:11 - {'A1_std': 1.1115110448662804, 'phi1_std': 0.21271492672577655, 'A2_std': 1.1141428285612647, 'phi2_std': 0.21320554776129919, 'mean_std': 0.04630875629623692}
2024-08-29 14:11:11 - {'freq': '70-90', 'ant': 0, 'pol': 1, 'init_time': '2023-08-10', 'final_time': '2023-08-20', 'stat': 'mean'}
2024-08-29 14:11:11 - {'A1': 4.66867465079538, 'phi1': -3.0652159186031294, 'A2': 4.724724525424261, 'phi2': -2.3570348448584832, 'mean': 0.018506971911927166}
2024-08-29 14:11:11 - {'A1_std': 1.2169697990933106, 'phi1_std': 0.21488314362563413, 'A2_std': 1.2172462954207284, 'phi2_std': 0.21322494106235523, 'mean_std': 0.05050428062983683}
2024-08-29 14:11:12 - {'freq': '70-90', 'ant': 1, 'pol': 0, 'init_time': '2023-08-10', 'final_time': '2023-08-20', 'stat': 'mean'}
2024-08-29 14:11:12 - {'A1': 3.1775619318194575, 'phi1': -1.4672162308286674, 'A2': 3.176757128320898, 'phi2': -0.713458069894881, 'mean': 0.18663525880327322}
2024-08-29 14:11:12 - {'A1_std': 3.3432282375829514, 'phi1_std': 1.2807700147207521, 'A2_std': 3.3452087505415093, 'phi2_std': 1.2850881362866573, 'mean_std': 0.16868946674858157}
2024-08-29 14:11:12 - {'freq': '70-90', 'ant': 1, 'pol': 1, 'init_time': '2023-08-10', 'final_time': '2023-08-20', 'stat': 'mean'}
2024-08-29 14:11:12 - {'A1': 6.356998695903179, 'phi1': -0.7341250376592626, 'A2': 6.557391560688707, 'phi2': -0.017404871127946465, 'mean': 0.26148436912987655}
2024-08-29 14:11:12 - {'A1_std': 4.70751855928172, 'phi1_std': 0.8059062933876651, 'A2_std': 4.709496942564543, 'phi2_std': 0.7836990835995377, 'mean_std': 0.22278866697933683}
2024-08-29 14:11:13 - {'freq': '70-90', 'ant': 2, 'pol': 0, 'init_time': '2023-08-10', 'final_time': '2023-08-20', 'stat': 'mean'}
2024-08-29 14:11:13 - {'A1': 0.6104394878345548, 'phi1': 2.386649677314792, 'A2': 0.5091198968476844, 'phi2': 3.2703626785569893, 'mean': -0.06798887581577577}
2024-08-29 14:11:13 - {'A1_std': 0.6713487747544024, 'phi1_std': 1.2061668512143546, 'A2_std': 0.695112558229952, 'phi2_std': 1.4073180691395246, 'mean_std': 0.031906770649685334}
2024-08-29 14:11:13 - {'freq': '70-90', 'ant': 2, 'pol': 1, 'init_time': '2023-08-10', 'final_time': '2023-08-20', 'stat': 'mean'}
2024-08-29 14:11:13 - {'A1': 4.002061177301002, 'phi1': -3.257991190768054, 'A2': 3.9846792481490825, 'phi2': -2.551789530098154, 'mean': -0.05668549205242687}
2024-08-29 14:11:13 - {'A1_std': 1.4404104948440584, 'phi1_std': 0.30991083821864057, 'A2_std': 1.4390506617294057, 'phi2_std': 0.3130117346598495, 'mean_std': 0.060864806517724745}
2024-08-29 14:11:15 - -
