2024-08-30 10:25:24 - {'freq': '70-150', 'ant': 0, 'pol': 0, 'init_time': '2024-01-05', 'final_time': '2024-01-26'}
2024-08-30 10:25:24 - {'A1': 2.75272869873196, 'phi1': -3.0005600544880004, 'A2': 2.4116101475980427, 'phi2': 0.23589005584001704, 'mean': -0.014485323559352597}
2024-08-30 10:25:24 - {'A1_std': 0.06332412467133136, 'phi1_std': 0.022048732281633638, 'A2_std': 0.061985996233669585, 'phi2_std': 0.025886116298151213, 'mean_std': 0.005933211088487521}
2024-08-30 10:25:26 - {'freq': '70-150', 'ant': 0, 'pol': 1, 'init_time': '2024-01-05', 'final_time': '2024-01-26'}
2024-08-30 10:25:26 - {'A1': 1.4013204409580104, 'phi1': 3.405833388349731, 'A2': 1.4046132937870122, 'phi2': 0.6387054629519506, 'mean': 0.07753747967757774}
2024-08-30 10:25:26 - {'A1_std': 0.03340548892278102, 'phi1_std': 0.02179164398812354, 'A2_std': 0.03413198454556505, 'phi2_std': 0.02130554682293103, 'mean_std': 0.0030614579208299198}
2024-08-30 10:25:28 - {'freq': '70-150', 'ant': 1, 'pol': 0, 'init_time': '2024-01-05', 'final_time': '2024-01-26'}
2024-08-30 10:25:28 - {'A1': 0.3121414309693295, 'phi1': 2.6685018600881807, 'A2': 0.3133544379869514, 'phi2': -0.05912601182613171, 'mean': 0.008929754608805615}
2024-08-30 10:25:28 - {'A1_std': 0.019507303178540252, 'phi1_std': 0.07440481344777031, 'A2_std': 0.020287229934696335, 'phi2_std': 0.07234250304788267, 'mean_std': 0.002051689357128549}
2024-08-30 10:25:30 - {'freq': '70-150', 'ant': 1, 'pol': 1, 'init_time': '2024-01-05', 'final_time': '2024-01-26'}
2024-08-30 10:25:30 - {'A1': 2.145243963739669, 'phi1': -3.2595933769255083, 'A2': 1.8490459377231845, 'phi2': 6.302114248025338, 'mean': 0.053129510730362324}
2024-08-30 10:25:30 - {'A1_std': 0.09117435656696654, 'phi1_std': 0.04520334081188214, 'A2_std': 0.09026712240254889, 'phi2_std': 0.053190795996293484, 'mean_std': 0.009003099894471622}
2024-08-30 10:25:32 - {'freq': '70-150', 'ant': 2, 'pol': 0, 'init_time': '2024-01-05', 'final_time': '2024-01-26'}
2024-08-30 10:25:32 - {'A1': 1.9160052320531669, 'phi1': -3.015613993985194, 'A2': 1.4864661037229756, 'phi2': 0.4164905235130938, 'mean': 0.13707932186356078}
2024-08-30 10:25:32 - {'A1_std': 0.048624312858256476, 'phi1_std': 0.024473821848733264, 'A2_std': 0.049316928706941626, 'phi2_std': 0.03124807300205562, 'mean_std': 0.0045690626943919845}
2024-08-30 10:25:34 - {'freq': '70-150', 'ant': 2, 'pol': 1, 'init_time': '2024-01-05', 'final_time': '2024-01-26'}
2024-08-30 10:25:34 - {'A1': 1.1395651159306739, 'phi1': -2.5982362651756543, 'A2': 1.1889441625648551, 'phi2': 0.5921357592120204, 'mean': -0.08252257103585049}
2024-08-30 10:25:34 - {'A1_std': 0.031211181604880622, 'phi1_std': 0.02300816671144698, 'A2_std': 0.030561392819281174, 'phi2_std': 0.022840431903926466, 'mean_std': 0.002757286200507501}
2024-08-30 10:25:47 - -
2024-08-30 10:26:05 - {'freq': '70-150', 'ant': 0, 'pol': 0, 'init_time': '2024-01-05', 'final_time': '2024-01-26'}
2024-08-30 10:26:05 - {'A1': 2.75272869873196, 'phi1': -3.0005600544880004, 'A2': 2.4116101475980427, 'phi2': 0.23589005584001704, 'mean': -0.014485323559352597}
2024-08-30 10:26:05 - {'A1_std': 0.06332412467133136, 'phi1_std': 0.022048732281633638, 'A2_std': 0.061985996233669585, 'phi2_std': 0.025886116298151213, 'mean_std': 0.005933211088487521}
2024-08-30 10:26:05 - {'freq': '70-150', 'ant': 0, 'pol': 1, 'init_time': '2024-01-05', 'final_time': '2024-01-26'}
2024-08-30 10:26:05 - {'A1': 1.4013204409580104, 'phi1': 3.405833388349731, 'A2': 1.4046132937870122, 'phi2': 0.6387054629519506, 'mean': 0.07753747967757774}
2024-08-30 10:26:05 - {'A1_std': 0.03340548892278102, 'phi1_std': 0.02179164398812354, 'A2_std': 0.03413198454556505, 'phi2_std': 0.02130554682293103, 'mean_std': 0.0030614579208299198}
2024-08-30 10:26:06 - {'freq': '70-150', 'ant': 1, 'pol': 0, 'init_time': '2024-01-05', 'final_time': '2024-01-26'}
2024-08-30 10:26:06 - {'A1': 0.3121414309693295, 'phi1': 2.6685018600881807, 'A2': 0.3133544379869514, 'phi2': -0.05912601182613171, 'mean': 0.008929754608805615}
2024-08-30 10:26:06 - {'A1_std': 0.019507303178540252, 'phi1_std': 0.07440481344777031, 'A2_std': 0.020287229934696335, 'phi2_std': 0.07234250304788267, 'mean_std': 0.002051689357128549}
2024-08-30 10:26:06 - {'freq': '70-150', 'ant': 1, 'pol': 1, 'init_time': '2024-01-05', 'final_time': '2024-01-26'}
2024-08-30 10:26:06 - {'A1': 2.145243963739669, 'phi1': -3.2595933769255083, 'A2': 1.8490459377231845, 'phi2': 6.302114248025338, 'mean': 0.053129510730362324}
2024-08-30 10:26:06 - {'A1_std': 0.09117435656696654, 'phi1_std': 0.04520334081188214, 'A2_std': 0.09026712240254889, 'phi2_std': 0.053190795996293484, 'mean_std': 0.009003099894471622}
2024-08-30 10:26:07 - {'freq': '70-150', 'ant': 2, 'pol': 0, 'init_time': '2024-01-05', 'final_time': '2024-01-26'}
2024-08-30 10:26:07 - {'A1': 1.9160052320531669, 'phi1': -3.015613993985194, 'A2': 1.4864661037229756, 'phi2': 0.4164905235130938, 'mean': 0.13707932186356078}
2024-08-30 10:26:07 - {'A1_std': 0.048624312858256476, 'phi1_std': 0.024473821848733264, 'A2_std': 0.049316928706941626, 'phi2_std': 0.03124807300205562, 'mean_std': 0.0045690626943919845}
2024-08-30 10:26:07 - {'freq': '70-150', 'ant': 2, 'pol': 1, 'init_time': '2024-01-05', 'final_time': '2024-01-26'}
2024-08-30 10:26:07 - {'A1': 1.1395651159306739, 'phi1': -2.5982362651756543, 'A2': 1.1889441625648551, 'phi2': 0.5921357592120204, 'mean': -0.08252257103585049}
2024-08-30 10:26:07 - {'A1_std': 0.031211181604880622, 'phi1_std': 0.02300816671144698, 'A2_std': 0.030561392819281174, 'phi2_std': 0.022840431903926466, 'mean_std': 0.002757286200507501}
2024-08-30 10:26:09 - -
2024-08-30 10:26:46 - {'freq': '70-150', 'ant': 0, 'pol': 0, 'init_time': '2024-01-05', 'final_time': '2024-01-09'}
2024-08-30 10:26:46 - {'A1': 3.7157846095229443, 'phi1': -1.1775377281467991, 'A2': 3.680818098892439, 'phi2': 2.1419291381214527, 'mean': 0.0407634117681881}
2024-08-30 10:26:46 - {'A1_std': 0.4113330576950159, 'phi1_std': 0.11803801711370797, 'A2_std': 0.40564683102123633, 'phi2_std': 0.12093856860729889, 'mean_std': 0.007624523195745787}
2024-08-30 10:26:46 - {'freq': '70-150', 'ant': 0, 'pol': 1, 'init_time': '2024-01-05', 'final_time': '2024-01-09'}
2024-08-30 10:26:46 - {'A1': 4.703258549742587, 'phi1': 0.9585196809810393, 'A2': 4.51450499698328, 'phi2': -2.115842717924173, 'mean': 0.0656947127888231}
2024-08-30 10:26:46 - {'A1_std': 0.3022276394957345, 'phi1_std': 0.052121072843289054, 'A2_std': 0.30206796621096355, 'phi2_std': 0.05456037277261655, 'mean_std': 0.004933913796988751}
2024-08-30 10:26:46 - {'freq': '70-150', 'ant': 1, 'pol': 0, 'init_time': '2024-01-05', 'final_time': '2024-01-09'}
2024-08-30 10:26:46 - {'A1': 2.4693514940600454, 'phi1': 0.6543008126458731, 'A2': 2.412163207759113, 'phi2': 3.89269084834076, 'mean': -0.002099238733423697}
2024-08-30 10:26:46 - {'A1_std': 0.1429617911556257, 'phi1_std': 0.04955169268277686, 'A2_std': 0.14300723987717234, 'phi2_std': 0.0509043570221129, 'mean_std': 0.0023858493882313735}
2024-08-30 10:26:46 - {'freq': '70-150', 'ant': 1, 'pol': 1, 'init_time': '2024-01-05', 'final_time': '2024-01-09'}
2024-08-30 10:26:46 - {'A1': 1.665502138951038, 'phi1': -1.1989729891056715, 'A2': 1.6850275842397555, 'phi2': 2.1650184199564717, 'mean': 0.04339085428811633}
2024-08-30 10:26:46 - {'A1_std': 0.5047746484198617, 'phi1_std': 0.32040078643607395, 'A2_std': 0.4932620561430215, 'phi2_std': 0.3240476865040362, 'mean_std': 0.009314175583337157}
2024-08-30 10:26:46 - {'freq': '70-150', 'ant': 2, 'pol': 0, 'init_time': '2024-01-05', 'final_time': '2024-01-09'}
2024-08-30 10:26:46 - {'A1': 5.022474683795244, 'phi1': -1.6454030891518534, 'A2': 5.186606503723464, 'phi2': 1.6810766275535856, 'mean': 0.1910566223099913}
2024-08-30 10:26:46 - {'A1_std': 0.41468678664755865, 'phi1_std': 0.07309888302130835, 'A2_std': 0.40941079464184543, 'phi2_std': 0.07220257215093488, 'mean_std': 0.0070224214694561355}
2024-08-30 10:26:47 - {'freq': '70-150', 'ant': 2, 'pol': 1, 'init_time': '2024-01-05', 'final_time': '2024-01-09'}
2024-08-30 10:26:47 - {'A1': 5.614156222920187, 'phi1': -0.09562417167175027, 'A2': 5.479749596265714, 'phi2': 3.155086831224336, 'mean': -0.049291794066440214}
2024-08-30 10:26:47 - {'A1_std': 0.21506958206171828, 'phi1_std': 0.04357587052906475, 'A2_std': 0.2160613159150467, 'phi2_std': 0.044613681003427046, 'mean_std': 0.0041299604672649926}
2024-08-30 10:26:48 - -
2024-08-30 15:26:48 - {'freq': '70-150', 'ant': 0, 'pol': 0, 'init_time': '2024-01-05', 'final_time': '2024-01-09'}
2024-08-30 15:26:48 - {'A1': 3.7157846095229443, 'phi1': -1.1775377281467991, 'A2': 3.680818098892439, 'phi2': 2.1419291381214527, 'mean': 0.0407634117681881}
2024-08-30 15:26:48 - {'A1_std': 0.4113330576950159, 'phi1_std': 0.11803801711370797, 'A2_std': 0.40564683102123633, 'phi2_std': 0.12093856860729889, 'mean_std': 0.007624523195745787}
2024-08-30 15:26:48 - {'freq': '70-150', 'ant': 0, 'pol': 1, 'init_time': '2024-01-05', 'final_time': '2024-01-09'}
2024-08-30 15:26:48 - {'A1': 4.703258549742587, 'phi1': 0.9585196809810393, 'A2': 4.51450499698328, 'phi2': -2.115842717924173, 'mean': 0.0656947127888231}
2024-08-30 15:26:48 - {'A1_std': 0.3022276394957345, 'phi1_std': 0.052121072843289054, 'A2_std': 0.30206796621096355, 'phi2_std': 0.05456037277261655, 'mean_std': 0.004933913796988751}
2024-08-30 15:26:48 - {'freq': '70-150', 'ant': 1, 'pol': 0, 'init_time': '2024-01-05', 'final_time': '2024-01-09'}
2024-08-30 15:26:48 - {'A1': 2.4693514940600454, 'phi1': 0.6543008126458731, 'A2': 2.412163207759113, 'phi2': 3.89269084834076, 'mean': -0.002099238733423697}
2024-08-30 15:26:48 - {'A1_std': 0.1429617911556257, 'phi1_std': 0.04955169268277686, 'A2_std': 0.14300723987717234, 'phi2_std': 0.0509043570221129, 'mean_std': 0.0023858493882313735}
2024-08-30 15:26:48 - {'freq': '70-150', 'ant': 1, 'pol': 1, 'init_time': '2024-01-05', 'final_time': '2024-01-09'}
2024-08-30 15:26:48 - {'A1': 1.665502138951038, 'phi1': -1.1989729891056715, 'A2': 1.6850275842397555, 'phi2': 2.1650184199564717, 'mean': 0.04339085428811633}
2024-08-30 15:26:48 - {'A1_std': 0.5047746484198617, 'phi1_std': 0.32040078643607395, 'A2_std': 0.4932620561430215, 'phi2_std': 0.3240476865040362, 'mean_std': 0.009314175583337157}
2024-08-30 15:26:49 - {'freq': '70-150', 'ant': 2, 'pol': 0, 'init_time': '2024-01-05', 'final_time': '2024-01-09'}
2024-08-30 15:26:49 - {'A1': 5.022474683795244, 'phi1': -1.6454030891518534, 'A2': 5.186606503723464, 'phi2': 1.6810766275535856, 'mean': 0.1910566223099913}
2024-08-30 15:26:49 - {'A1_std': 0.41468678664755865, 'phi1_std': 0.07309888302130835, 'A2_std': 0.40941079464184543, 'phi2_std': 0.07220257215093488, 'mean_std': 0.0070224214694561355}
2024-08-30 15:26:49 - {'freq': '70-150', 'ant': 2, 'pol': 1, 'init_time': '2024-01-05', 'final_time': '2024-01-09'}
2024-08-30 15:26:49 - {'A1': 5.614156222920187, 'phi1': -0.09562417167175027, 'A2': 5.479749596265714, 'phi2': 3.155086831224336, 'mean': -0.049291794066440214}
2024-08-30 15:26:49 - {'A1_std': 0.21506958206171828, 'phi1_std': 0.04357587052906475, 'A2_std': 0.2160613159150467, 'phi2_std': 0.044613681003427046, 'mean_std': 0.0041299604672649926}
2024-08-30 15:26:51 - -
2024-08-30 15:28:02 - {'freq': '70-150', 'ant': 0, 'pol': 0, 'init_time': '2024-01-05', 'final_time': '2024-01-09'}
2024-08-30 15:28:02 - {'A1': 3.7157846095229443, 'phi1': -1.1775377281467991, 'A2': 3.680818098892439, 'phi2': 2.1419291381214527, 'mean': 0.0407634117681881}
2024-08-30 15:28:02 - {'A1_std': 0.4113330576950159, 'phi1_std': 0.11803801711370797, 'A2_std': 0.40564683102123633, 'phi2_std': 0.12093856860729889, 'mean_std': 0.007624523195745787}
2024-08-30 15:28:03 - {'freq': '70-150', 'ant': 0, 'pol': 1, 'init_time': '2024-01-05', 'final_time': '2024-01-09'}
2024-08-30 15:28:03 - {'A1': 4.703258549742587, 'phi1': 0.9585196809810393, 'A2': 4.51450499698328, 'phi2': -2.115842717924173, 'mean': 0.0656947127888231}
2024-08-30 15:28:03 - {'A1_std': 0.3022276394957345, 'phi1_std': 0.052121072843289054, 'A2_std': 0.30206796621096355, 'phi2_std': 0.05456037277261655, 'mean_std': 0.004933913796988751}
2024-08-30 15:28:03 - {'freq': '70-150', 'ant': 1, 'pol': 0, 'init_time': '2024-01-05', 'final_time': '2024-01-09'}
2024-08-30 15:28:03 - {'A1': 2.4693514940600454, 'phi1': 0.6543008126458731, 'A2': 2.412163207759113, 'phi2': 3.89269084834076, 'mean': -0.002099238733423697}
2024-08-30 15:28:03 - {'A1_std': 0.1429617911556257, 'phi1_std': 0.04955169268277686, 'A2_std': 0.14300723987717234, 'phi2_std': 0.0509043570221129, 'mean_std': 0.0023858493882313735}
2024-08-30 15:28:03 - {'freq': '70-150', 'ant': 1, 'pol': 1, 'init_time': '2024-01-05', 'final_time': '2024-01-09'}
2024-08-30 15:28:03 - {'A1': 1.665502138951038, 'phi1': -1.1989729891056715, 'A2': 1.6850275842397555, 'phi2': 2.1650184199564717, 'mean': 0.04339085428811633}
2024-08-30 15:28:03 - {'A1_std': 0.5047746484198617, 'phi1_std': 0.32040078643607395, 'A2_std': 0.4932620561430215, 'phi2_std': 0.3240476865040362, 'mean_std': 0.009314175583337157}
2024-08-30 15:28:03 - {'freq': '70-150', 'ant': 2, 'pol': 0, 'init_time': '2024-01-05', 'final_time': '2024-01-09'}
2024-08-30 15:28:03 - {'A1': 5.022474683795244, 'phi1': -1.6454030891518534, 'A2': 5.186606503723464, 'phi2': 1.6810766275535856, 'mean': 0.1910566223099913}
2024-08-30 15:28:03 - {'A1_std': 0.41468678664755865, 'phi1_std': 0.07309888302130835, 'A2_std': 0.40941079464184543, 'phi2_std': 0.07220257215093488, 'mean_std': 0.0070224214694561355}
2024-08-30 15:28:03 - {'freq': '70-150', 'ant': 2, 'pol': 1, 'init_time': '2024-01-05', 'final_time': '2024-01-09'}
2024-08-30 15:28:03 - {'A1': 5.614156222920187, 'phi1': -0.09562417167175027, 'A2': 5.479749596265714, 'phi2': 3.155086831224336, 'mean': -0.049291794066440214}
2024-08-30 15:28:03 - {'A1_std': 0.21506958206171828, 'phi1_std': 0.04357587052906475, 'A2_std': 0.2160613159150467, 'phi2_std': 0.044613681003427046, 'mean_std': 0.0041299604672649926}
2024-08-30 15:28:05 - -
2024-08-30 15:31:14 - {'freq': '70-150', 'ant': 0, 'pol': 0, 'init_time': '2024-01-05', 'final_time': '2024-01-09'}
2024-08-30 15:31:14 - {'A1': 3.7157846095229443, 'phi1': -1.1775377281467991, 'A2': 3.680818098892439, 'phi2': 2.1419291381214527, 'mean': 0.0407634117681881}
2024-08-30 15:31:14 - {'A1_std': 0.4113330576950159, 'phi1_std': 0.11803801711370797, 'A2_std': 0.40564683102123633, 'phi2_std': 0.12093856860729889, 'mean_std': 0.007624523195745787}
2024-08-30 15:31:14 - {'freq': '70-150', 'ant': 0, 'pol': 1, 'init_time': '2024-01-05', 'final_time': '2024-01-09'}
2024-08-30 15:31:14 - {'A1': 4.703258549742587, 'phi1': 0.9585196809810393, 'A2': 4.51450499698328, 'phi2': -2.115842717924173, 'mean': 0.0656947127888231}
2024-08-30 15:31:14 - {'A1_std': 0.3022276394957345, 'phi1_std': 0.052121072843289054, 'A2_std': 0.30206796621096355, 'phi2_std': 0.05456037277261655, 'mean_std': 0.004933913796988751}
2024-08-30 15:31:15 - {'freq': '70-150', 'ant': 1, 'pol': 0, 'init_time': '2024-01-05', 'final_time': '2024-01-09'}
2024-08-30 15:31:15 - {'A1': 2.4693514940600454, 'phi1': 0.6543008126458731, 'A2': 2.412163207759113, 'phi2': 3.89269084834076, 'mean': -0.002099238733423697}
2024-08-30 15:31:15 - {'A1_std': 0.1429617911556257, 'phi1_std': 0.04955169268277686, 'A2_std': 0.14300723987717234, 'phi2_std': 0.0509043570221129, 'mean_std': 0.0023858493882313735}
2024-08-30 15:31:15 - {'freq': '70-150', 'ant': 1, 'pol': 1, 'init_time': '2024-01-05', 'final_time': '2024-01-09'}
2024-08-30 15:31:15 - {'A1': 1.665502138951038, 'phi1': -1.1989729891056715, 'A2': 1.6850275842397555, 'phi2': 2.1650184199564717, 'mean': 0.04339085428811633}
2024-08-30 15:31:15 - {'A1_std': 0.5047746484198617, 'phi1_std': 0.32040078643607395, 'A2_std': 0.4932620561430215, 'phi2_std': 0.3240476865040362, 'mean_std': 0.009314175583337157}
2024-08-30 15:31:15 - {'freq': '70-150', 'ant': 2, 'pol': 0, 'init_time': '2024-01-05', 'final_time': '2024-01-09'}
2024-08-30 15:31:15 - {'A1': 5.022474683795244, 'phi1': -1.6454030891518534, 'A2': 5.186606503723464, 'phi2': 1.6810766275535856, 'mean': 0.1910566223099913}
2024-08-30 15:31:15 - {'A1_std': 0.41468678664755865, 'phi1_std': 0.07309888302130835, 'A2_std': 0.40941079464184543, 'phi2_std': 0.07220257215093488, 'mean_std': 0.0070224214694561355}
2024-08-30 15:31:15 - {'freq': '70-150', 'ant': 2, 'pol': 1, 'init_time': '2024-01-05', 'final_time': '2024-01-09'}
2024-08-30 15:31:15 - {'A1': 5.614156222920187, 'phi1': -0.09562417167175027, 'A2': 5.479749596265714, 'phi2': 3.155086831224336, 'mean': -0.049291794066440214}
2024-08-30 15:31:15 - {'A1_std': 0.21506958206171828, 'phi1_std': 0.04357587052906475, 'A2_std': 0.2160613159150467, 'phi2_std': 0.044613681003427046, 'mean_std': 0.0041299604672649926}
2024-08-30 15:31:17 - -
2024-08-30 15:32:18 - {'freq': '70-150', 'ant': 0, 'pol': 0, 'init_time': '2024-01-05', 'final_time': '2024-01-09'}
2024-08-30 15:32:18 - {'A1': 1.116567681903173e-19, 'phi1': -0.41547539008553147, 'A2': 9.651321082479103e-20, 'phi2': 0.22182703180705082, 'mean': -2.3806322456856844e-11}
2024-08-30 15:32:18 - {'A1_std': 0.020617465264861877, 'phi1_std': 1.2817574475128146e-19, 'A2_std': 0.016135091740111192, 'phi2_std': 0.0, 'mean_std': 0.008109464710562122}
2024-08-30 15:32:18 - {'freq': '70-150', 'ant': 0, 'pol': 1, 'init_time': '2024-01-05', 'final_time': '2024-01-09'}
2024-08-30 15:32:18 - {'A1': 4.7032587231868055, 'phi1': 0.9585197009274937, 'A2': 4.514505167612969, 'phi2': 4.1673426112170455, 'mean': 0.0656947123767516}
2024-08-30 15:32:18 - {'A1_std': 0.3022276411686744, 'phi1_std': 0.052121070935030996, 'A2_std': 0.30206796844401157, 'phi2_std': 0.054561667585407696, 'mean_std': 0.004933913792288001}
2024-08-30 15:32:18 - {'freq': '70-150', 'ant': 1, 'pol': 0, 'init_time': '2024-01-05', 'final_time': '2024-01-09'}
2024-08-30 15:32:18 - {'A1': 2.469352583789299, 'phi1': 0.6543008683886038, 'A2': 2.412164297892872, 'phi2': 3.8926909042868494, 'mean': -0.0020992382958440275}
2024-08-30 15:32:18 - {'A1_std': 0.14296179234846934, 'phi1_std': 0.049551670327753886, 'A2_std': 0.14300724106779464, 'phi2_std': 0.050904334303531244, 'mean_std': 0.0023858493900214576}
2024-08-30 15:32:18 - {'freq': '70-150', 'ant': 1, 'pol': 1, 'init_time': '2024-01-05', 'final_time': '2024-01-09'}
2024-08-30 15:32:18 - {'A1': 1.4555493988547008e-19, 'phi1': -0.43195915949576563, 'A2': 1.3490582960415948e-19, 'phi2': 0.248184026464341, 'mean': -1.9263448444151518e-11}
2024-08-30 15:32:18 - {'A1_std': 0.02242355376994423, 'phi1_std': 4.407979095459548e-19, 'A2_std': 0.01725277685243116, 'phi2_std': 0.0, 'mean_std': 0.009330760155902574}
2024-08-30 15:32:18 - {'freq': '70-150', 'ant': 2, 'pol': 0, 'init_time': '2024-01-05', 'final_time': '2024-01-09'}
2024-08-30 15:32:18 - {'A1': 7.796888131651199e-20, 'phi1': -0.10209613423671407, 'A2': 8.785374133530895e-20, 'phi2': 0.989465401610695, 'mean': 1.549376212158764e-11}
2024-08-30 15:32:18 - {'A1_std': 0.014505598578454666, 'phi1_std': 0.0, 'A2_std': 0.010777837671733658, 'phi2_std': 0.0, 'mean_std': 0.0076922726033789275}
2024-08-30 15:32:19 - {'freq': '70-150', 'ant': 2, 'pol': 1, 'init_time': '2024-01-05', 'final_time': '2024-01-09'}
2024-08-30 15:32:19 - {'A1': 5.6141562725122975, 'phi1': -0.09562416903705481, 'A2': 5.4797496461113955, 'phi2': 3.1550868341426823, 'mean': -0.04929179395072327}
2024-08-30 15:32:19 - {'A1_std': 0.21506958106347546, 'phi1_std': 0.043575870068161875, 'A2_std': 0.21606131487920208, 'phi2_std': 0.044613680515936324, 'mean_std': 0.0041299604640815885}
2024-08-30 15:32:20 - -
2024-08-30 15:33:02 - {'freq': '70-150', 'ant': 0, 'pol': 0, 'init_time': '2024-01-05', 'final_time': '2024-01-09'}
2024-08-30 15:33:02 - {'A1': 3.7157774532914987, 'phi1': -1.1775375052071249, 'A2': 3.6808109949330645, 'phi2': 2.1419294591714464, 'mean': 0.040763387579485465}
2024-08-30 15:33:02 - {'A1_std': 0.41133304069103743, 'phi1_std': 0.11803822703455787, 'A2_std': 0.40564680717134655, 'phi2_std': 0.12099397312747193, 'mean_std': 0.00762452318956818}
2024-08-30 15:33:02 - {'freq': '70-150', 'ant': 0, 'pol': 1, 'init_time': '2024-01-05', 'final_time': '2024-01-09'}
2024-08-30 15:33:02 - {'A1': 4.703258638262566, 'phi1': 0.9585197000824911, 'A2': 4.514505082816624, 'phi2': 4.167342609792078, 'mean': 0.06569471241855485}
2024-08-30 15:33:02 - {'A1_std': 0.3022276399699153, 'phi1_std': 0.05212107202221304, 'A2_std': 0.30206796716633366, 'phi2_std': 0.05457445566697145, 'mean_std': 0.004933913789066027}
2024-08-30 15:33:02 - {'freq': '70-150', 'ant': 1, 'pol': 0, 'init_time': '2024-01-05', 'final_time': '2024-01-09'}
2024-08-30 15:33:02 - {'A1': 2.469352567577226, 'phi1': 0.6543008489357564, 'A2': 2.412164281715686, 'phi2': 3.8926908842259453, 'mean': -0.00209923812882039}
2024-08-30 15:33:02 - {'A1_std': 0.1429617913773346, 'phi1_std': 0.049551670947741544, 'A2_std': 0.14300724008833485, 'phi2_std': 0.05090433494238045, 'mean_std': 0.002385849388389766}
2024-08-30 15:33:02 - {'freq': '70-150', 'ant': 1, 'pol': 1, 'init_time': '2024-01-05', 'final_time': '2024-01-09'}
2024-08-30 15:33:02 - {'A1': 1.6655034461718117, 'phi1': -1.1989733390921355, 'A2': 1.6850288146256425, 'phi2': 2.165017973812977, 'mean': 0.04339085766116616}
2024-08-30 15:33:02 - {'A1_std': 0.5047746893064182, 'phi1_std': 0.3204006100463366, 'A2_std': 0.49326210335474785, 'phi2_std': 0.32404736034791304, 'mean_std': 0.009314175597624968}
2024-08-30 15:33:02 - {'freq': '70-150', 'ant': 2, 'pol': 0, 'init_time': '2024-01-05', 'final_time': '2024-01-09'}
2024-08-30 15:33:02 - {'A1': 5.022474035131069, 'phi1': -1.6454030515451608, 'A2': 5.186605873089651, 'phi2': 1.6810766818172467, 'mean': 0.1910566213902186}
2024-08-30 15:33:02 - {'A1_std': 0.4146867845587379, 'phi1_std': 0.07309889162913936, 'A2_std': 0.4094107911121996, 'phi2_std': 0.0722025836153708, 'mean_std': 0.007022421462529145}
2024-08-30 15:33:03 - {'freq': '70-150', 'ant': 2, 'pol': 1, 'init_time': '2024-01-05', 'final_time': '2024-01-09'}
2024-08-30 15:33:03 - {'A1': 5.614156147216012, 'phi1': -0.09562416322890589, 'A2': 5.479749520872375, 'phi2': 3.155086840089849, 'mean': -0.0492917944213869}
2024-08-30 15:33:03 - {'A1_std': 0.21506958205941787, 'phi1_std': 0.04357587103430188, 'A2_std': 0.21606131593409933, 'phi2_std': 0.04462749381101182, 'mean_std': 0.0041299604684496265}
2024-08-30 15:33:04 - -
2024-09-02 18:41:05 - {'freq': '70-150', 'ant': 0, 'pol': 0, 'init_time': '2024-01-05', 'final_time': '2024-01-09'}
2024-09-02 18:41:05 - {'A1': 3.7157774532914987, 'phi1': -1.1775375052071249, 'A2': 3.6808109949330645, 'phi2': 2.1419294591714464, 'mean': 0.040763387579485465}
2024-09-02 18:41:05 - {'A1_std': 0.41133304069103743, 'phi1_std': 0.11803822703455787, 'A2_std': 0.40564680717134655, 'phi2_std': 0.12099397312747193, 'mean_std': 0.00762452318956818}
2024-09-02 18:41:05 - {'freq': '70-150', 'ant': 0, 'pol': 1, 'init_time': '2024-01-05', 'final_time': '2024-01-09'}
2024-09-02 18:41:05 - {'A1': 4.703258638262566, 'phi1': 0.9585197000824911, 'A2': 4.514505082816624, 'phi2': 4.167342609792078, 'mean': 0.06569471241855485}
2024-09-02 18:41:05 - {'A1_std': 0.3022276399699153, 'phi1_std': 0.05212107202221304, 'A2_std': 0.30206796716633366, 'phi2_std': 0.05457445566697145, 'mean_std': 0.004933913789066027}
2024-09-02 18:41:06 - {'freq': '70-150', 'ant': 1, 'pol': 0, 'init_time': '2024-01-05', 'final_time': '2024-01-09'}
2024-09-02 18:41:06 - {'A1': 2.469352567577226, 'phi1': 0.6543008489357564, 'A2': 2.412164281715686, 'phi2': 3.8926908842259453, 'mean': -0.00209923812882039}
2024-09-02 18:41:06 - {'A1_std': 0.1429617913773346, 'phi1_std': 0.049551670947741544, 'A2_std': 0.14300724008833485, 'phi2_std': 0.05090433494238045, 'mean_std': 0.002385849388389766}
2024-09-02 18:41:06 - {'freq': '70-150', 'ant': 1, 'pol': 1, 'init_time': '2024-01-05', 'final_time': '2024-01-09'}
2024-09-02 18:41:06 - {'A1': 1.6655034461718117, 'phi1': -1.1989733390921355, 'A2': 1.6850288146256425, 'phi2': 2.165017973812977, 'mean': 0.04339085766116616}
2024-09-02 18:41:06 - {'A1_std': 0.5047746893064182, 'phi1_std': 0.3204006100463366, 'A2_std': 0.49326210335474785, 'phi2_std': 0.32404736034791304, 'mean_std': 0.009314175597624968}
2024-09-02 18:41:06 - {'freq': '70-150', 'ant': 2, 'pol': 0, 'init_time': '2024-01-05', 'final_time': '2024-01-09'}
2024-09-02 18:41:06 - {'A1': 5.022474035131069, 'phi1': -1.6454030515451608, 'A2': 5.186605873089651, 'phi2': 1.6810766818172467, 'mean': 0.1910566213902186}
2024-09-02 18:41:06 - {'A1_std': 0.4146867845587379, 'phi1_std': 0.07309889162913936, 'A2_std': 0.4094107911121996, 'phi2_std': 0.0722025836153708, 'mean_std': 0.007022421462529145}
2024-09-02 18:41:06 - {'freq': '70-150', 'ant': 2, 'pol': 1, 'init_time': '2024-01-05', 'final_time': '2024-01-09'}
2024-09-02 18:41:06 - {'A1': 5.614156147216012, 'phi1': -0.09562416322890589, 'A2': 5.479749520872375, 'phi2': 3.155086840089849, 'mean': -0.0492917944213869}
2024-09-02 18:41:06 - {'A1_std': 0.21506958205941787, 'phi1_std': 0.04357587103430188, 'A2_std': 0.21606131593409933, 'phi2_std': 0.04462749381101182, 'mean_std': 0.0041299604684496265}
2024-09-02 18:41:08 - -
2024-09-02 18:41:47 - {'freq': '70-150', 'ant': 0, 'pol': 0, 'init_time': '2024-01-05', 'final_time': '2024-01-09'}
2024-09-02 18:41:47 - {'A1': 3.7157774532914987, 'phi1': -1.1775375052071249, 'A2': 3.6808109949330645, 'phi2': 2.1419294591714464, 'mean': 0.040763387579485465}
2024-09-02 18:41:47 - {'A1_std': 0.41133304069103743, 'phi1_std': 0.11803822703455787, 'A2_std': 0.40564680717134655, 'phi2_std': 0.12099397312747193, 'mean_std': 0.00762452318956818}
2024-09-02 18:41:47 - {'freq': '70-150', 'ant': 1, 'pol': 0, 'init_time': '2024-01-05', 'final_time': '2024-01-09'}
2024-09-02 18:41:47 - {'A1': 2.469352567577226, 'phi1': 0.6543008489357564, 'A2': 2.412164281715686, 'phi2': 3.8926908842259453, 'mean': -0.00209923812882039}
2024-09-02 18:41:47 - {'A1_std': 0.1429617913773346, 'phi1_std': 0.049551670947741544, 'A2_std': 0.14300724008833485, 'phi2_std': 0.05090433494238045, 'mean_std': 0.002385849388389766}
2024-09-02 18:41:47 - {'freq': '70-150', 'ant': 2, 'pol': 0, 'init_time': '2024-01-05', 'final_time': '2024-01-09'}
2024-09-02 18:41:47 - {'A1': 5.022474035131069, 'phi1': -1.6454030515451608, 'A2': 5.186605873089651, 'phi2': 1.6810766818172467, 'mean': 0.1910566213902186}
2024-09-02 18:41:47 - {'A1_std': 0.4146867845587379, 'phi1_std': 0.07309889162913936, 'A2_std': 0.4094107911121996, 'phi2_std': 0.0722025836153708, 'mean_std': 0.007022421462529145}
2024-09-02 18:41:49 - -
2024-09-02 18:44:16 - {'freq': '70-150', 'ant': 0, 'pol': 0, 'init_time': '2024-01-05', 'final_time': '2024-01-09'}
2024-09-02 18:44:16 - {'A1': 3.7157774532914987, 'phi1': -1.1775375052071249, 'A2': 3.6808109949330645, 'phi2': 2.1419294591714464, 'mean': 0.040763387579485465}
2024-09-02 18:44:16 - {'A1_std': 0.41133304069103743, 'phi1_std': 0.11803822703455787, 'A2_std': 0.40564680717134655, 'phi2_std': 0.12099397312747193, 'mean_std': 0.00762452318956818}
2024-09-02 18:44:17 - {'freq': '70-150', 'ant': 1, 'pol': 0, 'init_time': '2024-01-05', 'final_time': '2024-01-09'}
2024-09-02 18:44:17 - {'A1': 2.469352567577226, 'phi1': 0.6543008489357564, 'A2': 2.412164281715686, 'phi2': 3.8926908842259453, 'mean': -0.00209923812882039}
2024-09-02 18:44:17 - {'A1_std': 0.1429617913773346, 'phi1_std': 0.049551670947741544, 'A2_std': 0.14300724008833485, 'phi2_std': 0.05090433494238045, 'mean_std': 0.002385849388389766}
2024-09-02 18:44:17 - {'freq': '70-150', 'ant': 2, 'pol': 0, 'init_time': '2024-01-05', 'final_time': '2024-01-09'}
2024-09-02 18:44:17 - {'A1': 5.022474035131069, 'phi1': -1.6454030515451608, 'A2': 5.186605873089651, 'phi2': 1.6810766818172467, 'mean': 0.1910566213902186}
2024-09-02 18:44:17 - {'A1_std': 0.4146867845587379, 'phi1_std': 0.07309889162913936, 'A2_std': 0.4094107911121996, 'phi2_std': 0.0722025836153708, 'mean_std': 0.007022421462529145}
2024-09-02 18:44:18 - -
2024-09-02 18:57:31 - {'freq': '70-150', 'ant': 0, 'pol': 0, 'init_time': '2024-01-05', 'final_time': '2024-01-09'}
2024-09-02 18:57:31 - {'A1': 3.7157774532914987, 'phi1': -1.1775375052071249, 'A2': 3.6808109949330645, 'phi2': 2.1419294591714464, 'mean': 0.040763387579485465}
2024-09-02 18:57:31 - {'A1_std': 0.41133304069103743, 'phi1_std': 0.11803822703455787, 'A2_std': 0.40564680717134655, 'phi2_std': 0.12099397312747193, 'mean_std': 0.00762452318956818}
2024-09-02 18:57:31 - {'freq': '70-150', 'ant': 1, 'pol': 0, 'init_time': '2024-01-05', 'final_time': '2024-01-09'}
2024-09-02 18:57:31 - {'A1': 2.469352567577226, 'phi1': 0.6543008489357564, 'A2': 2.412164281715686, 'phi2': 3.8926908842259453, 'mean': -0.00209923812882039}
2024-09-02 18:57:31 - {'A1_std': 0.1429617913773346, 'phi1_std': 0.049551670947741544, 'A2_std': 0.14300724008833485, 'phi2_std': 0.05090433494238045, 'mean_std': 0.002385849388389766}
2024-09-02 18:57:31 - {'freq': '70-150', 'ant': 2, 'pol': 0, 'init_time': '2024-01-05', 'final_time': '2024-01-09'}
2024-09-02 18:57:31 - {'A1': 5.022474035131069, 'phi1': -1.6454030515451608, 'A2': 5.186605873089651, 'phi2': 1.6810766818172467, 'mean': 0.1910566213902186}
2024-09-02 18:57:31 - {'A1_std': 0.4146867845587379, 'phi1_std': 0.07309889162913936, 'A2_std': 0.4094107911121996, 'phi2_std': 0.0722025836153708, 'mean_std': 0.007022421462529145}
2024-09-02 18:57:33 - -
2024-09-02 18:58:25 - {'freq': '70-150', 'ant': 0, 'pol': 1, 'init_time': '2024-01-05', 'final_time': '2024-01-09'}
2024-09-02 18:58:25 - {'A1': 4.703258638262566, 'phi1': 0.9585197000824911, 'A2': 4.514505082816624, 'phi2': 4.167342609792078, 'mean': 0.06569471241855485}
2024-09-02 18:58:25 - {'A1_std': 0.3022276399699153, 'phi1_std': 0.05212107202221304, 'A2_std': 0.30206796716633366, 'phi2_std': 0.05457445566697145, 'mean_std': 0.004933913789066027}
2024-09-02 18:58:25 - {'freq': '70-150', 'ant': 1, 'pol': 1, 'init_time': '2024-01-05', 'final_time': '2024-01-09'}
2024-09-02 18:58:25 - {'A1': 1.6655034461718117, 'phi1': -1.1989733390921355, 'A2': 1.6850288146256425, 'phi2': 2.165017973812977, 'mean': 0.04339085766116616}
2024-09-02 18:58:25 - {'A1_std': 0.5047746893064182, 'phi1_std': 0.3204006100463366, 'A2_std': 0.49326210335474785, 'phi2_std': 0.32404736034791304, 'mean_std': 0.009314175597624968}
2024-09-02 18:58:25 - {'freq': '70-150', 'ant': 2, 'pol': 1, 'init_time': '2024-01-05', 'final_time': '2024-01-09'}
2024-09-02 18:58:25 - {'A1': 5.614156147216012, 'phi1': -0.09562416322890589, 'A2': 5.479749520872375, 'phi2': 3.155086840089849, 'mean': -0.0492917944213869}
2024-09-02 18:58:25 - {'A1_std': 0.21506958205941787, 'phi1_std': 0.04357587103430188, 'A2_std': 0.21606131593409933, 'phi2_std': 0.04462749381101182, 'mean_std': 0.0041299604684496265}
2024-09-02 18:58:27 - -
2024-09-02 18:58:44 - {'freq': '70-150', 'ant': 0, 'pol': 1, 'init_time': '2024-01-05', 'final_time': '2024-01-09'}
2024-09-02 18:58:44 - {'A1': 4.703258638262566, 'phi1': 0.9585197000824911, 'A2': 4.514505082816624, 'phi2': 4.167342609792078, 'mean': 0.06569471241855485}
2024-09-02 18:58:44 - {'A1_std': 0.3022276399699153, 'phi1_std': 0.05212107202221304, 'A2_std': 0.30206796716633366, 'phi2_std': 0.05457445566697145, 'mean_std': 0.004933913789066027}
2024-09-02 18:58:44 - {'freq': '70-150', 'ant': 1, 'pol': 1, 'init_time': '2024-01-05', 'final_time': '2024-01-09'}
2024-09-02 18:58:44 - {'A1': 1.6655034461718117, 'phi1': -1.1989733390921355, 'A2': 1.6850288146256425, 'phi2': 2.165017973812977, 'mean': 0.04339085766116616}
2024-09-02 18:58:44 - {'A1_std': 0.5047746893064182, 'phi1_std': 0.3204006100463366, 'A2_std': 0.49326210335474785, 'phi2_std': 0.32404736034791304, 'mean_std': 0.009314175597624968}
2024-09-02 18:58:44 - {'freq': '70-150', 'ant': 2, 'pol': 1, 'init_time': '2024-01-05', 'final_time': '2024-01-09'}
2024-09-02 18:58:44 - {'A1': 5.614156147216012, 'phi1': -0.09562416322890589, 'A2': 5.479749520872375, 'phi2': 3.155086840089849, 'mean': -0.0492917944213869}
2024-09-02 18:58:44 - {'A1_std': 0.21506958205941787, 'phi1_std': 0.04357587103430188, 'A2_std': 0.21606131593409933, 'phi2_std': 0.04462749381101182, 'mean_std': 0.0041299604684496265}
2024-09-02 18:58:46 - -
2024-09-02 19:04:17 - {'freq': '70-150', 'ant': 0, 'pol': 1, 'init_time': '2024-01-05', 'final_time': '2024-01-09'}
2024-09-02 19:04:17 - {'A1': 4.703258787846826, 'phi1': 0.958519698745945, 'A2': 4.514505232569419, 'phi2': 4.167342609391621, 'mean': 0.06569471239564088}
2024-09-02 19:04:17 - {'A1_std': 0.3022276391464937, 'phi1_std': 0.05212106997180255, 'A2_std': 0.3020679664470074, 'phi2_std': 0.05457445342684878, 'mean_std': 0.004933913797577449}
2024-09-02 19:04:17 - {'freq': '70-150', 'ant': 1, 'pol': 1, 'init_time': '2024-01-05', 'final_time': '2024-01-09'}
2024-09-02 19:04:17 - {'A1': 1.6655029468539353, 'phi1': -1.1989731250765951, 'A2': 1.6850283627492961, 'phi2': 2.165018220421368, 'mean': 0.043390856600345015}
2024-09-02 19:04:17 - {'A1_std': 0.5047746639640475, 'phi1_std': 0.32040065903805015, 'A2_std': 0.49326207705935377, 'phi2_std': 0.32404749985876774, 'mean_std': 0.009314175600303596}
2024-09-02 19:04:17 - {'freq': '70-150', 'ant': 2, 'pol': 1, 'init_time': '2024-01-05', 'final_time': '2024-01-09'}
2024-09-02 19:04:17 - {'A1': 5.614156087131163, 'phi1': -0.09562417963562249, 'A2': 5.479749459658369, 'phi2': 3.1550868234178635, 'mean': -0.049291794421077006}
2024-09-02 19:04:17 - {'A1_std': 0.21506958124319678, 'phi1_std': 0.043575871740256254, 'A2_std': 0.2160613151379601, 'phi2_std': 0.044613681859796736, 'mean_std': 0.004129960473476124}
2024-09-02 19:04:19 - -
2024-09-02 19:09:48 - {'freq': '70-150', 'ant': 0, 'pol': 1, 'init_time': '2024-01-05', 'final_time': '2024-01-09'}
2024-09-02 19:09:48 - {'A1': 3.8456637835207945, 'phi1': 0.7371862448243603, 'A2': 3.696456999606599, 'phi2': 3.928116444059464, 'mean': 0.06768328318262243}
2024-09-02 19:09:48 - {'A1_std': 0.2781470190115407, 'phi1_std': 0.059931059971936006, 'A2_std': 0.27700710914978555, 'phi2_std': 0.06298041444113056, 'mean_std': 0.004545828564154682}
2024-09-02 19:09:48 - {'freq': '70-150', 'ant': 1, 'pol': 1, 'init_time': '2024-01-05', 'final_time': '2024-01-09'}
2024-09-02 19:09:48 - {'A1': 1.6252407328209382, 'phi1': -0.6833781431508941, 'A2': 1.6305088526263887, 'phi2': 2.6711968517040785, 'mean': -0.0028732029311616296}
2024-09-02 19:09:48 - {'A1_std': 0.39633694767108907, 'phi1_std': 0.3009482512942902, 'A2_std': 0.3968588093312533, 'phi2_std': 0.30057951787048554, 'mean_std': 0.00792234959838284}
2024-09-02 19:09:48 - {'freq': '70-150', 'ant': 2, 'pol': 1, 'init_time': '2024-01-05', 'final_time': '2024-01-09'}
2024-09-02 19:09:48 - {'A1': 4.007097044039642, 'phi1': -0.2672255963707737, 'A2': 3.8704671039132434, 'phi2': 2.980896335420657, 'mean': -0.04743874925575604}
2024-09-02 19:09:48 - {'A1_std': 0.2031887786424634, 'phi1_std': 0.06020049661850868, 'A2_std': 0.20409918651995568, 'phi2_std': 0.06229353975449824, 'mean_std': 0.003969133024453324}
2024-09-02 19:09:50 - -
2024-09-02 19:10:09 - {'freq': '70-150', 'ant': 0, 'pol': 1, 'init_time': '2024-01-05', 'final_time': '2024-01-09'}
2024-09-02 19:10:09 - {'A1': 3.8456637835207945, 'phi1': 0.7371862448243603, 'A2': 3.696456999606599, 'phi2': 3.928116444059464, 'mean': 0.06768328318262243}
2024-09-02 19:10:09 - {'A1_std': 0.2781470190115407, 'phi1_std': 0.059931059971936006, 'A2_std': 0.27700710914978555, 'phi2_std': 0.06298041444113056, 'mean_std': 0.004545828564154682}
2024-09-02 19:10:09 - {'freq': '70-150', 'ant': 1, 'pol': 1, 'init_time': '2024-01-05', 'final_time': '2024-01-09'}
2024-09-02 19:10:09 - {'A1': 1.6252407328209382, 'phi1': -0.6833781431508941, 'A2': 1.6305088526263887, 'phi2': 2.6711968517040785, 'mean': -0.0028732029311616296}
2024-09-02 19:10:09 - {'A1_std': 0.39633694767108907, 'phi1_std': 0.3009482512942902, 'A2_std': 0.3968588093312533, 'phi2_std': 0.30057951787048554, 'mean_std': 0.00792234959838284}
2024-09-02 19:10:10 - {'freq': '70-150', 'ant': 2, 'pol': 1, 'init_time': '2024-01-05', 'final_time': '2024-01-09'}
2024-09-02 19:10:10 - {'A1': 4.007097044039642, 'phi1': -0.2672255963707737, 'A2': 3.8704671039132434, 'phi2': 2.980896335420657, 'mean': -0.04743874925575604}
2024-09-02 19:10:10 - {'A1_std': 0.2031887786424634, 'phi1_std': 0.06020049661850868, 'A2_std': 0.20409918651995568, 'phi2_std': 0.06229353975449824, 'mean_std': 0.003969133024453324}
2024-09-02 19:10:11 - -
2024-09-02 19:10:34 - {'freq': '70-150', 'ant': 0, 'pol': 1, 'init_time': '2024-01-05', 'final_time': '2024-01-09'}
2024-09-02 19:10:34 - {'A1': 4.979498871780841, 'phi1': 0.5101447190344263, 'A2': 4.8989951376906395, 'phi2': 3.6973113194768756, 'mean': 0.08779214516011043}
2024-09-02 19:10:34 - {'A1_std': 0.17817642005302087, 'phi1_std': 0.03077547957465203, 'A2_std': 0.17711986662037016, 'phi2_std': 0.03165290434457908, 'mean_std': 0.0029814161354388313}
2024-09-02 19:10:35 - {'freq': '70-150', 'ant': 1, 'pol': 1, 'init_time': '2024-01-05', 'final_time': '2024-01-09'}
2024-09-02 19:10:35 - {'A1': 3.693667197449397, 'phi1': -1.0144673873312196, 'A2': 3.5467140089229883, 'phi2': 2.2638903204311576, 'mean': -0.031213306306199326}
2024-09-02 19:10:35 - {'A1_std': 0.21629940427784955, 'phi1_std': 0.06894033941677968, 'A2_std': 0.21579493690841675, 'phi2_std': 0.07214397367270861, 'mean_std': 0.00423898736086552}
2024-09-02 19:10:35 - {'freq': '70-150', 'ant': 2, 'pol': 1, 'init_time': '2024-01-05', 'final_time': '2024-01-09'}
2024-09-02 19:10:35 - {'A1': 7.1311400493287085, 'phi1': -0.24765137121643588, 'A2': 6.846029562831428, 'phi2': 3.011003972689324, 'mean': -0.11524662148424286}
2024-09-02 19:10:35 - {'A1_std': 0.2497156883697005, 'phi1_std': 0.04000034320214175, 'A2_std': 0.2513864758376341, 'phi2_std': 0.041578907712244866, 'mean_std': 0.004809446712176291}
2024-09-02 19:10:37 - -
2024-09-02 19:10:46 - {'freq': '70-150', 'ant': 0, 'pol': 1, 'init_time': '2024-01-05', 'final_time': '2024-01-09'}
2024-09-02 19:10:46 - {'A1': 4.0467996964153965, 'phi1': 0.7321934691812301, 'A2': 3.9255955879676896, 'phi2': 3.9220373001498854, 'mean': 0.07181297775559012}
2024-09-02 19:10:46 - {'A1_std': 0.18090524348147982, 'phi1_std': 0.0367422703159285, 'A2_std': 0.1804208721337712, 'phi2_std': 0.03817766052585243, 'mean_std': 0.0029710186390688007}
2024-09-02 19:10:47 - {'freq': '70-150', 'ant': 1, 'pol': 1, 'init_time': '2024-01-05', 'final_time': '2024-01-09'}
2024-09-02 19:10:47 - {'A1': 2.916318965935762, 'phi1': -0.8989560503658881, 'A2': 2.8052296052361725, 'phi2': 2.3986846954535532, 'mean': -0.02574328443992779}
2024-09-02 19:10:47 - {'A1_std': 0.22832885021587696, 'phi1_std': 0.09434948599325717, 'A2_std': 0.22790631881135331, 'phi2_std': 0.09850246583584768, 'mean_std': 0.004536443207393501}
2024-09-02 19:10:47 - {'freq': '70-150', 'ant': 2, 'pol': 1, 'init_time': '2024-01-05', 'final_time': '2024-01-09'}
2024-09-02 19:10:47 - {'A1': 4.753552307752321, 'phi1': 0.15114914961636286, 'A2': 4.625367383016088, 'phi2': 3.433651634681713, 'mean': -0.09059315087590411}
2024-09-02 19:10:47 - {'A1_std': 0.20988749592289893, 'phi1_std': 0.04339589120980712, 'A2_std': 0.21200863101423398, 'phi2_std': 0.044284025202330886, 'mean_std': 0.003733796894563865}
2024-09-02 19:10:49 - -
2024-09-02 19:12:58 - {'freq': '70-150', 'ant': 0, 'pol': 0, 'init_time': '2024-01-05', 'final_time': '2024-01-09'}
2024-09-02 19:12:58 - {'A1': 3.1055249513396315, 'phi1': -0.7554502420579007, 'A2': 2.9376068134277387, 'phi2': 2.5790247210794375, 'mean': -0.05974567756523139}
2024-09-02 19:12:58 - {'A1_std': 0.1810761732347626, 'phi1_std': 0.07154104849611384, 'A2_std': 0.1815026857669379, 'phi2_std': 0.07572432520740209, 'mean_std': 0.003636453997563611}
2024-09-02 19:12:58 - {'freq': '70-150', 'ant': 0, 'pol': 1, 'init_time': '2024-01-05', 'final_time': '2024-01-09'}
2024-09-02 19:12:58 - {'A1': 4.0467996964153965, 'phi1': 0.7321934691812301, 'A2': 3.9255955879676896, 'phi2': 3.9220373001498854, 'mean': 0.07181297775559012}
2024-09-02 19:12:58 - {'A1_std': 0.18090524348147982, 'phi1_std': 0.0367422703159285, 'A2_std': 0.1804208721337712, 'phi2_std': 0.03817766052585243, 'mean_std': 0.0029710186390688007}
2024-09-02 19:12:59 - {'freq': '70-150', 'ant': 1, 'pol': 0, 'init_time': '2024-01-05', 'final_time': '2024-01-09'}
2024-09-02 19:12:59 - {'A1': 2.624033542499441, 'phi1': 0.6957513381991762, 'A2': 2.525773393700595, 'phi2': 3.925299205241024, 'mean': 0.0032158453389358977}
2024-09-02 19:12:59 - {'A1_std': 0.17124370740562034, 'phi1_std': 0.053930812428434054, 'A2_std': 0.1712003257595282, 'phi2_std': 0.05627764673743666, 'mean_std': 0.0028185486469120896}
2024-09-02 19:12:59 - {'freq': '70-150', 'ant': 1, 'pol': 1, 'init_time': '2024-01-05', 'final_time': '2024-01-09'}
2024-09-02 19:12:59 - {'A1': 2.916318965935762, 'phi1': -0.8989560503658881, 'A2': 2.8052296052361725, 'phi2': 2.3986846954535532, 'mean': -0.02574328443992779}
2024-09-02 19:12:59 - {'A1_std': 0.22832885021587696, 'phi1_std': 0.09434948599325717, 'A2_std': 0.22790631881135331, 'phi2_std': 0.09850246583584768, 'mean_std': 0.004536443207393501}
2024-09-02 19:13:00 - {'freq': '70-150', 'ant': 2, 'pol': 0, 'init_time': '2024-01-05', 'final_time': '2024-01-09'}
2024-09-02 19:13:00 - {'A1': 5.350243617489001, 'phi1': -1.8964137445904996, 'A2': 5.202417343321216, 'phi2': 1.3910727337944568, 'mean': 0.07933570374425959}
2024-09-02 19:13:00 - {'A1_std': 0.2308032275550346, 'phi1_std': 0.03686106951436057, 'A2_std': 0.22959177556190702, 'phi2_std': 0.03831796165639743, 'mean_std': 0.003851804909065836}
2024-09-02 19:13:00 - {'freq': '70-150', 'ant': 2, 'pol': 1, 'init_time': '2024-01-05', 'final_time': '2024-01-09'}
2024-09-02 19:13:00 - {'A1': 4.753552307752321, 'phi1': 0.15114914961636286, 'A2': 4.625367383016088, 'phi2': 3.433651634681713, 'mean': -0.09059315087590411}
2024-09-02 19:13:00 - {'A1_std': 0.20988749592289893, 'phi1_std': 0.04339589120980712, 'A2_std': 0.21200863101423398, 'phi2_std': 0.044284025202330886, 'mean_std': 0.003733796894563865}
2024-09-02 19:13:02 - -
2024-09-02 19:13:23 - {'freq': '70-150', 'ant': 0, 'pol': 0, 'init_time': '2024-01-05', 'final_time': '2024-01-09'}
2024-09-02 19:13:23 - {'A1': 2.75494160923235, 'phi1': -1.0312528068289843, 'A2': 2.5483839271074054, 'phi2': 2.3001946482527824, 'mean': -0.04855569028580483}
2024-09-02 19:13:23 - {'A1_std': 0.25205333242580674, 'phi1_std': 0.10567498436637413, 'A2_std': 0.24913795857512797, 'phi2_std': 0.11557618813490954, 'mean_std': 0.004869518563794151}
2024-09-02 19:13:23 - {'freq': '70-150', 'ant': 0, 'pol': 1, 'init_time': '2024-01-05', 'final_time': '2024-01-09'}
2024-09-02 19:13:23 - {'A1': 4.061612669634582, 'phi1': 0.5260109744451087, 'A2': 3.9659986835753998, 'phi2': 3.7167770891823952, 'mean': 0.06385306861258166}
2024-09-02 19:13:23 - {'A1_std': 0.21615372948831743, 'phi1_std': 0.046271682729881095, 'A2_std': 0.21482209137151614, 'phi2_std': 0.047955422906555044, 'mean_std': 0.003622066765403866}
2024-09-02 19:13:23 - {'freq': '70-150', 'ant': 1, 'pol': 0, 'init_time': '2024-01-05', 'final_time': '2024-01-09'}
2024-09-02 19:13:23 - {'A1': 2.9818496611103913, 'phi1': 0.9717516077466681, 'A2': 2.8962066579883468, 'phi2': 4.2036108949237585, 'mean': 0.01133420373627012}
2024-09-02 19:13:23 - {'A1_std': 0.14202236639664445, 'phi1_std': 0.03855403263463432, 'A2_std': 0.14206512818474187, 'phi2_std': 0.03985042654312238, 'mean_std': 0.002310587258295345}
2024-09-02 19:13:24 - {'freq': '70-150', 'ant': 1, 'pol': 1, 'init_time': '2024-01-05', 'final_time': '2024-01-09'}
2024-09-02 19:13:24 - {'A1': 2.087675460628038, 'phi1': -0.5452296013185168, 'A2': 2.059507193278594, 'phi2': 2.7898329409540206, 'mean': -0.024146385590189928}
2024-09-02 19:13:24 - {'A1_std': 0.3007953909915169, 'phi1_std': 0.1775636222498443, 'A2_std': 0.303815601502325, 'phi2_std': 0.17928851210672714, 'mean_std': 0.006036719674550116}
2024-09-02 19:13:24 - {'freq': '70-150', 'ant': 2, 'pol': 0, 'init_time': '2024-01-05', 'final_time': '2024-01-09'}
2024-09-02 19:13:24 - {'A1': 4.525352054560498, 'phi1': -2.2334975877316863, 'A2': 4.358402373803332, 'phi2': 1.0717426403265897, 'mean': 0.11469776171482199}
2024-09-02 19:13:24 - {'A1_std': 0.28591330997512265, 'phi1_std': 0.05116395177201785, 'A2_std': 0.28602093563284187, 'phi2_std': 0.05334088546364656, 'mean_std': 0.004652270253444233}
2024-09-02 19:13:24 - {'freq': '70-150', 'ant': 2, 'pol': 1, 'init_time': '2024-01-05', 'final_time': '2024-01-09'}
2024-09-02 19:13:24 - {'A1': 3.5773018612028604, 'phi1': 0.11929460126999426, 'A2': 3.451674467488172, 'phi2': 3.389077928660289, 'mean': -0.061297435632800816}
2024-09-02 19:13:24 - {'A1_std': 0.20210254724644794, 'phi1_std': 0.05749405171239015, 'A2_std': 0.20375656782397727, 'phi2_std': 0.059319137649855955, 'mean_std': 0.0036463566525105455}
2024-09-02 19:13:26 - -
2024-09-02 19:13:45 - {'freq': '70-150', 'ant': 0, 'pol': 1, 'init_time': '2024-01-05', 'final_time': '2024-01-09'}
2024-09-02 19:13:45 - {'A1': 4.061612669634582, 'phi1': 0.5260109744451087, 'A2': 3.9659986835753998, 'phi2': 3.7167770891823952, 'mean': 0.06385306861258166}
2024-09-02 19:13:45 - {'A1_std': 0.21615372948831743, 'phi1_std': 0.046271682729881095, 'A2_std': 0.21482209137151614, 'phi2_std': 0.047955422906555044, 'mean_std': 0.003622066765403866}
2024-09-02 19:13:45 - {'freq': '70-150', 'ant': 1, 'pol': 1, 'init_time': '2024-01-05', 'final_time': '2024-01-09'}
2024-09-02 19:13:45 - {'A1': 2.087675460628038, 'phi1': -0.5452296013185168, 'A2': 2.059507193278594, 'phi2': 2.7898329409540206, 'mean': -0.024146385590189928}
2024-09-02 19:13:45 - {'A1_std': 0.3007953909915169, 'phi1_std': 0.1775636222498443, 'A2_std': 0.303815601502325, 'phi2_std': 0.17928851210672714, 'mean_std': 0.006036719674550116}
2024-09-02 19:13:46 - {'freq': '70-150', 'ant': 2, 'pol': 1, 'init_time': '2024-01-05', 'final_time': '2024-01-09'}
2024-09-02 19:13:46 - {'A1': 3.5773018612028604, 'phi1': 0.11929460126999426, 'A2': 3.451674467488172, 'phi2': 3.389077928660289, 'mean': -0.061297435632800816}
2024-09-02 19:13:46 - {'A1_std': 0.20210254724644794, 'phi1_std': 0.05749405171239015, 'A2_std': 0.20375656782397727, 'phi2_std': 0.059319137649855955, 'mean_std': 0.0036463566525105455}
2024-09-02 19:13:47 - -
2024-09-02 19:14:58 - {'freq': '70-150', 'ant': 0, 'pol': 1, 'init_time': '2024-01-05', 'final_time': '2024-01-09'}
2024-09-02 19:14:58 - {'A1': 191.54439108809072, 'phi1': -6.828913152808541, 'A2': 231.4606909424054, 'phi2': 2.6398218397293447, 'mean': 23.400681607019713}
2024-09-02 19:14:58 - {'A1_std': 12.74045024173001, 'phi1_std': 0.0742534530804815, 'A2_std': 12.71807154407321, 'phi2_std': 0.061525599595789446, 'mean_std': 0.1743491270088853}
2024-09-02 19:15:45 - {'freq': '70-150', 'ant': 0, 'pol': 1, 'init_time': '2024-01-05', 'final_time': '2024-01-09'}
2024-09-02 19:15:45 - {'A1': 191.54439108809072, 'phi1': -6.828913152808541, 'A2': 231.4606909424054, 'phi2': 2.6398218397293447, 'mean': 23.400681607019713}
2024-09-02 19:15:45 - {'A1_std': 12.74045024173001, 'phi1_std': 0.0742534530804815, 'A2_std': 12.71807154407321, 'phi2_std': 0.061525599595789446, 'mean_std': 0.1743491270088853}
2024-09-02 19:16:50 - {'freq': '70-150', 'ant': 0, 'pol': 1, 'init_time': '2024-01-05', 'final_time': '2024-01-09'}
2024-09-02 19:16:50 - {'A1': 191.54439108809072, 'phi1': -6.828913152808541, 'A2': 231.4606909424054, 'phi2': 2.6398218397293447, 'mean': 23.400681607019713}
2024-09-02 19:16:50 - {'A1_std': 12.74045024173001, 'phi1_std': 0.0742534530804815, 'A2_std': 12.71807154407321, 'phi2_std': 0.061525599595789446, 'mean_std': 0.1743491270088853}
2024-09-02 19:17:34 - {'freq': '70-150', 'ant': 0, 'pol': 1, 'init_time': '2024-01-05', 'final_time': '2024-01-09'}
2024-09-02 19:17:34 - {'A1': 191.54439108809072, 'phi1': -6.828913152808541, 'A2': 231.4606909424054, 'phi2': 2.6398218397293447, 'mean': 23.400681607019713}
2024-09-02 19:17:34 - {'A1_std': 12.74045024173001, 'phi1_std': 0.0742534530804815, 'A2_std': 12.71807154407321, 'phi2_std': 0.061525599595789446, 'mean_std': 0.1743491270088853}
2024-09-02 19:18:22 - {'freq': '70-150', 'ant': 0, 'pol': 1, 'init_time': '2024-01-05', 'final_time': '2024-01-09'}
2024-09-02 19:18:22 - {'A1': 191.54439108809072, 'phi1': -6.828913152808541, 'A2': 231.4606909424054, 'phi2': 2.6398218397293447, 'mean': 23.400681607019713}
2024-09-02 19:18:22 - {'A1_std': 12.74045024173001, 'phi1_std': 0.0742534530804815, 'A2_std': 12.71807154407321, 'phi2_std': 0.061525599595789446, 'mean_std': 0.1743491270088853}
2024-09-02 19:20:48 - {'freq': '70-150', 'ant': 0, 'pol': 1, 'init_time': '2024-01-05', 'final_time': '2024-01-09'}
2024-09-02 19:20:48 - {'A1': 191.54439108809072, 'phi1': -6.828913152808541, 'A2': 231.4606909424054, 'phi2': 2.6398218397293447, 'mean': 23.400681607019713}
2024-09-02 19:20:48 - {'A1_std': 12.74045024173001, 'phi1_std': 0.0742534530804815, 'A2_std': 12.71807154407321, 'phi2_std': 0.061525599595789446, 'mean_std': 0.1743491270088853}
2024-09-02 19:21:42 - {'freq': '70-150', 'ant': 0, 'pol': 1, 'init_time': '2024-01-05', 'final_time': '2024-01-09'}
2024-09-02 19:21:42 - {'A1': 191.54439108809072, 'phi1': -6.828913152808541, 'A2': 231.4606909424054, 'phi2': 2.6398218397293447, 'mean': 23.400681607019713}
2024-09-02 19:21:42 - {'A1_std': 12.74045024173001, 'phi1_std': 0.0742534530804815, 'A2_std': 12.71807154407321, 'phi2_std': 0.061525599595789446, 'mean_std': 0.1743491270088853}
2024-09-02 19:24:22 - {'freq': '70-150', 'ant': 0, 'pol': 1, 'init_time': '2024-01-05', 'final_time': '2024-01-09'}
2024-09-02 19:24:22 - {'A1': 4.0616128113456975, 'phi1': 0.5260109610008467, 'A2': 3.965998827894796, 'phi2': 3.7167770770804407, 'mean': 0.06385306900944195}
2024-09-02 19:24:22 - {'A1_std': 0.21615372897565815, 'phi1_std': 0.04627168152242132, 'A2_std': 0.21482209095169852, 'phi2_std': 0.0479554215470252, 'mean_std': 0.00362206676850081}
2024-09-02 19:24:50 - {'freq': '70-150', 'ant': 0, 'pol': 1, 'init_time': '2024-01-05', 'final_time': '2024-01-09'}
2024-09-02 19:24:50 - {'A1': 4.0616128113456975, 'phi1': 0.5260109610008467, 'A2': 3.965998827894796, 'phi2': 3.7167770770804407, 'mean': 0.06385306900944195}
2024-09-02 19:24:50 - {'A1_std': 0.21615372897565815, 'phi1_std': 0.04627168152242132, 'A2_std': 0.21482209095169852, 'phi2_std': 0.0479554215470252, 'mean_std': 0.00362206676850081}
2024-09-02 19:24:50 - {'freq': '70-150', 'ant': 1, 'pol': 1, 'init_time': '2024-01-05', 'final_time': '2024-01-09'}
2024-09-02 19:24:50 - {'A1': 2.0876758223515717, 'phi1': -0.5452296007451505, 'A2': 2.0595075547399837, 'phi2': 2.7898329244782047, 'mean': -0.02414638413094667}
2024-09-02 19:24:50 - {'A1_std': 0.30079539100074343, 'phi1_std': 0.17756359226722562, 'A2_std': 0.3038156010251232, 'phi2_std': 0.17928847972303957, 'mean_std': 0.00603671967492344}
2024-09-02 19:24:50 - {'freq': '70-150', 'ant': 2, 'pol': 1, 'init_time': '2024-01-05', 'final_time': '2024-01-09'}
2024-09-02 19:24:50 - {'A1': 3.5773019018445327, 'phi1': 0.1192945991600244, 'A2': 3.451674507967875, 'phi2': 3.3890779259129102, 'mean': -0.06129743549068952}
2024-09-02 19:24:50 - {'A1_std': 0.20210254841129785, 'phi1_std': 0.05749405093414387, 'A2_std': 0.2037565689545793, 'phi2_std': 0.05930204690039745, 'mean_std': 0.0036463566517732455}
2024-09-02 19:25:10 - {'freq': '70-150', 'ant': 0, 'pol': 1, 'init_time': '2024-01-05', 'final_time': '2024-01-09'}
2024-09-02 19:25:10 - {'A1': 4.0616128113456975, 'phi1': 0.5260109610008467, 'A2': 3.965998827894796, 'phi2': 3.7167770770804407, 'mean': 0.06385306900944195}
2024-09-02 19:25:10 - {'A1_std': 0.21615372897565815, 'phi1_std': 0.04627168152242132, 'A2_std': 0.21482209095169852, 'phi2_std': 0.0479554215470252, 'mean_std': 0.00362206676850081}
2024-09-02 19:25:10 - {'freq': '70-150', 'ant': 1, 'pol': 1, 'init_time': '2024-01-05', 'final_time': '2024-01-09'}
2024-09-02 19:25:10 - {'A1': 2.0876758223515717, 'phi1': -0.5452296007451505, 'A2': 2.0595075547399837, 'phi2': 2.7898329244782047, 'mean': -0.02414638413094667}
2024-09-02 19:25:10 - {'A1_std': 0.30079539100074343, 'phi1_std': 0.17756359226722562, 'A2_std': 0.3038156010251232, 'phi2_std': 0.17928847972303957, 'mean_std': 0.00603671967492344}
2024-09-02 19:25:53 - {'freq': '70-150', 'ant': 0, 'pol': 1, 'init_time': '2024-01-05', 'final_time': '2024-01-09'}
2024-09-02 19:25:53 - {'A1': 4.0616128113456975, 'phi1': 0.5260109610008467, 'A2': 3.965998827894796, 'phi2': 3.7167770770804407, 'mean': 0.06385306900944195}
2024-09-02 19:25:53 - {'A1_std': 0.21615372897565815, 'phi1_std': 0.04627168152242132, 'A2_std': 0.21482209095169852, 'phi2_std': 0.0479554215470252, 'mean_std': 0.00362206676850081}
2024-09-02 19:32:02 - {'freq': '70-150', 'ant': 0, 'pol': 1, 'init_time': '2024-01-05', 'final_time': '2024-01-09'}
2024-09-02 19:32:02 - {'A1': 197.4959259306249, 'phi1': -6.691005846191392, 'A2': 235.64136508065602, 'phi2': 2.7552649907751894, 'mean': -21286.949852145342}
2024-09-02 19:32:02 - {'A1_std': 40.56417626732323, 'phi1_std': 0.22646725082694966, 'A2_std': 40.37891659747988, 'phi2_std': 0.19057938864872342, 'mean_std': 0.023979545051406922}
2024-09-02 19:35:02 - -
2024-09-02 19:35:32 - -
2024-09-02 19:36:51 - -
2024-09-02 19:38:01 - -
2024-09-02 19:38:27 - -
2024-09-02 19:40:35 - -
2024-09-02 19:40:58 - -
2024-09-02 19:43:28 - -
2024-09-02 19:43:51 - -
2024-09-02 19:46:49 - -
2024-09-02 19:47:10 - -
2024-09-02 19:47:37 - -
2024-09-02 19:47:57 - -
2024-09-02 19:48:21 - -
2024-09-02 19:48:38 - -
2024-09-02 19:48:54 - -
2024-09-02 19:49:34 - -
2024-09-02 19:51:51 - -
2024-09-02 19:52:09 - -
2024-09-02 19:52:36 - -
2024-09-02 19:53:03 - -
2024-09-02 19:53:24 - -
2024-09-02 19:53:53 - -
2024-09-02 19:54:13 - -
2024-09-02 19:54:27 - -
2024-09-02 19:54:37 - -
2024-09-02 19:55:16 - -
2024-09-02 19:55:57 - -
2024-09-02 19:56:15 - -
2024-09-02 19:57:13 - -
2024-09-02 19:57:27 - -
2024-09-02 19:57:45 - -
2024-09-02 19:58:00 - -
2024-09-02 19:58:21 - -
2024-09-02 19:58:35 - -
2024-09-02 19:59:00 - -
2024-09-02 19:59:22 - -
2024-09-02 19:59:33 - -
2024-09-02 19:59:40 - -
2024-09-02 19:59:51 - -
2024-09-02 20:00:21 - -
2024-09-02 20:00:30 - -
2024-09-02 20:00:48 - -
2024-09-02 20:01:05 - -
2024-09-02 20:01:23 - -
2024-09-02 20:01:43 - -
2024-09-02 20:02:03 - -
2024-09-02 20:03:35 - -
2024-09-02 20:04:19 - -
2024-09-02 20:04:55 - -
2024-09-02 20:05:15 - -
2024-09-03 01:11:12 - -
2024-09-03 01:12:42 - -
2024-09-03 01:13:48 - -
2024-09-03 01:15:20 - -
2024-09-03 01:15:59 - -
2024-09-03 01:17:15 - -
2024-09-03 01:17:40 - -
2024-09-03 01:18:15 - -
2024-09-03 01:18:37 - -
2024-09-03 01:19:31 - -
2024-09-03 01:20:24 - -
2024-09-03 01:21:35 - -
2024-09-03 01:24:43 - -
2024-09-03 01:25:27 - -
2024-09-03 01:26:28 - -
2024-09-03 01:27:10 - -
2024-09-02 20:40:05 - -
2024-09-02 20:45:58 - -
2024-09-02 20:46:33 - -
2024-09-02 20:47:07 - -
2024-09-02 20:47:46 - -
2024-09-02 20:48:39 - -
2024-09-02 20:48:53 - -
2024-09-03 09:13:58 - -
2024-09-03 09:14:37 - -
2024-09-03 09:15:22 - -
2024-09-03 09:15:54 - -
2024-09-03 09:25:29 - -
2024-09-03 10:01:18 - -
